 XBVK      hdist:      61.7   amp:       13415.6 T:   0.0   ml =  4.14
 DQYH      hdist:      89.5   amp:        7353.0 T:   0.0   ml =  4.11
 MGUS      hdist:     126.7   amp:        4168.3 T:   0.0   ml =  4.10
 VOCA      hdist:     137.6   amp:        3701.4 T:   0.0   ml =  4.11
 RAWC      hdist:     135.6   amp:        3689.5 T:   0.0   ml =  4.10
 QYDI      hdist:     174.5   amp:        2415.1 T:   0.0   ml =  4.11
 HLUH      hdist:     174.5   amp:        2375.1 T:   0.0   ml =  4.10
 CBZA      hdist:      60.5   amp:         186.2 T:   0.0   ml =  2.27
 AVTK      hdist:      74.0   amp:         134.4 T:   0.0   ml =  2.25
 DQYH      hdist:     116.3   amp:          66.5 T:   0.0   ml =  2.25
 RAWC      hdist:     128.2   amp:          56.8 T:   0.0   ml =  2.25
 MGUS      hdist:     129.2   amp:          56.0 T:   0.0   ml =  2.25
 APSL      hdist:     141.1   amp:          47.6 T:   0.0   ml =  2.24
 HLUH      hdist:     201.7   amp:          24.6 T:   0.0   ml =  2.24
 RHPW      hdist:      92.2   amp:       12968.5 T:   0.0   ml =  4.38
 DQYH      hdist:     129.1   amp:        6808.1 T:   0.0   ml =  4.33
 DNOA      hdist:     136.9   amp:        6243.6 T:   0.0   ml =  4.34
 MGUS      hdist:     134.9   amp:        6092.3 T:   0.0   ml =  4.31
 FOUH      hdist:     152.6   amp:        5161.7 T:   0.0   ml =  4.33
 APSL      hdist:     150.6   amp:        5135.6 T:   0.0   ml =  4.32
 HLUH      hdist:     213.8   amp:        2540.1 T:   0.0   ml =  4.31
 LUEX      hdist:      84.1   amp:           7.2 T:   0.0   ml =  1.06
 AVTK      hdist:      90.2   amp:           6.5 T:   0.0   ml =  1.06
 MGUS      hdist:      93.4   amp:           6.1 T:   0.0   ml =  1.06
 VOCA      hdist:      96.5   amp:           6.0 T:   0.0   ml =  1.07
 DQYH      hdist:     104.3   amp:           5.3 T:   0.0   ml =  1.07
 CBZA      hdist:     110.1   amp:           4.7 T:   0.0   ml =  1.06
 RAWC      hdist:     112.1   amp:           4.5 T:   0.0   ml =  1.05
 XBVK      hdist:      43.7   amp:          98.1 T:   0.0   ml =  1.81
 CBZA      hdist:      81.4   amp:          35.0 T:   0.0   ml =  1.73
 DNOA      hdist:      88.4   amp:          31.8 T:   0.0   ml =  1.74
 FOUH      hdist:      93.4   amp:          31.6 T:   0.0   ml =  1.77
 APSL      hdist:     113.0   amp:          21.1 T:   0.0   ml =  1.73
 MGUS      hdist:     113.0   amp:          20.6 T:   0.0   ml =  1.72
 RAWC      hdist:     126.0   amp:          16.9 T:   0.0   ml =  1.71
 RHPW      hdist:      57.5   amp:         330.7 T:   0.0   ml =  2.49
 LUEX      hdist:      87.2   amp:         125.2 T:   0.0   ml =  2.33
 DNOA      hdist:      91.1   amp:         121.7 T:   0.0   ml =  2.34
 CBZA      hdist:     108.0   amp:          89.7 T:   0.0   ml =  2.32
 VOCA      hdist:     119.6   amp:          68.6 T:   0.0   ml =  2.28
 QYDI      hdist:     173.7   amp:          30.9 T:   0.0   ml =  2.21
 HLUH      hdist:     188.1   amp:          26.6 T:   0.0   ml =  2.22
 LUEX      hdist:      61.2   amp:         390.4 T:   0.0   ml =  2.60
 AVTK      hdist:      78.3   amp:         267.9 T:   0.0   ml =  2.59
 MGUS      hdist:     113.6   amp:         154.4 T:   0.0   ml =  2.59
 DQYH      hdist:     115.6   amp:         142.1 T:   0.0   ml =  2.57
 APSL      hdist:     125.6   amp:         124.2 T:   0.0   ml =  2.57
 VOCA      hdist:     144.5   amp:          93.6 T:   0.0   ml =  2.55
 RPKV      hdist:     189.4   amp:          61.2 T:   0.0   ml =  2.58
 RHPW      hdist:      51.3   amp:         225.0 T:   0.0   ml =  2.26
 XBVK      hdist:      62.6   amp:         119.7 T:   0.0   ml =  2.10
 LUEX      hdist:      87.6   amp:          67.7 T:   0.0   ml =  2.06
 AVTK      hdist:      95.1   amp:          56.2 T:   0.0   ml =  2.04
 MGUS      hdist:     103.6   amp:          47.8 T:   0.0   ml =  2.02
 RAWC      hdist:     117.2   amp:          38.9 T:   0.0   ml =  2.02
 HLUH      hdist:     188.5   amp:          14.6 T:   0.0   ml =  1.96
 XBVK      hdist:      44.5   amp:         397.0 T:   0.0   ml =  2.42
 LUEX      hdist:      70.4   amp:         164.6 T:   0.0   ml =  2.31
 DNOA      hdist:      80.2   amp:         145.0 T:   0.0   ml =  2.34
 FOUH      hdist:      91.0   amp:         120.1 T:   0.0   ml =  2.34
 APSL      hdist:     104.5   amp:          93.6 T:   0.0   ml =  2.32
 VOCA      hdist:     110.3   amp:          87.0 T:   0.0   ml =  2.33
 HLUH      hdist:     176.5   amp:          37.2 T:   0.0   ml =  2.31
 LUEX      hdist:      82.1   amp:         135.7 T:   0.0   ml =  2.32
 AVTK      hdist:      94.9   amp:         100.3 T:   0.0   ml =  2.29
 CBZA      hdist:      93.1   amp:          99.8 T:   0.0   ml =  2.27
 DNOA      hdist:     116.3   amp:          72.8 T:   0.0   ml =  2.28
 APSL      hdist:     130.6   amp:          57.2 T:   0.0   ml =  2.26
 FOUH      hdist:     133.4   amp:          54.2 T:   0.0   ml =  2.25
 HLUH      hdist:     205.2   amp:          21.9 T:   0.0   ml =  2.20
 RHPW      hdist:      57.8   amp:        6257.6 T:   0.0   ml =  3.77
 LUEX      hdist:      57.8   amp:        5367.4 T:   0.0   ml =  3.71
 CBZA      hdist:      76.7   amp:        3483.3 T:   0.0   ml =  3.69
 DNOA      hdist:     104.4   amp:        2297.6 T:   0.0   ml =  3.71
 APSL      hdist:     125.7   amp:        1706.5 T:   0.0   ml =  3.71
 RPKV      hdist:     170.7   amp:         889.6 T:   0.0   ml =  3.66
 QYDI      hdist:     178.6   amp:         827.8 T:   0.0   ml =  3.66
 LUEX      hdist:      49.1   amp:          66.6 T:   0.0   ml =  1.70
 CBZA      hdist:      61.2   amp:          43.9 T:   0.0   ml =  1.65
 XBVK      hdist:      79.9   amp:          35.3 T:   0.0   ml =  1.72
 MGUS      hdist:     132.8   amp:          14.8 T:   0.0   ml =  1.69
 RAWC      hdist:     136.7   amp:          13.9 T:   0.0   ml =  1.68
 APSL      hdist:     140.6   amp:          13.4 T:   0.0   ml =  1.69
 HLUH      hdist:     187.9   amp:           7.3 T:   0.0   ml =  1.65
 RHPW      hdist:      89.7   amp:           1.9 T:   0.0   ml =  0.53
 CBZA      hdist:      89.6   amp:           1.7 T:   0.0   ml =  0.48
 AVTK      hdist:      95.3   amp:           1.5 T:   0.0   ml =  0.46
 DNOA      hdist:     128.9   amp:           0.8 T:   0.0   ml =  0.40
 MGUS      hdist:     132.4   amp:           0.8 T:   0.0   ml =  0.42
 APSL      hdist:     143.2   amp:           0.7 T:   0.0   ml =  0.42
 VOCA      hdist:     159.7   amp:           0.5 T:   0.0   ml =  0.36
 RHPW      hdist:      68.4   amp:         419.9 T:   0.0   ml =  2.70
 XBVK      hdist:      76.0   amp:         323.2 T:   0.0   ml =  2.65
 DNOA      hdist:     116.5   amp:         159.8 T:   0.0   ml =  2.63
 MGUS      hdist:     129.1   amp:         131.2 T:   0.0   ml =  2.62
 RPKV      hdist:     176.3   amp:          64.4 T:   0.0   ml =  2.55
 QYDI      hdist:     187.1   amp:          59.4 T:   0.0   ml =  2.56
 HLUH      hdist:     187.1   amp:          56.8 T:   0.0   ml =  2.54
 XBVK      hdist:      30.4   amp:      262000.0 T:   0.0   ml =  5.03
 RHPW      hdist:      30.8   amp:      236000.0 T:   0.0   ml =  4.99
 LUEX      hdist:      58.3   amp:       97181.6 T:   0.0   ml =  4.97
 DQYH      hdist:      77.9   amp:       68667.5 T:   0.0   ml =  4.99
 DNOA      hdist:      83.8   amp:       60539.9 T:   0.0   ml =  4.98
 VOCA      hdist:     110.1   amp:       40473.3 T:   0.0   ml =  4.99
 APSL      hdist:     113.1   amp:       37885.9 T:   0.0   ml =  4.98
 LUEX      hdist:      66.6   amp:           5.5 T:   0.0   ml =  0.80
 CBZA      hdist:      85.6   amp:           3.6 T:   0.0   ml =  0.77
 DQYH      hdist:     107.6   amp:           2.6 T:   0.0   ml =  0.78
 FOUH      hdist:     110.5   amp:           2.6 T:   0.0   ml =  0.80
 APSL      hdist:     112.5   amp:           2.4 T:   0.0   ml =  0.78
 RPKV      hdist:     176.6   amp:           1.1 T:   0.0   ml =  0.78
 HLUH      hdist:     189.5   amp:           1.0 T:   0.0   ml =  0.80
 LUEX      hdist:      68.2   amp:        4768.2 T:   0.0   ml =  3.75
 DNOA      hdist:      86.9   amp:        3443.4 T:   0.0   ml =  3.76
 CBZA      hdist:      89.4   amp:        3063.1 T:   0.0   ml =  3.73
 FOUH      hdist:     103.9   amp:        2677.8 T:   0.0   ml =  3.77
 MGUS      hdist:     102.9   amp:        2496.5 T:   0.0   ml =  3.74
 APSL      hdist:     106.8   amp:        2406.9 T:   0.0   ml =  3.75
 RAWC      hdist:     113.7   amp:        2074.6 T:   0.0   ml =  3.72
 RHPW      hdist:      88.8   amp:        3743.3 T:   0.0   ml =  3.81
 LUEX      hdist:      92.9   amp:        3251.5 T:   0.0   ml =  3.78
 CBZA      hdist:     100.2   amp:        2729.0 T:   0.0   ml =  3.76
 AVTK      hdist:     107.1   amp:        2379.9 T:   0.0   ml =  3.74
 RAWC      hdist:     119.3   amp:        1959.2 T:   0.0   ml =  3.73
 DQYH      hdist:     139.8   amp:        1389.8 T:   0.0   ml =  3.70
 QYDI      hdist:     214.1   amp:         580.0 T:   0.0   ml =  3.67
 RHPW      hdist:      38.0   amp:          40.4 T:   0.0   ml =  1.34
 XBVK      hdist:      48.3   amp:          22.0 T:   0.0   ml =  1.21
 LUEX      hdist:      74.5   amp:          10.5 T:   0.0   ml =  1.15
 CBZA      hdist:      98.7   amp:           6.7 T:   0.0   ml =  1.14
 VOCA      hdist:     111.0   amp:           5.5 T:   0.0   ml =  1.13
 RPKV      hdist:     163.7   amp:           2.7 T:   0.0   ml =  1.11
 QYDI      hdist:     163.7   amp:           2.7 T:   0.0   ml =  1.11
 CBZA      hdist:      54.5   amp:           3.9 T:   0.0   ml =  0.53
 AVTK      hdist:      68.2   amp:           3.1 T:   0.0   ml =  0.57
 RHPW      hdist:      79.1   amp:           2.4 T:   0.0   ml =  0.55
 DQYH      hdist:     111.0   amp:           1.4 T:   0.0   ml =  0.54
 DNOA      hdist:     127.9   amp:           1.1 T:   0.0   ml =  0.53
 RAWC      hdist:     133.8   amp:           1.0 T:   0.0   ml =  0.52
 VOCA      hdist:     160.7   amp:           0.7 T:   0.0   ml =  0.51
