 Date    Origin    Lat      Long      Depth    Mag No Gap Dmin  Rms  Erh  Erz  Erx      Cvxy      Cvxz      Cvyz     Oterr
191231 2359 59.72 33 50.44  52 23.92   13.1    4.0 14 217 60.3 0.87  9.3  9.0  6.9 0.250E+02-0.131E+02-0.775E+01 0.216E+01
200101 0002  2.16 33 34.41  52 24.40   17.3    2.0 14 177 58.0 0.98 18.6 20.4 10.0 0.135E+03-0.184E+03-0.276E+03 0.223E+01
200101 0004  5.12 33 27.61  52 23.70   28.0    4.0 14 264 87.8 1.09 25.0 43.4 12.9 0.217E+03-0.403E+03-0.770E+03 0.239E+01
200101 0006  8.11 34  2.26  52 49.61   21.6    1.0 14 116 81.3 0.32  2.8  5.0  1.5 0.187E+00-0.124E+01-0.223E+00 0.879E+00
200101 0008 10.42 33 57.01  52 33.59    3.0    1.0 14 130 43.6 0.35  3.0  2.5  2.2-0.192E+01-0.235E+01 0.322E+01 0.963E+00
200101 0010 14.73 33 56.71  52 43.61   51.3    2.0 14 191 25.9 0.29  3.8  4.4  2.4-0.443E+01 0.323E+01-0.314E+01 0.760E+00
200101 0012 17.33 33 38.32  52 33.21   11.8    2.0 14 214 60.1 0.72 13.8 10.5  5.1 0.505E+02-0.389E+02-0.985E+02 0.170E+01
200101 0014 20.23 33 56.74  52 46.48   45.4    2.0 14 142 23.9 0.77  8.7 13.0  4.6 0.160E+02 0.184E+02 0.591E+02 0.194E+01
200101 0016 23.76 33 58.94  52 40.73   22.6    2.0 14 180 38.4 0.79  7.2  6.2  4.4-0.762E+01-0.741E+01 0.150E+02 0.197E+01
200101 0018 25.82 33 40.92  52 35.83   53.9    2.0 14 200 62.0 0.93 11.2 25.2  6.3-0.189E+02-0.799E+02-0.189E+02 0.222E+01
200101 0020 30.60 33 49.37  52 29.96   30.1    3.0 14 178 49.4 0.54  5.5  4.8  3.1-0.686E+01-0.275E+01 0.215E+01 0.135E+01
200101 0022 33.59 33 42.38  52 21.82   27.0    1.0 14 156 41.0 0.69  6.4  7.3  4.0-0.410E+00-0.184E+02 0.563E+01 0.177E+01
200101 0024 34.60 33 37.86  52 29.90   60.1    0.0 14 187 66.4 0.42  6.4 11.3  3.4-0.857E+01-0.230E+02 0.211E+02 0.113E+01
200101 0026 37.92 33 44.18  52 24.42   28.2    2.0 14 247 62.3 0.55  7.4  6.7  4.9 0.138E+02 0.625E+01 0.199E+01 0.128E+01
200101 0028 41.61 34  5.10  52 32.67    5.2    5.0 14 160 30.1 0.57  4.1  2.7  2.3-0.235E+01 0.780E+00 0.245E+01 0.154E+01
200101 0030 44.32 33 48.60  52 38.28   23.6    0.0 14 184 62.3 1.17 12.1 19.8  6.6-0.211E+02 0.897E+01-0.109E+03 0.277E+01
200101 0032 47.03 33 51.62  52 40.51   19.6    3.0 14 136 65.4 0.30  2.6  4.9  1.5-0.581E+00-0.221E+01-0.501E+00 0.814E+00
200101 0034 49.14 33 34.24  52 39.50   58.5    3.0 14 175 72.2 1.17 11.7 24.4  6.9 0.163E+02-0.248E+02 0.143E+02 0.267E+01
200101 0036 53.97 33 58.97  52 41.82   29.5    1.0 14 201 24.0 0.49  5.9  3.9  4.5-0.968E+01 0.710E+01 0.849E+00 0.127E+01
200101 0038 56.13 33 35.75  52 20.91   14.8    0.0 14 174 52.5 0.78  7.3  9.0  4.0 0.466E+01-0.156E+02-0.189E+02 0.199E+01
