 Date    Origin    Lat      Long      Depth    Mag No Gap Dmin  Rms  Erh  Erz  Erx      Cvxy      Cvxz      Cvyz     Oterr
120811 1223 15.60 38 24.90  46 47.81    4.1    6.0 28  45 24.0 0.33  1.9  3.2  1.3 0.273E+00-0.176E+00-0.202E+01 0.899E+00
120811 1228 46.33 38 25.88  46 46.87   21.7    3.0 33  43 12.7 0.19  1.1  1.1  0.9 0.507E-01-0.282E-01-0.274E+00 0.524E+00
120811 1249 15.71 38 22.99  46 41.53   12.2    4.0 23  97 31.4 0.29  1.9  2.4  1.1 0.368E-01-0.261E+00-0.181E+01 0.791E+00
120811 1314  5.64 38 22.61  46 40.13    4.2    4.0 26  46 14.1 0.27  1.5  3.1  1.0-0.122E+00-0.125E+00-0.111E+01 0.741E+00
120811 1323 15.07 38 29.65  46 43.56    8.2    3.0 33  53 28.4 0.25  1.4  1.8  0.9-0.394E-01-0.124E+00-0.926E+00 0.640E+00
120811 1342 11.70 38 24.40  46 40.87   12.4    4.0 27  43 33.0 0.38  2.2  2.3  1.5 0.359E+00-0.194E+00-0.105E+01 0.103E+01
120811 1414 53.77 38 29.67  46 42.31   26.6    2.0 33  54  3.4 0.23  1.4  1.5  1.0 0.616E-01-0.208E+00-0.566E+00 0.650E+00
120811 1425 15.45 38 25.70  46 40.83   11.8    4.0 21  75  8.5 0.23  1.3  1.9  0.9 0.871E-01 0.364E-01-0.270E+00 0.624E+00
120811 1455 57.31 38 26.00  46 44.43    5.7    3.0 33  43 10.1 0.23  1.3  1.8  0.9 0.205E-01-0.215E+00-0.798E+00 0.641E+00
120811 1521 14.69 38 26.67  46 47.13   16.2    4.0 26  65 26.4 0.34  2.0  1.9  1.5 0.265E+00-0.440E+00-0.174E+00 0.911E+00
120811 1600 50.38 38 24.92  46 47.34   15.2    4.0 27  50 24.6 0.27  1.5  1.6  1.1 0.105E+00-0.297E+00-0.356E+00 0.738E+00
120811 1615  4.21 38 25.33  46 40.14   15.6    2.0 33  44  9.1 0.27  1.5  1.4  1.0 0.139E+00-0.240E+00-0.287E+00 0.744E+00
120811 1621 52.95 38 24.83  46 38.76   19.3    4.0 22  50 36.2 0.28  1.9  1.9  1.3 0.248E+00-0.175E+00-0.143E+01 0.775E+00
120811 1634 32.59 38 26.51  46 39.54   14.3    3.0 32  40  7.0 0.31  1.8  2.0  1.2 0.369E+00-0.395E+00-0.134E+01 0.841E+00
120811 1737 58.56 38 23.99  46 52.02   21.7    2.0 33  46 17.8 0.28  1.7  1.5  1.2 0.105E-01 0.152E+00-0.476E+00 0.765E+00
120811 1745 44.49 38 24.45  46 47.46    8.0    2.0 33  45 15.2 0.31  1.8  2.4  1.2-0.157E-01-0.992E+00-0.135E+01 0.843E+00
120811 1749 25.51 38 25.63  46 49.63   15.3    2.0 32  44 22.3 0.31  2.2  2.7  1.3-0.505E-03-0.470E+00-0.363E+01 0.847E+00
120811 1758 33.28 38 22.99  46 48.03    8.2    4.0 31  47 17.7 0.25  1.5  2.0  1.2 0.100E+00-0.101E+01-0.794E+00 0.700E+00
120811 1813  3.35 38 22.90  46 38.85    4.1    3.0 30  45 13.7 0.20  1.2  1.8  0.8 0.797E-01 0.435E-01-0.687E+00 0.557E+00
120811 1821 44.62 38 26.38  46 42.55   18.5    2.0 33  42 30.4 0.26  1.7  2.0  1.1 0.966E-01-0.162E+00-0.175E+01 0.725E+00
120811 1912  4.76 38 25.95  46 47.82   19.2    2.0 33  51 24.9 0.30  1.8  2.0  1.2 0.122E+00-0.416E+00-0.128E+01 0.834E+00
120811 1929 29.44 38 26.32  46 47.50   26.1    2.0 33  52 23.3 0.22  1.3  1.5  0.9 0.957E-01-0.155E+00-0.505E+00 0.619E+00
120811 1930 45.25 38 25.90  46 55.66   22.5    2.0 32  57 16.1 0.34  2.2  2.3  1.5-0.495E+00 0.866E+00-0.162E+01 0.938E+00
120811 1940 17.42 38 26.55  46 48.51   20.1    2.0 33  43 14.0 0.34  2.0  2.1  1.4 0.109E+00 0.686E+00-0.432E+00 0.940E+00
120811 2010 30.25 38 25.72  46 46.23   13.6    3.0 29  55 12.2 0.31  1.8  1.7  1.3 0.558E-01-0.350E+00-0.696E+00 0.861E+00
120811 2029 18.97 38 22.20  46 51.15   10.0    2.0 33  48 17.6 0.51  2.5  3.5  1.8 0.134E+00 0.114E+01-0.109E+01 0.139E+01
120811 2037 27.56 38 27.59  46 47.64   19.5    2.0 33  41 26.8 0.21  1.2  1.0  0.9 0.636E-01-0.139E+00-0.257E+00 0.577E+00
120811 2045 46.73 38 24.95  46 41.02   11.9    2.0 33  50  9.9 0.58  3.4  3.7  2.3 0.147E+01-0.199E+01-0.409E+01 0.159E+01
120811 2113 21.43 38 26.21  46 39.92   11.2    2.0 33  41  7.5 0.25  1.6  1.9  1.1 0.481E+00-0.760E+00-0.110E+01 0.698E+00
120811 2118 35.19 38 26.26  46 43.37   18.6    2.0 33  42 30.9 0.36  2.2  2.4  1.4 0.511E+00-0.697E+00-0.232E+01 0.994E+00
120811 2121 14.07 38 27.02  46 47.97   17.4    2.0 32  44 12.9 0.30  1.7  1.6  1.2 0.349E+00-0.301E+00-0.918E+00 0.735E+00
120811 2133 50.74 38 26.51  46 51.03   18.9    3.0 33  44 18.3 0.36  2.2  2.1  1.4 0.240E+00-0.257E+00-0.202E+01 0.985E+00
120811 2204 32.48 38 24.72  46 42.38   13.8    3.0 31  44 10.7 0.28  1.7  1.7  1.1-0.308E+00 0.293E+00-0.880E+00 0.767E+00
120811 2212 46.95 38 24.71  46 45.16   15.9    3.0 31  44 27.4 0.28  1.7  1.5  1.0-0.686E-01-0.432E-01-0.490E+00 0.766E+00
120811 2340 52.89 38 28.46  46 47.78   14.5    2.0 33  43 11.7 0.26  1.5  1.5  1.0 0.821E-02-0.150E+00-0.548E+00 0.713E+00
120811 2358 13.67 38 27.23  46 42.56   10.8    3.0 25  80  6.6 0.25  1.7  1.9  1.0 0.356E+00-0.695E+00-0.119E+01 0.707E+00
120812 0010 52.88 38 23.70  46 42.15    4.6    2.0 32  45 12.5 0.19  1.1  1.7  0.7-0.983E-01 0.495E-01-0.556E+00 0.532E+00
120812 0015 22.95 38 26.38  46 45.80   16.3    3.0 29  50 25.7 0.18  1.3  1.3  0.7-0.303E+00 0.152E+00-0.788E+00 0.512E+00
120812 0034 16.52 38 25.43  46 46.36   19.0    3.0 23  86 12.8 0.31  2.2  1.7  1.3-0.311E+00 0.354E+00-0.117E+01 0.858E+00
120812 0041 26.64 38 28.65  46 44.24   20.1    2.0 33  39  6.7 0.28  1.8  1.7  1.1-0.157E+00 0.346E+00-0.734E+00 0.770E+00
120812 0135 50.44 38 25.80  46 44.78    6.9    2.0 33  89 10.7 0.15  1.0  1.2  0.6 0.815E-01-0.197E+00-0.318E+00 0.421E+00
120812 0224 43.35 38 26.80  46 46.47   11.1    3.0 24  61 27.4 0.35  2.3  2.6  1.6 0.464E+00-0.143E+01-0.213E+01 0.943E+00
120812 0232 17.41 38 22.99  46 42.00   17.8    1.0 33  46 13.7 0.17  1.0  0.9  0.7-0.355E-01-0.921E-02-0.116E+00 0.490E+00
120812 0328  0.85 38 28.17  46 44.59   10.0    2.0 33  64 31.1 0.56  2.9  4.0  2.0 0.371E+00-0.298E+00-0.296E+01 0.151E+01
120812 0410 44.54 38 24.06  46 52.35   26.3    2.0 33  46 17.4 0.25  1.6  1.6  1.0 0.664E-01-0.371E+00-0.725E+00 0.704E+00
120812 0435 39.63 38 29.57  46 43.70   14.1    2.0 33  60  5.4 0.30  1.8  1.6  1.3 0.523E+00-0.577E+00-0.775E+00 0.834E+00
120812 0440 40.82 38 26.21  46 45.00    6.8    2.0 33  86 26.9 0.24  1.3  2.2  0.9 0.182E+00-0.480E+00-0.472E+00 0.673E+00
120812 0513 20.94 38 29.07  46 50.46    4.1    2.0 33  47 15.2 0.27  1.5  3.1  1.0 0.221E-01-0.166E+00-0.176E+01 0.751E+00
120812 0517 53.79 38 18.79  46 55.02   30.5    2.0 33  52 10.9 0.18  1.2  1.1  0.9-0.745E-02-0.228E+00-0.438E+00 0.520E+00
120812 0537 56.03 38 26.09  46 47.34    8.5    2.0 33  51 13.1 0.29  1.7  1.9  1.0 0.552E-01-0.116E+00-0.100E+01 0.797E+00
120812 0603 58.07 38 27.42  46 46.56    7.9    2.0 33  41 10.8 0.21  1.2  1.8  0.8 0.898E-02-0.492E+00-0.664E+00 0.589E+00
120812 0617 50.17 38 25.74  46 50.72    8.2    2.0 33  62 17.6 0.29  1.7  2.3  1.0 0.141E+00-0.301E+00-0.133E+01 0.797E+00
120812 0629 57.34 38 20.44  46 44.13   29.3    1.0 33  51 19.1 0.26  1.7  1.6  1.1 0.118E+00-0.120E+00-0.108E+01 0.715E+00
120812 0640 44.64 38 22.81  46 38.40   19.0    4.0 26  58 35.8 0.28  1.8  1.6  1.1-0.333E+00 0.130E+00-0.458E+00 0.776E+00
120812 0722 55.58 38 26.08  46 46.58   18.0    3.0 32  43 26.6 0.27  1.7  1.7  1.0-0.642E-01-0.936E-01-0.140E+01 0.715E+00
120812 0726 53.35 38 27.38  46 42.89   15.1    2.0 32  40  6.7 0.29  1.7  1.5  1.2 0.224E+00-0.342E+00-0.574E+00 0.805E+00
120812 0729 28.91 38 23.79  46 52.57   21.6    2.0 33  46 16.9 0.23  1.4  2.1  0.9-0.123E+00 0.143E+00-0.102E+01 0.649E+00
120812 0733  3.18 38 25.12  46 41.76    9.6    2.0 32  43 32.2 0.45  2.9  4.2  1.8 0.102E+01-0.205E+01-0.630E+01 0.123E+01
120812 0736 35.79 38 26.13  46 46.94   15.0    2.0 32  55 12.6 0.29  1.8  1.8  1.2-0.159E-01-0.444E+00-0.105E+01 0.800E+00
120812 0801 20.29 38 24.90  46 48.42   20.9    2.0 32  60 15.6 0.31  2.0  1.9  1.3-0.155E+00 0.454E+00-0.844E+00 0.843E+00
120812 0803 43.99 38 26.25  46 44.95   17.9    2.0 33  54 10.2 0.26  1.6  1.4  1.1 0.585E-01-0.538E+00-0.689E+00 0.721E+00
120812 1015 33.60 38 25.90  46 44.79   19.0    3.0 31  50 10.6 0.23  1.4  1.3  0.9 0.378E-01-0.505E-01-0.636E+00 0.649E+00
120812 1029 28.05 38 23.77  46 38.02    8.3    2.0 33  52 12.3 0.24  1.4  1.4  0.9 0.223E+00-0.156E-01-0.208E+00 0.654E+00
120812 1121 16.36 38 26.18  46 42.93   18.4    2.0 33  42 31.4 0.19  1.2  1.2  0.8-0.328E-01-0.605E-01-0.595E+00 0.526E+00
120812 1151 31.77 38 23.51  46 47.38   14.6    3.0 32  46 16.4 0.25  1.4  1.7  1.0-0.238E-01-0.207E+00-0.754E+00 0.685E+00
120812 1419  8.97 38 26.00  46 47.56   17.7    3.0 31  43 25.3 0.22  1.3  1.4  0.9 0.199E-01-0.169E+00-0.741E+00 0.603E+00
120812 1515 10.26 38 26.40  46 50.45   14.9    2.0 33  43 16.7 0.24  1.4  1.4  1.0-0.115E+00-0.229E+00-0.544E+00 0.653E+00
120812 1559 25.57 38 26.47  46 48.13   13.8    2.0 33  46 13.6 0.21  1.3  1.2  0.8-0.816E-01-0.680E-02-0.488E+00 0.595E+00
120812 1718 30.79 38 27.32  46 44.48   18.0    2.0 32  41  8.4 0.26  1.6  1.4  1.1 0.411E+00-0.361E+00-0.589E+00 0.717E+00
120812 1844 22.19 38 24.54  46 50.92   16.7    2.0 32  46 19.0 0.23  1.5  1.4  1.0 0.379E+00-0.605E+00-0.482E+00 0.636E+00
120812 1846 40.35 38 23.69  46 50.28   14.1    2.0 32  46 19.2 0.33  2.0  2.0  1.3 0.379E+00-0.650E+00-0.104E+01 0.922E+00
120812 1928  4.82 38 26.89  46 48.58   20.4    1.0 32  52 13.8 0.37  2.4  2.3  1.6 0.858E+00-0.146E+00-0.807E+00 0.101E+01
120812 1929 56.70 38 25.32  46 47.55   20.2    2.0 33  51 14.2 0.29  1.8  2.0  1.2-0.336E+00 0.587E+00-0.133E+01 0.799E+00
120812 2004 31.14 38 29.25  46 46.24   17.1    1.0 33  60  9.1 0.29  1.7  1.4  1.1 0.970E-01-0.142E+00-0.610E+00 0.795E+00
120812 2009 35.73 38 25.45  46 52.13   16.1    2.0 32  50 19.2 0.27  1.7  1.3  1.1 0.913E-02 0.142E+00-0.545E+00 0.736E+00
120812 2011  2.41 38 26.35  46 41.24   11.3    1.0 32  41  7.4 0.36  2.1  2.3  1.5 0.161E+00-0.114E+01-0.408E+00 0.995E+00
120812 2126 31.96 38 22.90  46 40.43    8.1    2.0 33  55 13.6 0.21  1.2  1.4  0.8-0.182E-01-0.749E-01-0.425E+00 0.573E+00
120812 2133 17.98 38 26.94  46 47.81    4.4    3.0 31  42 12.8 0.20  1.1  2.4  0.8 0.676E-01-0.251E+00-0.109E+01 0.563E+00
120812 2201 16.02 38 27.30  46 42.80   13.9    2.0 32  40  6.7 0.27  1.7  1.5  1.1 0.919E-01-0.331E+00-0.951E+00 0.739E+00
120812 2205 43.22 38 26.31  46 47.53   15.7    2.0 32  52 13.1 0.29  1.8  1.7  1.1 0.196E+00-0.273E+00-0.846E+00 0.815E+00
120812 2245 49.42 38 26.44  46 43.02   14.9    1.0 32  52  8.2 0.36  2.2  1.9  1.5 0.236E+00-0.956E+00-0.792E+00 0.992E+00
120812 2257  7.71 38 29.62  46 54.34   17.6    2.0 33  52 12.7 0.35  2.4  2.3  1.6 0.705E+00-0.141E+01-0.241E+01 0.978E+00
120812 2302  3.97 38 22.79  46 50.82   18.8    2.0 33  62 20.8 0.42  2.5  2.3  1.8 0.161E-01-0.157E+01-0.110E+01 0.115E+01
120812 2316 13.25 38 23.10  46 40.70    9.2    1.0 33  45 13.2 0.24  1.4  1.5  1.0-0.862E-01-0.271E+00-0.335E+00 0.679E+00
120812 2358 41.68 38 27.47  46 53.77   14.7    1.0 32  56 20.1 0.28  1.7  1.7  1.1 0.196E+00-0.456E+00-0.870E+00 0.770E+00
120813 0007 54.24 38 24.87  46 40.43   17.7    2.0 33  43  9.9 0.25  1.4  1.4  1.0 0.823E-01 0.115E+00-0.383E+00 0.704E+00
120813 0018  2.80 38 26.67  46 53.77    7.3    3.0 31  57 19.0 0.30  1.7  3.8  1.2 0.118E+00-0.107E+01-0.295E+01 0.820E+00
120813 0022  8.64 38 25.54  46 41.87   19.1    3.0 31  56  9.1 0.29  1.6  1.3  1.2 0.146E+00 0.550E-01-0.118E+00 0.788E+00
120813 0102 22.69 38 26.43  46 47.39   19.3    1.0 33  43 12.8 0.21  1.4  1.1  1.0 0.320E+00-0.315E+00-0.424E+00 0.595E+00
120813 0129 26.95 38 28.07  46 46.37   10.0    2.0 33  41 24.4 0.47  2.4  3.3  1.6 0.109E+00-0.295E+00-0.279E+01 0.127E+01
120813 0138 46.92 38 26.73  46 50.72   15.6    1.0 33  51 16.8 0.25  1.5  1.2  1.0-0.999E-02-0.179E+00-0.452E+00 0.697E+00
120813 0156 10.07 38 27.16  46 41.67   16.1    4.0 21  53 33.8 0.31  2.0  2.0  1.3-0.702E-01 0.714E-01-0.126E+01 0.847E+00
120813 0358 29.33 38 27.75  46 52.02   10.0    2.0 33  49 16.3 0.60  2.9  3.7  2.1 0.160E+00-0.146E+01-0.171E+01 0.163E+01
120813 0415 52.59 38 23.32  46 40.88   19.2    3.0 20  52 32.5 0.25  1.5  1.3  1.2 0.855E-01-0.168E+00-0.158E+00 0.686E+00
120813 0522 29.01 38 23.31  46 39.63   18.5    2.0 33  44 12.8 0.17  1.0  1.0  0.7 0.251E-01-0.193E+00-0.250E+00 0.471E+00
120813 0658 22.20 38 26.55  46 40.36   16.3    3.0 32  50  6.8 0.24  1.4  1.4  0.9 0.147E+00-0.204E+00 0.257E-01 0.654E+00
120813 0728 30.72 38 22.79  46 46.87   16.6    3.0 31  49 23.8 0.21  1.4  1.1  0.8 0.702E-01-0.108E+00-0.350E+00 0.602E+00
120813 0750 54.44 38 25.04  46 38.77    4.1    2.0 33  42  9.8 0.23  1.3  2.5  1.0 0.144E+00-0.182E-01-0.827E+00 0.642E+00
120813 0816 50.13 38 26.68  46 53.28    4.1    4.0 28  50 19.5 0.47  2.7  6.5  1.7-0.750E+00 0.622E+00-0.826E+01 0.122E+01
120813 1028 13.87 38 25.73  46 41.55    8.6    1.0 33  42  8.6 0.16  0.9  1.1  0.6 0.601E-01-0.439E-01-0.219E+00 0.461E+00
120813 1029 30.59 38 23.81  46 37.74    0.0    2.0 33  70 37.1 0.52  3.0  3.5  1.8-0.843E-02-0.435E+00-0.242E+01 0.141E+01
120813 1045 44.42 38 27.48  46 36.89   20.7    4.0 23  46  6.9 0.33  2.2  2.3  1.5-0.342E+00 0.259E-01-0.173E+01 0.910E+00
120813 1147 52.47 38 26.42  46 51.30    4.1    1.0 33  50 21.2 0.15  0.8  1.4  0.5-0.254E-01 0.111E-01-0.409E+00 0.406E+00
120813 1207 37.70 38 25.34  46 34.70   10.0    2.0 33  39 12.0 0.55  3.0  3.5  2.0 0.138E+00-0.228E+00-0.232E+01 0.150E+01
120813 1245 58.00 38 27.10  46 44.03   18.4    3.0 30  61 30.7 0.29  2.1  2.5  1.3 0.141E+00-0.899E+00-0.305E+01 0.811E+00
120813 1253 47.41 38 26.45  46 42.21   11.3    3.0 31  41 32.6 0.28  1.6  2.2  1.1-0.160E+00-0.486E+00-0.764E+00 0.783E+00
120813 1331 40.59 38 23.83  46 51.02   15.2    1.0 33  46 18.9 0.25  1.5  1.6  1.0-0.188E-01 0.115E+00-0.843E+00 0.704E+00
120813 1357  3.44 38 27.27  46 42.37    4.1    1.0 33  43  6.4 0.26  1.4  2.6  1.1 0.619E-01-0.781E+00-0.169E+00 0.714E+00
120813 1402 43.08 38 21.08  46 42.89   15.1    1.0 33  49 17.4 0.27  1.6  1.6  1.0-0.974E-01-0.598E-01-0.873E+00 0.734E+00
120813 1506 34.71 38 24.61  46 40.63    4.1    2.0 33  59 10.4 0.29  1.6  2.8  1.1 0.415E-01-0.413E+00-0.987E+00 0.803E+00
120813 1532 15.91 38 26.27  46 46.32   14.9    2.0 33  47 11.7 0.26  1.7  1.7  1.0-0.801E-01-0.362E-01-0.137E+01 0.726E+00
120813 1614 40.72 38 29.83  46 40.43   21.9    2.0 33  46 32.9 0.21  1.3  1.4  0.8-0.565E-01 0.243E+00-0.599E+00 0.580E+00
120813 1631 48.46 38 24.13  46 41.14    0.0    1.0 33  44 11.4 0.61  3.2  3.7  2.3-0.158E+00 0.707E+00-0.134E+01 0.167E+01
120813 1708 41.93 38 26.76  46 40.72    4.1    2.0 33  40  6.5 0.26  1.4  2.6  1.0-0.870E-01 0.154E+00-0.790E+00 0.725E+00
120813 1831 11.29 38 24.41  46 47.71   10.0    1.0 33  51 24.2 0.58  2.8  3.3  2.0-0.227E+00 0.465E+00-0.630E+00 0.154E+01
120813 1840  5.65 38 26.17  46 40.18   17.3    3.0 32  53 35.1 0.42  2.5  2.8  1.8 0.315E+00-0.834E+00-0.274E+01 0.116E+01
120813 1943 22.13 38 25.92  46 37.97   18.9    3.0 32  48  8.6 0.29  1.7  1.6  1.2 0.231E+00-0.175E+00-0.768E+00 0.803E+00
120813 1955 52.89 38 21.54  46 42.45   29.0    1.0 33  53 16.5 0.22  1.4  1.1  1.0 0.139E+00-0.213E+00-0.349E+00 0.620E+00
120813 2012 43.06 38 24.62  46 52.63   10.0    2.0 33  50 17.7 0.26  1.5  1.6  1.0 0.262E+00-0.651E-01-0.609E+00 0.717E+00
120813 2022 37.73 38 23.43  46 59.80    4.1    1.0 33  54  9.0 0.22  1.3  2.0  0.9-0.458E-01-0.154E-01-0.818E+00 0.613E+00
120813 2029 52.42 38 31.42  46 46.02   10.0    1.0 33  45  8.9 0.52  2.8  3.6  2.0 0.622E+00-0.767E+00-0.333E+01 0.140E+01
120813 2044 57.44 38 22.32  46 49.16    8.1    1.0 33  48 20.4 0.25  1.4  1.6  1.0-0.128E-01-0.773E-02-0.659E+00 0.697E+00
120813 2057  7.01 38 23.43  46 38.50    0.0    1.0 33  44 12.8 0.44  2.2  3.1  1.6-0.237E-01-0.628E+00-0.410E+00 0.121E+01
120813 2101 40.68 38 23.23  46 40.22   10.0    1.0 33  52 33.4 0.56  2.8  3.7  1.9 0.191E+00 0.433E+00-0.125E+01 0.150E+01
120813 2110 31.61 38 29.48  46 46.36   12.5    1.0 33  42 30.4 0.27  1.7  2.0  1.1 0.283E-01-0.101E+00-0.159E+01 0.737E+00
120813 2118 46.07 38 22.96  46 47.09   17.4    1.0 33  49 23.6 0.21  1.2  1.0  0.8 0.292E-01 0.483E-01-0.203E+00 0.578E+00
120813 2125 25.31 38 27.09  46 47.62   18.6    1.0 33  46 26.3 0.22  1.4  1.2  1.0 0.505E-01 0.301E+00-0.475E+00 0.596E+00
120813 2129  6.40 38 24.61  46 50.95   21.4    1.0 33  50 19.7 0.24  1.5  1.9  1.0-0.126E+00 0.497E+00-0.124E+01 0.656E+00
120813 2133 29.95 38 26.81  46 40.93   16.4    1.0 33  40  6.5 0.25  1.4  1.2  1.0 0.106E+00-0.148E+00-0.324E+00 0.698E+00
120813 2237  4.63 38 22.85  46 41.28   18.8    3.0 28  52 31.7 0.24  1.5  1.5  1.0 0.242E+00-0.113E+00-0.545E+00 0.654E+00
120813 2322 37.18 38 25.96  46 44.64    8.3    1.0 33  50 10.3 0.16  1.0  1.0  0.6 0.169E+00-0.285E-01-0.178E+00 0.451E+00
120813 2343 33.92 38 23.06  46 50.84   11.5    1.0 33  47 18.5 0.21  1.3  1.6  0.8-0.653E-03 0.160E+00-0.101E+01 0.581E+00
120814 0132 41.93 38 26.80  46 41.95    7.1    2.0 33  66  6.9 0.25  1.3  2.0  0.9 0.296E-01-0.730E-01-0.396E+00 0.699E+00
120814 0139 59.48 38 28.05  46 42.56   18.7    1.0 33  40 29.9 0.17  1.2  1.2  0.7-0.635E-01 0.868E-01-0.743E+00 0.480E+00
120814 0149 20.32 38 25.23  46 41.88   17.0    3.0 30  75  9.6 0.33  2.0  1.7  1.4 0.339E+00 0.115E+00-0.433E+00 0.916E+00
120814 0200 50.96 38 28.73  46 41.78    4.2    2.0 33  39  3.7 0.25  1.4  1.8  1.0 0.206E-01-0.439E+00-0.643E+00 0.699E+00
120814 0237  7.14 38 25.57  46 47.94   14.7    2.0 33  44 14.3 0.17  1.1  1.3  0.7 0.497E-01-0.167E+00-0.571E+00 0.489E+00
120814 0346 54.53 38 25.88  46 47.84   17.3    2.0 33  47 13.9 0.24  1.2  1.2  0.8 0.837E-01-0.215E+00-0.543E+00 0.556E+00
120814 0408 43.69 38 26.44  46 38.85   10.0    2.0 33  40 37.1 0.45  2.4  3.4  1.5 0.366E-01 0.695E-01-0.270E+01 0.122E+01
120814 0452 17.90 38 25.99  46 39.09   19.5    2.0 33  41  8.0 0.18  1.1  0.9  0.8-0.243E-02 0.603E-01-0.226E+00 0.505E+00
120814 0528 13.22 38 26.80  46 48.06   17.4    3.0 29  52 13.2 0.27  1.9  2.0  1.2 0.460E+00-0.403E+00-0.208E+01 0.758E+00
120814 0658 45.78 38 23.65  46 38.91   16.2    1.0 33  44 35.4 0.24  1.4  1.3  1.0 0.152E+00-0.245E+00-0.333E+00 0.662E+00
120814 0811 49.20 38 22.92  46 39.10   14.8    2.0 33  49 34.9 0.19  1.1  1.2  0.8 0.543E-01-0.110E+00-0.353E+00 0.531E+00
120814 1028 44.30 38 25.29  46 42.71   13.0    3.0 29  43 31.1 0.27  1.8  2.2  1.1-0.130E+00-0.255E-01-0.209E+01 0.754E+00
120814 1050 24.97 38 29.57  46 47.85   14.3    2.0 33  51 28.9 0.23  1.4  1.4  1.0-0.210E-01-0.164E-01-0.635E+00 0.646E+00
120814 1117 14.30 38 23.35  46 39.36    4.1    1.0 33  44 12.8 0.19  1.1  1.9  0.8 0.241E-01-0.371E+00-0.485E+00 0.539E+00
120814 1144 11.97 38 26.40  46 41.13    4.1    1.0 33  41 34.0 0.19  1.0  2.2  0.7 0.346E-01-0.287E+00-0.390E+00 0.535E+00
120814 1242 55.58 38 24.73  46 40.75   19.2    2.0 33  50 33.4 0.29  1.9  1.7  1.2 0.379E-01 0.223E+00-0.140E+01 0.792E+00
120814 1331  3.61 38 26.46  46 42.16   17.2    2.0 33  41  7.6 0.27  1.7  1.4  1.1-0.221E+00 0.213E+00-0.838E+00 0.745E+00
120814 1402 25.80 38 28.74  46 46.72   18.1    5.0 29  53 29.1 0.25  1.5  1.5  1.1 0.897E-01 0.439E+00-0.441E+00 0.691E+00
120814 1548 20.22 38 26.20  46 38.31   16.4    3.0 25  84 37.6 0.34  2.2  2.4  1.4 0.639E+00-0.224E+00-0.200E+01 0.941E+00
120814 1607  9.02 38 23.21  46 51.82   12.4    1.0 33  50 17.4 0.22  1.4  1.8  0.8-0.313E-01-0.190E+00-0.128E+01 0.620E+00
120814 1630 46.29 38 24.11  46 46.26   17.0    2.0 33  45 14.5 0.24  1.4  1.3  1.0-0.148E+00-0.100E+00-0.597E+00 0.655E+00
120814 1636 24.91 38 24.71  46 42.77   17.8    3.0 28  44 30.6 0.32  2.0  2.2  1.3 0.378E+00-0.825E+00-0.207E+01 0.870E+00
120814 1705 18.37 38 26.00  46 38.67    6.0    1.0 33  40  8.1 0.28  1.5  2.1  1.1-0.299E-01 0.339E-01-0.485E+00 0.786E+00
120814 1709 10.03 38 25.15  46 42.97   18.8    3.0 31  53 30.6 0.40  2.4  2.6  1.5-0.149E+00 0.300E+00-0.232E+01 0.111E+01
120814 1716 26.27 38 26.41  46 46.49    4.1    2.0 33  50 24.7 0.18  1.0  1.7  0.7 0.629E-01-0.153E+00-0.281E+00 0.512E+00
120814 1853 41.40 38 24.39  46 38.99   14.2    2.0 33  49 10.9 0.32  1.8  1.8  1.3-0.134E+00 0.105E+00-0.855E+00 0.890E+00
120814 2020 33.42 38 25.63  46 39.32   14.2    3.0 31  58 35.9 0.32  1.9  2.1  1.3-0.321E+00-0.292E+00-0.113E+01 0.885E+00
120814 2129  4.54 38 26.04  46 52.97   16.9    1.0 33  54 19.0 0.15  1.0  0.9  0.7-0.614E-01-0.596E-01-0.343E+00 0.434E+00
120814 2132 40.41 38 25.18  46 46.58   16.0    1.0 33  44 13.3 0.21  1.2  1.3  0.8-0.973E-01-0.121E+00-0.528E+00 0.572E+00
120814 2210 18.06 38 25.19  46 39.75   10.0    2.0 33  50  9.4 0.53  2.6  3.5  1.9-0.109E-01-0.855E+00-0.375E+00 0.144E+01
120814 2241 54.79 38 22.65  46 42.90   10.8    1.0 33  51 14.6 0.22  1.3  1.4  0.9 0.838E-01-0.229E+00-0.480E+00 0.607E+00
120814 2307 43.22 38 22.89  46 45.01    4.1    1.0 33  47 26.5 0.17  1.0  2.2  0.7 0.550E-01-0.245E+00-0.638E+00 0.494E+00
120814 2333 31.00 38 24.26  46 46.85   19.1    1.0 33  45 24.8 0.20  1.2  1.2  0.8 0.162E+00-0.850E-01-0.461E+00 0.550E+00
120814 2342  5.75 38 23.52  46 42.93   12.8    1.0 33  45 29.7 0.25  1.5  1.7  1.0 0.820E-01-0.138E+00-0.102E+01 0.694E+00
120815 0042 47.36 38 23.19  46 43.52   16.8    1.0 33  46 14.0 0.16  1.0  0.9  0.7 0.263E-01-0.656E-01-0.225E+00 0.450E+00
120815 0135 40.14 38 26.55  46 40.73   19.4    1.0 33  41  6.9 0.23  1.4  1.1  0.9-0.150E+00 0.129E+00-0.263E+00 0.639E+00
120815 0143 13.23 38 22.93  46 42.25   17.8    1.0 33  46 13.9 0.21  1.3  1.1  0.9 0.205E-01-0.415E-01-0.279E+00 0.598E+00
120815 0303 30.73 38 30.29  46 37.35   19.5    1.0 33  67  4.0 0.21  1.3  1.1  0.8-0.282E-01-0.108E+00-0.388E+00 0.578E+00
120815 0341 30.69 38 26.22  46 47.76   17.0    3.0 26  86 25.2 0.27  1.7  2.1  1.1 0.435E-01-0.586E+00-0.155E+01 0.740E+00
120815 0429 40.15 38 24.03  46 48.96   10.1    3.0 31  59 21.8 0.37  2.3  2.5  1.4 0.982E-01 0.543E+00-0.225E+01 0.102E+01
120815 0526 26.98 38 26.55  46 46.68    8.1    2.0 33  42 24.4 0.29  1.7  2.5  1.2 0.218E+00-0.689E+00-0.163E+01 0.812E+00
120815 0539 51.33 38 26.78  46 41.28   15.6    2.0 33  41  6.6 0.26  1.5  1.4  1.2 0.145E+00-0.331E+00-0.455E+00 0.707E+00
120815 0712 13.91 38 24.15  46 38.93    0.0    2.0 33  46 11.4 0.56  2.8  3.5  2.1 0.268E+00 0.129E+01-0.685E+00 0.151E+01
120815 0839 21.78 38 25.67  46 50.85    7.0    3.0 33  48 20.9 0.27  1.5  2.2  1.0 0.116E+00-0.130E+00-0.127E+01 0.742E+00
120815 0903 48.18 38 26.69  46 42.07   18.6    2.0 33  48  7.2 0.26  1.5  1.3  1.1 0.164E+00-0.120E+00-0.580E+00 0.720E+00
120815 0937 47.23 38 21.58  46 40.88    4.1    1.0 33  48 16.1 0.29  1.6  2.5  1.1 0.104E+00-0.475E+00-0.143E+01 0.790E+00
120815 1127  5.86 38 20.65  46 47.43   17.8    2.0 33  51 22.2 0.21  1.2  1.3  0.8-0.263E-01 0.356E-01-0.304E+00 0.586E+00
120815 1139 30.12 38 22.39  46 42.05   10.8    2.0 33  47 30.5 0.26  1.4  1.7  1.1 0.158E-01-0.377E+00-0.395E+00 0.723E+00
120815 1352 42.58 38 25.75  46 39.39    7.5    2.0 33  47  8.4 0.18  1.0  1.7  0.7-0.841E-01-0.690E-01-0.479E+00 0.505E+00
120815 1358 28.34 38 29.89  46 47.66    5.2    2.0 33  64 22.4 0.26  1.3  2.4  0.9 0.392E-01-0.465E+00-0.531E+00 0.656E+00
120815 1601 22.04 38 23.56  46 41.32    7.2    2.0 33  49 32.0 0.18  1.0  1.9  0.7 0.310E-01-0.981E-01-0.639E+00 0.520E+00
120815 1749  4.84 38 24.10  46 39.72   17.4    5.0 28  51 34.5 0.32  1.9  2.0  1.3 0.262E+00-0.749E-01-0.114E+01 0.888E+00
120815 1800  1.17 38 26.63  46 38.05   18.1    3.0 32  47  7.3 0.31  1.8  1.4  1.3 0.116E+00-0.169E+00-0.212E+00 0.842E+00
120815 1816 27.53 38 26.67  46 43.19   18.1    2.0 33  41 31.5 0.22  1.4  1.5  0.9-0.945E-01 0.224E+00-0.766E+00 0.621E+00
120815 1838 44.07 38 25.48  46 40.08   17.8    2.0 33  42  8.8 0.27  1.5  1.3  1.1 0.579E-01-0.264E-01-0.234E+00 0.746E+00
120815 1923 58.03 38 24.50  46 38.99   14.9    1.0 33  51 10.7 0.21  1.2  1.1  0.9 0.171E+00-0.147E+00-0.280E+00 0.578E+00
120815 2027 44.41 38 26.03  46 40.98   19.6    2.0 33  41 33.9 0.22  1.3  1.2  1.0 0.998E-01-0.142E+00-0.455E+00 0.624E+00
120815 2126 47.67 38 23.83  46 40.43   20.9    2.0 33  44 11.9 0.25  1.5  1.9  1.0 0.251E+00 0.327E-01-0.857E+00 0.681E+00
120815 2301 19.89 38 23.12  46 39.28    4.1    1.0 33  44 13.2 0.20  1.1  2.1  0.8 0.316E-01-0.959E-01-0.799E+00 0.574E+00
120816 0015 16.37 38 26.25  46 38.51   18.4    3.0 30  50 37.4 0.28  1.6  1.8  1.1 0.416E-01-0.725E-01-0.749E+00 0.770E+00
120816 0032 52.23 38 25.92  46 38.70   15.7    1.0 33  53 36.9 0.26  1.8  1.9  1.0 0.235E+00-0.402E+00-0.185E+01 0.718E+00
120816 0131 21.16 38 26.48  46 45.42   21.1    1.0 33  54 26.2 0.26  1.5  1.7  1.1-0.867E-01 0.218E-01-0.594E+00 0.725E+00
120816 0226 38.84 38 23.08  46 51.48   10.0    1.0 33  47 17.7 0.56  2.9  3.6  1.9 0.215E+00 0.116E+01-0.204E+01 0.150E+01
120816 0301 38.57 38 29.57  46 46.08   26.4    2.0 33  39 24.7 0.24  1.5  1.5  1.2 0.128E+00-0.343E+00-0.629E+00 0.677E+00
120816 0310 48.33 38 23.98  46 50.11   17.6    2.0 33  47 18.6 0.29  1.7  1.6  1.2-0.103E-01-0.485E+00-0.295E+00 0.814E+00
120816 0533 56.33 38 26.30  46 40.42    4.1    2.0 33  53 33.4 0.26  1.5  2.4  0.9-0.872E-01 0.478E-01-0.132E+01 0.714E+00
120816 0539 31.05 38 22.98  46 41.37   18.7    1.0 33  46 31.6 0.23  1.4  1.4  1.0-0.165E-01 0.819E-01-0.690E+00 0.629E+00
120816 0633 56.87 38 28.77  46 45.98    4.1    2.0 33  40  9.0 0.26  1.5  2.7  1.1 0.123E+00-0.626E+00-0.128E+01 0.729E+00
120816 0856 53.29 38 25.23  46 42.29    0.0    1.0 33  43  9.8 0.51  2.6  3.6  2.0 0.196E+00-0.208E+01-0.705E+00 0.139E+01
120816 0927 47.01 38 26.25  46 42.44   17.9    3.0 33  42 32.1 0.28  1.7  1.9  1.1 0.140E+00-0.350E+00-0.121E+01 0.778E+00
120816 1128 37.01 38 26.64  46 43.32   10.1    1.0 33  41  8.2 0.23  1.3  1.3  0.9-0.342E-01-0.194E+00-0.150E+00 0.639E+00
120816 1320 15.74 38 24.56  46 42.16   10.0    1.0 33  44 31.7 0.56  2.8  3.9  2.1 0.131E-02 0.817E-01-0.152E+01 0.151E+01
120816 1356 30.44 38 24.59  46 43.63   13.3    2.0 33  44 11.7 0.23  1.3  1.2  1.0 0.971E-01-0.163E+00-0.258E+00 0.647E+00
120816 1515 35.21 38 26.49  46 43.96   18.0    3.0 23  50 30.3 0.25  1.6  1.4  1.2-0.105E+00 0.279E-01-0.657E+00 0.704E+00
120816 1531  9.96 38 22.21  46 41.40    0.1    1.0 33  47 15.0 0.52  2.7  3.4  1.9-0.841E-02-0.133E+01 0.395E-01 0.143E+01
120816 1711 47.92 38 27.04  46 44.27   20.5    1.0 33  41  8.5 0.19  1.1  1.4  0.8-0.741E-01 0.455E-01-0.209E+00 0.549E+00
120816 1714 13.35 38 26.65  46 43.18   18.3    4.0 26  50 31.5 0.37  2.3  2.1  1.5-0.687E-01-0.722E+00-0.953E+00 0.102E+01
120816 1719 40.92 38 26.38  46 42.75   17.3    2.0 31  42 31.8 0.31  1.9  2.1  1.2-0.216E-01 0.415E-01-0.161E+01 0.868E+00
120816 1734 59.78 38 25.54  46 43.13   14.9    2.0 33  43  9.8 0.26  1.5  1.4  1.0 0.106E+00-0.908E-01-0.475E+00 0.733E+00
120816 2027 17.61 38 25.80  46 55.46    6.1    2.0 33  51 16.1 0.23  1.2  1.8  0.9-0.129E+00-0.172E+00-0.296E+00 0.640E+00
120816 2150 59.81 38 25.99  46 44.56   14.6    1.0 33  43 29.1 0.19  1.2  1.5  0.8 0.114E+00-0.202E+00-0.104E+01 0.521E+00
120816 2315  0.72 38 21.76  46 39.28   10.0    0.0 33  54 34.2 0.49  2.8  3.8  1.6 0.373E+00-0.591E+00-0.453E+01 0.132E+01
120816 2359 14.77 38 23.99  46 38.90   10.0    1.0 33  43 11.7 0.47  2.4  3.3  1.7-0.208E+00-0.393E+00-0.147E+01 0.128E+01
120817 0031 17.25 38 29.45  46 50.01   10.0    1.0 33  53 14.5 0.49  2.5  3.2  1.8 0.735E+00-0.988E+00-0.210E+01 0.132E+01
120817 0213 53.06 38 23.73  46 46.33   19.4    1.0 33  49 15.1 0.21  1.3  1.2  0.9 0.190E-01-0.134E+00-0.509E+00 0.593E+00
120817 0319 24.11 38 26.30  46 46.13   19.4    1.0 33  52 11.4 0.21  1.2  1.1  0.8 0.451E-01-0.106E+00-0.299E+00 0.576E+00
120817 0334 20.31 38 27.00  46 42.00   16.9    2.0 33  53 31.0 0.23  1.4  1.5  0.9 0.187E+00-0.613E-01-0.675E+00 0.650E+00
120817 0448 15.54 38 25.12  46 41.77   11.8    3.0 29  50  9.8 0.41  2.4  2.8  1.7 0.281E+00-0.174E+01-0.925E+00 0.112E+01
120817 0452 29.60 38 25.60  46 46.55   20.3    3.0 31  51 12.7 0.29  1.7  2.1  1.3-0.676E-01 0.391E+00-0.408E+00 0.808E+00
120817 0528 37.81 38 22.73  46 51.03    5.7    2.0 33  50 18.1 0.20  1.2  1.4  0.8-0.237E-01-0.110E+00-0.405E+00 0.569E+00
120817 0535  6.81 38 23.90  46 47.49   13.4    1.0 33  46 23.6 0.23  1.4  1.3  0.9-0.550E-01 0.592E-01-0.411E+00 0.653E+00
120817 0809 51.25 38 24.44  46 52.80    7.7    3.0 24  62 17.3 0.35  2.0  2.5  1.5 0.165E+00 0.409E-01-0.105E+01 0.959E+00
120817 0819 48.04 38 27.04  46 48.53   18.6    1.0 33  45 13.6 0.21  1.3  1.1  0.8 0.557E-01-0.569E-01-0.442E+00 0.593E+00
120817 0917 59.92 38 24.90  46 38.96   18.7    3.0 30  51 36.0 0.38  2.9  2.9  1.4 0.607E+00-0.295E+00-0.480E+01 0.106E+01
120817 1036 48.50 38 27.05  46 40.79   18.7    1.0 33  48  6.0 0.18  1.1  1.0  0.8 0.268E-01 0.147E+00-0.262E+00 0.512E+00
120817 1119 11.94 38 26.57  46 42.40   19.3    2.0 33  48 32.4 0.26  1.6  1.4  1.2 0.683E-01-0.477E+00-0.720E+00 0.703E+00
120817 1209 50.44 38 26.58  46 39.03   17.1    3.0 32  47 36.9 0.32  2.2  2.5  1.3 0.764E-01 0.143E-01-0.295E+01 0.888E+00
120817 1304 44.28 38 25.61  46 52.11   21.8    1.0 33  51 19.4 0.24  1.4  1.6  0.9-0.865E-01 0.111E+00-0.345E+00 0.680E+00
120817 1324 24.47 38 27.84  46 34.67    4.1    2.0 33  54  9.0 0.19  1.2  2.1  0.8-0.687E-01 0.348E-01-0.104E+01 0.532E+00
120817 1434 36.76 38 25.94  46 38.50   16.0    2.0 33  40 36.3 0.26  1.7  2.0  1.1 0.529E+00-0.776E+00-0.155E+01 0.717E+00
120817 1437 38.60 38 26.25  46 38.74   16.4    2.0 33  40  7.6 0.20  1.2  1.3  0.9-0.384E-01-0.135E+00-0.579E+00 0.562E+00
120817 1504  9.33 38 25.53  46 46.47    8.0    1.0 33  51 12.7 0.29  1.6  2.2  1.0 0.117E+00-0.627E-01-0.109E+01 0.791E+00
120817 1613 15.12 38 27.11  46 46.52    4.1    1.0 33  52 11.0 0.18  1.0  1.9  0.7-0.309E-03-0.149E+00-0.211E+00 0.517E+00
120817 1658 47.69 38 22.75  46 38.45   14.7    1.0 33  53 14.1 0.22  1.3  1.2  1.0 0.715E-01-0.229E+00-0.396E+00 0.610E+00
120817 1757 47.36 38 21.10  46 54.80   10.0    1.0 33  49 11.8 0.60  3.0  3.7  2.2 0.512E+00 0.825E+00-0.195E+01 0.162E+01
120817 1849 55.81 38 23.18  46 59.50    4.1    2.0 33  54  8.8 0.34  2.0  3.0  1.5 0.393E+00-0.566E+00-0.220E+01 0.918E+00
120817 1934  8.49 38 28.57  46 37.61   17.9    3.0 27  54 40.3 0.33  2.3  2.5  1.3-0.430E+00 0.455E+00-0.325E+01 0.922E+00
120817 2005  0.02 38 26.65  46 39.44   19.4    1.0 33  40  6.7 0.26  1.6  1.2  1.1 0.242E+00-0.144E+00-0.431E+00 0.717E+00
120817 2015 33.83 38 26.44  46 41.16   18.8    3.0 26  41 34.0 0.21  1.6  1.6  0.9 0.221E+00-0.469E-01-0.138E+01 0.586E+00
120817 2136 15.81 38 24.36  46 42.91   19.2    1.0 33  50 11.6 0.22  1.4  1.3  0.9 0.104E+00 0.287E-01-0.596E+00 0.609E+00
120817 2314  9.24 38 26.35  46 41.44   14.9    3.0 29  49 33.5 0.24  1.5  1.9  1.0 0.102E+00-0.358E+00-0.969E+00 0.677E+00
120818 0148 25.23 38 26.05  46 42.66   26.0    3.0 28  46  8.6 0.26  1.7  1.9  1.2 0.100E+00 0.331E+00-0.118E+01 0.722E+00
120818 0206 28.75 38 23.23  46 44.94   18.9    2.0 33  46 14.8 0.31  1.5  1.4  1.0 0.290E-02-0.254E-01-0.414E+00 0.702E+00
120818 0221 31.93 38 23.68  46 41.59    7.4    1.0 33  53 12.3 0.22  1.2  1.7  0.8 0.102E+00 0.377E-01-0.192E+00 0.610E+00
120818 0326 47.20 38 26.55  46 51.23   20.5    2.0 33  51 21.5 0.26  1.5  1.7  1.1-0.140E-01-0.105E+00-0.497E+00 0.721E+00
120818 0444 40.51 38 22.85  46 47.12   16.7    2.0 33  49 26.2 0.22  1.4  1.3  0.9-0.500E-01-0.396E-01-0.487E+00 0.621E+00
120818 0538  1.10 38 31.87  46 54.99   11.2    2.0 33  40 12.6 0.31  2.2  2.7  1.5-0.961E+00 0.184E+01-0.336E+01 0.855E+00
120818 0602 58.04 38 26.62  46 56.01   11.8    1.0 33  52 11.5 0.28  1.7  1.8  1.1 0.336E+00-0.520E+00-0.970E+00 0.757E+00
120818 0846 28.30 38 27.85  46 39.11   16.7    2.0 33  53  4.6 0.19  1.1  1.1  0.8 0.107E+00-0.233E+00-0.154E+00 0.526E+00
120818 0859  7.99 38 25.51  46 43.37   14.0    2.0 33  43 29.5 0.25  1.5  1.6  1.0-0.312E+00 0.214E+00-0.959E+00 0.688E+00
120818 1121 28.87 38 25.71  46 39.32   19.1    2.0 32  41 36.0 0.29  1.9  2.0  1.2 0.296E+00-0.585E+00-0.187E+01 0.803E+00
120818 1433 47.25 38 26.93  46 50.63   18.5    1.0 33  58 16.5 0.27  1.4  1.2  1.0-0.288E-01 0.971E-01-0.507E+00 0.639E+00
120818 1556  5.93 38 24.71  46 52.31    5.8    3.0 31  46 18.2 0.25  1.5  2.0  0.9 0.153E+00 0.387E-01-0.888E+00 0.695E+00
120818 1815 49.47 38 27.73  46 56.98    4.1    1.0 33  57  9.4 0.40  2.1  4.7  1.4 0.309E+00-0.550E+00-0.374E+01 0.105E+01
120818 1910 11.79 38 26.36  46 38.54   15.2    1.0 33  40 37.4 0.22  1.5  1.6  1.0 0.448E+00-0.435E+00-0.108E+01 0.614E+00
120818 1930 33.97 38 28.04  46 51.16    9.4    1.0 33  49 16.6 0.24  1.4  1.9  1.0 0.161E+00-0.491E+00-0.102E+01 0.669E+00
120818 1939 47.24 38 24.10  46 38.77   10.0    1.0 33  51 35.8 0.49  2.5  3.4  1.8-0.380E-01 0.545E+00-0.171E+01 0.130E+01
120818 2031 53.93 38 32.92  46 46.47   14.5    2.0 33  47 10.5 0.54  3.4  3.7  2.2 0.102E+00-0.164E+01-0.621E+01 0.149E+01
120818 2041 51.52 38 26.52  46 42.53   10.5    2.0 33  48  7.8 0.26  1.5  1.7  1.0 0.122E+00-0.381E+00-0.802E+00 0.717E+00
120818 2108 39.51 38 25.10  46 39.41   17.8    3.0 32  42 35.5 0.20  1.2  1.4  0.8 0.137E+00-0.366E+00-0.666E+00 0.571E+00
120818 2109 40.70 38 27.54  46 38.11   10.6    3.0 32  46  5.8 0.26  1.5  1.6  1.1 0.306E+00-0.378E+00-0.730E+00 0.714E+00
120818 2120 44.21 38 26.67  46 47.06   16.8    1.0 32  48 12.1 0.27  1.7  1.6  1.1-0.670E-01-0.353E+00-0.900E+00 0.755E+00
120818 2129 15.53 38 26.11  46 39.22   14.4    2.0 33  49  7.8 0.36  2.0  1.8  1.4 0.304E+00-0.429E+00-0.445E+00 0.987E+00
120818 2141 10.56 38 24.86  46 39.69   11.1    1.0 33  80 10.0 0.47  2.8  2.6  1.7 0.714E+00-0.423E+00-0.101E+01 0.130E+01
120818 2211 10.18 38 24.92  46 38.61   13.6    1.0 33  42 10.1 0.22  1.3  1.2  0.9 0.670E-02-0.103E+00-0.496E+00 0.619E+00
120818 2252 25.39 38 26.41  46 41.98   15.8    1.0 33  44  7.6 0.20  1.1  1.0  0.8-0.255E-01-0.646E-02-0.120E+00 0.566E+00
120818 2314 43.87 38 25.43  46 51.05   13.7    1.0 33  46 18.3 0.27  1.6  1.5  1.1 0.121E+00-0.112E+00-0.667E+00 0.747E+00
120818 2347 23.18 38 27.03  46 41.36   15.6    1.0 33  48  6.2 0.28  1.6  1.3  1.1 0.178E+00-0.411E-01-0.483E+00 0.748E+00
120818 2354 42.56 38 25.91  46 49.17   14.5    2.0 33  46 15.5 0.26  1.4  1.3  0.9 0.181E+00-0.233E+00-0.540E+00 0.624E+00
120819 0004 53.74 38 26.64  46 38.91   15.0    1.0 33  40  6.9 0.37  2.2  2.0  1.4-0.167E+00 0.839E-03-0.173E+01 0.101E+01
120819 0037  6.99 38 25.91  46 42.83   20.1    3.0 31  42  8.9 0.31  1.9  1.8  1.3 0.333E+00 0.201E+00-0.329E+00 0.843E+00
120819 0055 17.00 38 30.16  46 42.28   18.5    1.0 33  45  3.2 0.28  1.8  1.4  1.1 0.530E-01 0.110E-01-0.944E+00 0.765E+00
120819 0112 37.89 38 27.06  46 41.44   14.6    2.0 33  41  6.2 0.34  1.9  1.9  1.2 0.304E-01-0.378E+00-0.655E+00 0.937E+00
120819 0129 34.39 38 26.43  46 38.56   14.2    2.0 33  49  7.4 0.39  2.2  2.1  1.5 0.461E+00-0.868E+00-0.636E+00 0.107E+01
120819 0158 30.54 38 22.76  46 38.39   19.1    4.0 21  60 35.8 0.23  1.4  1.4  1.0 0.244E-02-0.106E+00-0.964E-01 0.634E+00
120819 0223 12.05 38 25.62  46 38.87   14.6    2.0 33  53  8.7 0.34  1.9  2.0  1.3-0.102E+00-0.423E-01-0.114E+01 0.941E+00
120819 0226 30.17 38 24.95  46 39.20   14.2    1.0 32  50  9.9 0.32  1.9  1.8  1.2 0.798E-03 0.112E-01-0.612E+00 0.884E+00
120819 0329 48.52 38 25.15  46 38.01   13.3    1.0 33  41  9.9 0.24  1.3  1.4  0.9 0.420E-01 0.537E-01-0.604E-01 0.671E+00
120819 0347 58.85 38 29.05  46 50.70   12.8    1.0 32  52 15.6 0.42  2.5  2.5  1.8 0.106E+01-0.199E+01-0.204E+01 0.106E+01
120819 0439 27.86 38 25.93  46 47.45   22.9    2.0 33  43 13.4 0.25  1.5  1.7  0.9-0.245E-01 0.343E+00-0.661E+00 0.682E+00
120819 0510 15.64 38 27.85  46 47.71   18.7    2.0 33  63 27.0 0.23  1.5  1.4  0.9 0.572E-01-0.234E-01-0.104E+01 0.630E+00
120819 0818 27.13 38 25.63  46 37.52    0.0    2.0 33  49  9.3 0.54  2.8  3.4  2.0-0.456E+00-0.921E+00 0.126E+00 0.148E+01
120819 0825 20.28 38 25.35  46 39.15   10.0    2.0 33  41  9.2 0.47  2.3  3.1  1.7-0.873E-01-0.409E+00-0.801E+00 0.125E+01
120819 1051 59.96 38 24.66  46 48.85   10.0    2.0 33  45 16.4 0.48  2.4  3.0  1.6-0.142E+00-0.503E+00-0.161E+01 0.128E+01
120819 1341 50.97 38 27.63  46 40.38   18.0    2.0 33  47  4.8 0.22  1.3  1.3  0.9 0.217E+00-0.230E+00-0.447E+00 0.617E+00
120819 1440 59.50 38 26.85  46 46.75   15.3    2.0 33  49 24.2 0.23  1.5  1.6  0.9-0.574E-01 0.207E+00-0.109E+01 0.644E+00
120819 1532 29.30 38 21.39  46 48.93   14.3    2.0 33  63 20.3 0.31  1.9  1.8  1.3-0.179E+00 0.923E-01-0.982E+00 0.863E+00
120819 2230 29.31 38 26.74  46 38.90   13.5    1.0 33  48 37.2 0.30  1.7  2.1  1.1 0.125E+00-0.121E+00-0.115E+01 0.839E+00
120819 2327  2.29 38 25.85  46 38.47   14.3    1.0 33  40  8.5 0.26  1.5  1.5  1.2 0.118E+00 0.900E-01-0.624E+00 0.725E+00
120820 0104 22.62 38 28.99  46 40.47    5.8    2.0 33  54 37.0 0.16  1.0  1.9  0.7 0.522E-01-0.448E+00-0.801E+00 0.449E+00
120820 0124 13.27 38 25.17  46 41.80   10.0    1.0 33  43  9.7 0.62  3.1  4.2  2.4 0.848E+00-0.198E+01-0.105E+01 0.166E+01
120820 0145  9.88 38 26.03  46 40.38    0.0    1.0 33  49  7.8 0.56  2.9  3.6  2.1 0.306E+00-0.135E+01-0.108E+01 0.152E+01
120820 0204 58.71 38 23.74  46 41.18   15.4    1.0 33  44 12.1 0.24  1.4  1.3  1.0 0.577E-01-0.177E+00-0.472E+00 0.672E+00
120820 0409 59.56 38 26.04  46 40.67   19.0    2.0 33  41  7.8 0.17  1.0  1.0  0.7 0.435E-01 0.289E-01-0.312E+00 0.483E+00
120820 0606 14.55 38 25.77  46 39.71   20.2    2.0 33  49  8.3 0.28  1.6  1.8  1.2 0.630E-01 0.133E+00-0.402E+00 0.765E+00
120820 0659 31.70 38 23.02  46 47.23   13.1    1.0 33  49 16.9 0.25  1.5  1.4  1.0 0.395E-01 0.835E-01-0.709E+00 0.703E+00
120820 1006 32.58 38 26.55  46 51.11    7.7    2.0 33  62 18.2 0.28  1.6  2.2  1.1 0.160E+00-0.633E+00-0.101E+01 0.774E+00
120820 1221  3.42 38 27.25  46 44.36   22.8    1.0 33  41  8.3 0.23  1.4  1.4  1.0 0.568E-01 0.103E-01-0.371E+00 0.641E+00
120820 1453 29.52 38 26.12  46 39.13   20.1    1.0 33  51  7.7 0.22  1.4  1.3  0.9 0.216E-01 0.178E+00-0.206E+00 0.603E+00
120820 1654 52.11 38 25.77  46 40.38   20.1    3.0 31  41  8.3 0.22  1.3  1.4  0.9-0.699E-01 0.937E-01-0.302E+00 0.604E+00
120820 2032 50.34 38 26.18  46 48.37   18.5    2.0 33  43 14.2 0.21  1.3  1.1  0.9 0.463E-01-0.579E-01-0.399E+00 0.589E+00
120820 2117 40.24 38 25.83  46 38.23    8.6    1.0 33  40 36.7 0.20  1.2  1.6  0.7-0.208E-01-0.113E+00-0.722E+00 0.556E+00
120820 2124 17.67 38 26.29  46 52.26   20.9    3.0 30  52 19.2 0.22  1.5  1.7  1.0-0.367E+00 0.404E+00-0.899E+00 0.626E+00
120820 2137 39.10 38 25.66  46 40.25   10.0    2.0 32  50  8.5 0.57  3.1  4.1  2.2 0.882E+00-0.363E+01-0.394E+01 0.153E+01
120820 2220 12.86 38 25.31  46 38.44   10.0    1.0 33  41  9.4 0.60  3.2  3.8  2.6-0.199E+00-0.393E+01-0.911E+00 0.163E+01
120821 0331 54.70 38 26.18  46 40.49   16.6    2.0 33  41  7.5 0.37  2.1  1.9  1.4 0.172E+00-0.304E+00-0.928E+00 0.992E+00
120821 0523 59.12 38 26.96  46 44.80    4.1    2.0 33  41  9.2 0.19  1.1  1.9  0.8 0.401E-02-0.567E+00-0.376E+00 0.523E+00
120821 0838 50.43 38 23.27  46 34.76   14.6    2.0 33  79 15.0 0.27  1.6  1.6  1.0 0.291E-01-0.109E+00-0.849E+00 0.742E+00
120821 0915 12.13 38 28.73  46 45.74    4.1    1.0 33  40  8.7 0.25  1.4  2.2  1.0-0.445E-01-0.410E+00-0.811E+00 0.687E+00
120821 1024 46.76 38 26.34  46 42.54    9.5    1.0 33  42  8.1 0.19  1.0  1.2  0.8 0.410E-01-0.140E+00-0.188E+00 0.532E+00
120821 1743  2.28 38 24.82  46 42.60   20.9    3.0 31  45 10.7 0.38  2.2  2.4  1.7 0.243E+00 0.981E-01-0.368E+00 0.103E+01
120822 0424 53.73 38 25.35  46 41.46    6.2    2.0 33  42  9.3 0.23  1.3  1.8  0.9 0.113E+00-0.284E+00-0.620E+00 0.640E+00
120822 0950 22.64 38 26.50  46 39.41   18.9    3.0 32  46 36.3 0.26  1.8  1.9  1.1 0.413E+00-0.706E+00-0.179E+01 0.718E+00
120822 1008  9.50 38 27.36  46 51.05   27.1    2.0 33  47 17.9 0.18  1.1  1.0  0.7 0.248E-01-0.200E-01-0.253E+00 0.495E+00
120822 1133 50.56 38 27.00  46 38.54    9.4    2.0 33  48  6.4 0.26  1.4  1.6  1.1-0.123E+00-0.228E+00-0.435E+00 0.713E+00
120822 1445  2.42 38 25.68  46 38.99   14.9    1.0 33  50  8.6 0.17  1.1  0.9  0.8 0.317E-01-0.349E-01-0.286E+00 0.487E+00
120822 1537 57.47 38 26.16  46 50.61   18.8    2.0 33  47 19.1 0.27  1.6  1.6  1.0-0.442E-01 0.828E-01-0.956E+00 0.750E+00
120822 1555 46.67 38 26.66  46 47.24   17.3    1.0 33  42 23.6 0.22  1.4  1.4  0.9-0.777E-01-0.327E-02-0.786E+00 0.610E+00
120822 1629 10.55 38 25.87  46 51.64   21.9    1.0 33  44 17.9 0.26  1.6  1.6  1.1-0.119E+00 0.309E+00-0.545E+00 0.726E+00
120822 1832 35.29 38 25.10  46 38.49   14.1    2.0 33  50  9.8 0.23  1.3  1.2  1.0 0.807E-01-0.131E+00-0.278E+00 0.638E+00
120822 2140 45.31 38 26.13  46 42.82    8.7    1.0 33  42  8.6 0.28  1.6  2.2  1.1 0.598E-01-0.230E+00-0.122E+01 0.761E+00
120823 0010 39.27 38 25.88  46 43.53   18.6    2.0 33  46  9.5 0.17  1.0  0.9  0.7 0.564E-01-0.924E-01-0.265E+00 0.471E+00
120823 0016 44.53 38 26.07  46 43.23    8.6    1.0 33  46  9.0 0.23  1.3  1.5  0.9 0.230E+00-0.146E+00-0.258E+00 0.635E+00
120823 0056 25.77 38 26.73  46 42.62    7.9    1.0 33  41  7.5 0.26  1.6  1.6  1.1 0.233E+00-0.620E+00-0.624E+00 0.727E+00
120823 0237 15.14 38 27.65  46 39.05   18.7    2.0 33  46  5.0 0.22  1.4  1.5  0.9 0.615E-01-0.892E-02-0.107E+01 0.619E+00
120823 0406 36.93 38 26.38  46 38.62   16.4    2.0 33  40  7.5 0.21  1.3  1.2  0.9 0.813E-01-0.135E+00-0.611E+00 0.575E+00
120823 0823 42.41 38 25.90  46 36.09   10.0    2.0 33  39 40.5 0.56  2.8  3.6  2.1 0.913E+00-0.574E+00-0.187E+01 0.150E+01
120823 1214 46.71 38 25.47  46 37.25   10.0    2.0 33  40 38.7 0.58  3.2  3.9  2.2 0.111E+01-0.122E+01-0.423E+01 0.158E+01
120823 1231 57.47 38 25.26  46 42.94   10.0    2.0 33  49 30.7 0.55  2.9  3.7  2.2 0.776E+00-0.107E+01-0.218E+01 0.148E+01
120823 1452 19.21 38 26.42  46 38.70   16.0    2.0 33  40 37.3 0.20  1.2  1.5  0.8 0.120E+00-0.422E+00-0.716E+00 0.562E+00
120823 1637 19.21 38 27.76  46 47.48    8.6    2.0 33  41 11.7 0.23  1.4  1.8  0.8-0.321E-01-0.114E+00-0.106E+01 0.642E+00
120823 1718 11.99 38 23.80  46 37.85   15.7    1.0 33  52 12.3 0.26  1.6  1.6  1.0 0.270E-01-0.190E+00-0.872E+00 0.711E+00
120823 2031 29.34 38 26.24  46 43.22   15.8    3.0 31  42  8.7 0.21  1.2  1.1  0.9 0.515E-01-0.131E+00-0.348E+00 0.576E+00
120823 2256 32.84 38 27.02  46 38.16   19.3    1.0 33  39  6.6 0.22  1.4  1.0  1.0 0.247E+00 0.224E-01-0.406E+00 0.605E+00
120824 0514 46.71 38 24.11  46 37.06    0.0    1.0 33  52 12.2 0.57  2.8  3.6  2.0 0.389E+00-0.699E-01-0.802E+00 0.155E+01
120824 0738 39.39 38 29.47  47  0.08   10.4    3.0 31  50  4.3 0.23  1.4  1.5  0.9 0.626E-01 0.378E-01-0.773E+00 0.633E+00
120824 0949 29.50 38 29.82  46 49.72   17.7    2.0 33  43 19.4 0.27  1.6  1.9  1.0-0.327E-01 0.778E-01-0.131E+01 0.748E+00
120824 1044  3.39 38 26.27  46 53.01   19.2    1.0 33  49 15.7 0.28  1.7  1.8  1.1 0.105E+00-0.518E+00-0.111E+01 0.768E+00
120824 1111 20.84 38 22.91  46 47.53    6.4    1.0 33  47 23.0 0.16  1.0  1.3  0.6-0.525E-01-0.307E-01-0.495E+00 0.466E+00
120824 1202 54.97 38 27.09  46 40.27   14.2    2.0 33  40  5.8 0.26  1.5  1.9  1.0 0.566E-01-0.311E+00-0.110E+01 0.732E+00
120824 1214 53.47 38 26.55  46 42.97   18.7    1.0 33  43  8.0 0.19  1.3  1.4  0.8 0.169E+00-0.176E+00-0.867E+00 0.546E+00
120824 1550 12.01 38 24.52  46 41.06    4.1    1.0 33  43 10.7 0.31  1.8  2.8  1.2-0.281E+00 0.258E+00-0.161E+01 0.863E+00
120824 1608 30.11 38 23.41  46 43.70   18.1    1.0 33  46 28.6 0.27  1.6  1.4  1.1-0.663E-01 0.105E-01-0.697E+00 0.750E+00
120824 1637 38.24 38 32.27  47  0.13    4.1    2.0 33  59  6.8 0.18  1.1  1.7  0.7 0.115E+00-0.534E-01-0.607E+00 0.494E+00
120824 2142  7.14 38 25.37  46 39.83   10.0    1.0 33  42  9.0 0.29  1.6  1.8  1.2 0.140E+00-0.212E+00-0.901E+00 0.792E+00
120824 2144  6.77 38 25.70  46 44.22   19.5    1.0 33  60 29.3 0.15  1.0  1.0  0.6-0.930E-01 0.328E-01-0.495E+00 0.424E+00
120824 2243 36.20 38 27.41  46 42.40   23.9    1.0 33  44  6.2 0.17  1.1  1.0  0.8 0.951E-01-0.749E-01-0.234E+00 0.494E+00
120824 2320 32.85 38 32.36  46 47.89    4.1    1.0 33  36 22.7 0.26  1.4  2.6  1.0 0.138E+00-0.250E+00-0.940E+00 0.721E+00
120824 2357 20.13 38 26.66  46 36.82   14.2    1.0 33  39  8.1 0.21  1.3  1.8  0.8 0.435E-01-0.124E+00-0.126E+01 0.592E+00
120825 0009  4.77 38 26.45  46 41.40   10.0    1.0 33  48  7.3 0.63  3.3  3.8  2.4 0.114E+01 0.163E+00-0.225E+01 0.168E+01
120825 0058 55.26 38 25.65  46 46.77   15.6    1.0 33  43 26.0 0.31  2.1  2.1  1.5 0.664E+00-0.147E+01-0.167E+01 0.866E+00
120825 0255 50.27 38 26.97  46 38.16   20.4    2.0 33  48  6.7 0.23  1.4  1.3  1.0 0.199E+00-0.225E+00-0.238E+00 0.642E+00
120825 0609 46.09 38 25.45  46 41.41   17.7    3.0 31  52 32.9 0.27  1.6  1.9  1.1 0.886E-01-0.407E+00-0.990E+00 0.749E+00
120825 0733 34.23 38 26.19  46 33.97    1.6    2.0 33  37 42.7 0.19  1.2  1.5  0.7 0.114E+00-0.208E+00-0.926E+00 0.548E+00
120825 0746 20.87 38 25.97  46 52.61   14.7    3.0 31  47 19.3 0.26  1.8  1.9  1.1 0.508E+00-0.741E+00-0.172E+01 0.719E+00
120825 1459 32.28 38 23.26  46 55.75    7.1    2.0 33  51 12.5 0.18  1.0  1.2  0.7 0.750E-01 0.149E-02-0.271E+00 0.498E+00
120825 1714 24.94 38 27.04  46 38.76    4.1    1.0 33  39  6.2 0.53  2.8  4.7  2.0-0.118E+00-0.132E+01-0.252E+01 0.146E+01
120825 1959 28.17 38 26.52  46 55.24   11.1    1.0 33  51 12.6 0.27  1.7  1.8  1.2-0.832E-01 0.171E+00-0.129E+01 0.748E+00
120825 2003 41.62 38 24.86  46 38.37   20.3    2.0 33  50 10.3 0.21  1.2  1.3  0.9 0.456E-01 0.369E-01-0.270E+00 0.580E+00
120826 0128 37.10 38 26.47  46 38.89   18.8    2.0 33  49  7.2 0.24  1.5  1.5  0.9 0.117E+00-0.129E+00-0.971E+00 0.677E+00
120826 0401 33.50 38 24.20  46 38.68   19.1    2.0 33  51 11.4 0.20  1.2  1.0  0.9 0.151E+00 0.176E+00 0.345E-01 0.571E+00
120826 0522 11.75 38 26.45  46 42.41   18.3    2.0 33  58 32.3 0.24  1.5  1.3  1.0 0.146E+00-0.250E+00-0.546E+00 0.662E+00
120826 0936 53.16 38 26.66  46 39.26   14.9    3.0 28  52  6.7 0.30  1.8  1.7  1.4 0.167E+00-0.642E+00-0.764E+00 0.831E+00
120826 0943 22.12 38 26.94  46 39.10   15.6    3.0 28  47  6.3 0.31  1.9  1.9  1.4 0.270E+00-0.111E+01-0.463E+00 0.854E+00
120826 1115 28.08 38 25.87  46 40.51   18.9    2.0 33  49 34.4 0.19  1.2  1.0  0.8-0.547E-01-0.646E-01-0.353E+00 0.535E+00
120826 1250 55.19 38 23.42  46 42.10   12.2    1.0 33  45 13.0 0.24  1.4  1.3  1.0 0.207E+00-0.229E+00-0.290E+00 0.666E+00
120826 1252 35.24 38 26.17  46 38.12    5.2    1.0 33  40  8.0 0.25  1.3  2.2  1.0 0.103E+00 0.347E-01-0.535E+00 0.698E+00
120826 1305 19.63 38 26.08  46 38.11   11.4    2.0 33  48  8.2 0.27  1.6  1.4  1.1 0.504E-02 0.271E-01-0.553E+00 0.742E+00
120826 1308 35.80 38 25.83  46 39.29   14.9    3.0 29  48  8.2 0.31  1.9  1.8  1.3 0.137E+00-0.551E-01-0.111E+01 0.860E+00
120826 1344 31.00 38 23.26  46 44.58    8.0    1.0 33  46 14.5 0.21  1.1  1.5  0.8 0.882E-01-0.298E+00-0.151E+00 0.587E+00
120826 1426 50.02 38 20.99  46 41.88   11.8    1.0 33  49 17.3 0.26  1.4  1.5  1.0-0.983E-01-0.181E+00-0.370E+00 0.705E+00
120826 1451  2.92 38 26.67  46 50.65   17.3    1.0 33  44 18.7 0.20  1.2  1.1  0.8-0.153E-01-0.437E-01-0.530E+00 0.570E+00
120826 1815 32.04 38 24.97  46 51.76   12.5    3.0 29  45 19.1 0.26  1.8  1.7  1.0 0.212E+00-0.227E+00-0.132E+01 0.729E+00
120826 1922  9.73 38 25.06  46 37.98   10.0    1.0 33  41 37.4 0.45  2.3  3.1  1.6 0.444E+00-0.107E+00-0.157E+01 0.122E+01
120826 2012 37.61 38 25.81  46 40.01   14.5    1.0 33  41  8.2 0.29  1.7  1.8  1.2 0.209E+00-0.495E+00-0.110E+01 0.813E+00
120826 2057  8.51 38 27.66  46 42.47    4.1    1.0 33  47  5.9 0.22  1.3  2.1  0.9 0.200E-01 0.632E-01-0.107E+01 0.608E+00
120826 2248 14.25 38 28.72  46 39.71   13.4    2.0 33  45  2.9 0.28  1.8  2.1  1.1 0.119E-01 0.284E+00-0.173E+01 0.769E+00
120827 0246 27.87 38 24.93  46 38.78   20.1    1.0 33  42 36.2 0.23  1.3  1.5  0.9-0.187E-02 0.661E-01-0.263E+00 0.633E+00
120827 0508  6.36 38 25.97  46 34.45    0.0    1.0 33  45 11.4 0.57  3.1  3.8  2.0-0.225E+00 0.307E+00-0.317E+01 0.156E+01
120827 0630 56.17 38 24.49  46 41.74    4.1    2.0 33  44 10.9 0.29  1.5  3.2  1.1-0.808E-01-0.245E+00-0.112E+01 0.787E+00
120827 1101 13.34 38 23.95  46 41.50   20.4    2.0 33  49 11.8 0.28  1.6  2.3  1.2-0.161E-01 0.843E+00-0.536E+00 0.773E+00
120827 1346 34.57 38 22.19  46 41.79   18.8    1.0 33  47 30.7 0.29  1.6  1.5  1.2 0.658E-01-0.335E+00-0.111E+00 0.793E+00
120827 1510 34.82 38 24.01  46 50.40   16.2    1.0 33  46 19.9 0.26  1.6  1.5  1.1 0.127E+00-0.158E+00-0.830E+00 0.724E+00
120827 1652 13.97 38 25.91  46 51.74   20.1    2.0 33  50 20.2 0.25  1.5  1.5  1.1-0.106E-01-0.786E-01-0.513E+00 0.678E+00
120827 1755  8.92 38 23.26  46 48.57   18.1    2.0 33  63 17.9 0.27  1.4  1.3  1.0-0.685E-01-0.246E+00-0.199E+00 0.696E+00
120827 2103 26.94 38 23.73  46 40.53   12.9    1.0 33  51 12.1 0.24  1.4  1.3  1.1 0.539E-01-0.141E+00-0.443E+00 0.672E+00
120827 2248 15.69 38 19.99  46 44.40    9.0    1.0 33  53 20.0 0.20  1.3  1.5  0.7-0.117E+00 0.662E-02-0.883E+00 0.549E+00
120827 2356 30.85 38 26.05  46 53.17    8.6    3.0 27  49 18.8 0.28  1.7  2.9  1.2 0.291E+00-0.870E+00-0.223E+01 0.784E+00
120828 0028  1.11 38 23.20  46 41.67    0.8    1.0 33  45 33.2 0.20  1.1  1.3  0.8 0.294E-01-0.120E+00-0.247E+00 0.538E+00
120828 0155 35.95 38 24.32  46 42.25   11.8    2.0 33  50 11.4 0.18  1.0  1.2  0.7 0.866E-01-0.123E+00-0.370E+00 0.499E+00
120828 0221 14.44 38 25.81  46 35.23   20.7    2.0 33  39 10.8 0.39  2.1  2.0  1.5 0.223E-01 0.796E-01-0.744E+00 0.925E+00
120828 0333 22.89 38 23.47  46 40.01   14.1    1.0 33  44 33.8 0.28  1.6  1.8  1.2 0.207E+00-0.579E+00-0.924E+00 0.766E+00
120828 0341  7.74 38 24.47  46 46.93   21.9    2.0 33  52 14.6 0.24  1.4  2.0  1.0 0.258E-01-0.752E-01-0.720E+00 0.662E+00
120828 0354 51.13 38 25.83  46 37.62   19.2    1.0 33  48  8.9 0.17  1.0  0.9  0.7 0.442E-02 0.102E-01-0.279E+00 0.468E+00
120828 0413 21.81 38 22.73  46 47.32   13.4    1.0 33  48 17.4 0.27  1.6  1.5  1.2 0.119E+00 0.116E+00-0.487E+00 0.748E+00
120828 0438 46.60 38 23.66  46 46.14   19.7    2.0 33  46 25.3 0.23  1.3  1.2  1.0 0.908E-01-0.242E+00-0.339E+00 0.625E+00
120828 0511 25.33 38 26.19  46 44.52   24.3    1.0 33  42 29.3 0.25  1.5  1.5  1.0 0.301E-02-0.147E+00-0.508E+00 0.691E+00
120828 0535 42.79 38 23.35  46 39.38   18.8    1.0 33  52 34.6 0.28  1.8  1.6  1.2 0.202E+00 0.102E+00-0.990E+00 0.766E+00
120828 1225 58.92 38 25.38  46 35.13   10.0    1.0 33  53 11.5 0.62  3.1  3.8  2.3 0.144E+00 0.599E+00-0.162E+01 0.167E+01
120828 1434  6.60 38 24.10  46 43.00   11.1    1.0 33  45 12.1 0.30  1.9  2.5  1.3 0.322E+00-0.473E+00-0.229E+01 0.836E+00
120828 1746 31.37 38 25.87  46 44.61   20.2    3.0 30  50 10.4 0.26  1.7  1.7  1.1-0.203E+00 0.391E+00-0.703E+00 0.724E+00
120828 1758 51.80 38 24.71  46 38.61   18.9    3.0 29  42 10.5 0.29  1.8  1.6  1.2 0.101E+00 0.480E-01-0.836E+00 0.811E+00
120828 1821 13.77 38 23.92  46 39.56   16.3    1.0 33  51 34.6 0.22  1.3  1.4  0.9 0.184E+00-0.406E+00-0.594E+00 0.618E+00
120828 1901 46.44 38 25.73  46 39.58   13.8    1.0 33  45  8.4 0.21  1.3  1.3  0.8 0.162E+00 0.117E-01-0.448E+00 0.589E+00
120828 2032 12.44 38 23.83  46 38.96   10.0    1.0 33  52 35.4 0.54  3.0  3.5  2.0 0.484E+00-0.255E+00-0.374E+01 0.145E+01
120829 0027  5.00 38 25.59  46 36.15   19.1    2.0 33  57 10.3 0.25  1.6  1.4  1.1 0.318E+00-0.281E+00-0.928E+00 0.702E+00
120829 0101 26.31 38 26.52  46 50.98   31.0    1.0 33  44 18.4 0.21  1.4  1.0  0.9 0.157E-01-0.113E+00-0.423E+00 0.578E+00
120829 0856 38.93 38 29.18  46 40.96   10.0    2.0 33  47  2.3 0.66  3.3  3.9  2.3-0.769E-01-0.128E+01-0.104E+01 0.176E+01
120829 1043 13.00 38 24.42  46 39.80   17.2    2.0 33  43 10.8 0.23  1.3  1.1  1.0 0.975E-01-0.671E-01-0.261E+00 0.629E+00
120829 1146 27.39 38 25.33  46 38.38   17.7    3.0 28  74 37.0 0.25  1.5  1.8  0.9 0.143E+00-0.113E+00-0.725E+00 0.693E+00
120829 1210 30.93 38 25.18  46 41.96   21.7    2.0 33  49  9.7 0.27  1.6  1.5  1.2 0.134E+00-0.101E+00-0.440E+00 0.733E+00
120829 1332 44.33 38 24.71  46 50.61   22.6    1.0 33  62 20.2 0.26  1.5  1.5  1.1-0.267E-01 0.209E+00-0.615E-01 0.712E+00
120829 1346 42.32 38 22.05  46 47.12   14.7    2.0 33  50 23.1 0.27  1.6  1.4  1.1 0.374E-01-0.734E-01-0.548E+00 0.739E+00
120829 1830 50.26 38 23.52  46 38.81   19.1    1.0 33  48 35.5 0.26  1.6  1.2  1.1-0.135E+00-0.146E-01-0.565E+00 0.708E+00
120830 0342 46.37 38 27.14  46 38.46   17.6    2.0 33  39  6.2 0.23  1.3  1.1  0.9 0.208E-01 0.132E+00-0.188E+00 0.634E+00
120830 0625 50.46 38 26.27  46 42.35    9.9    2.0 33  46  8.1 0.25  1.5  1.6  1.0 0.239E+00-0.124E+00-0.550E+00 0.701E+00
120830 0630 42.81 38 26.88  46 51.98   13.4    2.0 33  51 16.8 0.37  2.2  2.4  1.4 0.238E+00-0.508E+00-0.187E+01 0.100E+01
120830 0645 56.43 38 25.71  46 41.32    6.8    1.0 33  42  8.6 0.21  1.2  1.4  0.9 0.528E-01-0.414E+00-0.119E+00 0.579E+00
120830 1016 10.07 38 26.44  46 53.14   13.0    2.0 33  51 15.4 0.21  1.2  1.3  0.8-0.432E-01 0.758E-01-0.434E+00 0.574E+00
120830 1133 16.74 38 26.93  46 40.45   18.8    2.0 33  40  6.1 0.20  1.3  1.1  0.9 0.506E-01 0.163E-01-0.520E+00 0.561E+00
120830 2103 18.35 38 29.87  46 34.08    7.5    2.0 33  36  8.7 0.26  1.5  2.3  1.0 0.152E+00-0.336E+00-0.133E+01 0.731E+00
120830 2143 49.23 38 26.02  46 34.04   18.0    1.0 33  37 11.8 0.17  1.0  0.8  0.8 0.250E-01-0.165E+00-0.109E+00 0.468E+00
120831 0258 33.16 38 29.59  46 55.87   11.1    2.0 33  55 10.5 0.27  1.6  1.8  1.1-0.754E-01 0.168E+00-0.132E+01 0.752E+00
120831 0400 59.22 38 26.72  46 36.66   20.1    2.0 33  53  8.2 0.20  1.2  1.2  0.9 0.158E+00-0.181E-01-0.197E+00 0.566E+00
120831 0908 19.56 38 30.57  46 42.53   16.8    2.0 33  47  3.6 0.20  1.3  1.1  0.9 0.158E+00-0.390E+00-0.264E+00 0.570E+00
120831 1114 26.32 38 23.08  46 43.34    8.6    2.0 33  46 28.9 0.25  1.5  2.0  1.0 0.203E+00-0.568E+00-0.115E+01 0.682E+00
120831 1131 18.61 38 22.59  46 39.53   12.3    2.0 33  86 34.1 0.26  1.6  1.9  1.1 0.136E+00-0.106E+00-0.123E+01 0.729E+00
120831 2016  1.01 38 21.59  46 45.49   10.0    1.0 33  50 25.2 0.61  3.2  4.0  2.3 0.130E+01 0.109E+01-0.155E+01 0.163E+01
120831 2114 55.45 38 26.06  46 38.85    9.1    1.0 33  49  7.9 0.19  1.1  1.1  0.8-0.171E-01-0.191E+00-0.133E+00 0.538E+00
120831 2241 14.37 38 23.59  46 42.08   25.9    1.0 33  45 12.6 0.19  1.2  1.1  0.9-0.403E-01 0.497E-01-0.300E+00 0.526E+00
120831 2252 20.94 38 23.28  46 43.35   24.4    2.0 33  46 13.7 0.21  1.3  1.2  0.9-0.168E+00-0.173E+00-0.246E+00 0.583E+00
120901 0058 21.63 38 21.65  46 46.82    5.0    1.0 33  49 18.7 0.16  0.9  1.3  0.6-0.879E-02-0.851E-01-0.242E+00 0.451E+00
120901 0144 29.31 38 23.07  46 38.93   10.0    1.0 33  47 13.4 0.54  2.7  3.6  1.8 0.404E+00 0.419E-01-0.111E+01 0.144E+01
120901 0201 47.53 38 21.41  46 40.55    9.9    1.0 33  51 32.3 0.30  1.7  2.1  1.2 0.197E+00-0.137E+00-0.107E+01 0.822E+00
120901 0504  3.82 38 23.81  46 46.72   17.9    3.0 25  46 24.6 0.30  1.8  1.8  1.2-0.123E+00 0.145E+00-0.105E+01 0.812E+00
120901 0620 20.69 38 26.46  46 45.27   17.4    3.0 31  47 28.6 0.26  1.6  1.6  1.0 0.374E-01 0.414E-01-0.108E+01 0.712E+00
120901 0622 17.48 38 26.13  46 37.97   11.9    2.0 33  45  8.2 0.31  1.6  1.8  1.2 0.934E-01 0.375E-01-0.322E+00 0.850E+00
120901 0636 36.67 38 27.12  46 36.58   15.6    2.0 33  38  7.7 0.30  1.8  1.8  1.2-0.294E+00 0.872E-01-0.120E+01 0.820E+00
120901 0712 12.01 38 21.71  46 42.69   13.5    2.0 33  62 29.3 0.26  1.5  1.7  0.9 0.217E-01-0.290E+00-0.504E+00 0.722E+00
120901 1321 57.63 38 23.67  46 42.23   18.7    2.0 33  45 12.6 0.22  1.4  1.3  0.9 0.766E-01-0.172E+00-0.621E+00 0.607E+00
120901 1426  5.36 38 28.57  46 55.90   20.7    1.0 33  52 10.5 0.22  1.2  1.2  0.7-0.429E-01 0.153E+00-0.387E+00 0.488E+00
120901 1638 47.22 38 19.24  46 56.19    9.0    1.0 33  50  9.2 0.18  1.1  1.1  0.8-0.106E+00 0.150E+00-0.316E+00 0.512E+00
120901 1748 10.08 38 22.89  46 51.50   13.5    1.0 33  49 17.5 0.28  1.7  1.6  1.1 0.352E-01-0.963E-01-0.838E+00 0.772E+00
120901 1751 48.28 38 22.44  46 43.17   16.4    1.0 33  56 28.9 0.21  1.2  1.1  0.8-0.283E-01-0.719E-01-0.386E+00 0.573E+00
120901 1926 15.98 38 21.13  46 38.26    0.1    1.0 33  55 17.1 0.55  2.9  3.6  1.9-0.204E-02 0.198E+00-0.191E+01 0.149E+01
120901 1937 58.44 38 22.88  46 46.75   17.9    1.0 33  47 24.0 0.23  1.4  1.2  1.0 0.130E+00 0.204E-01-0.385E+00 0.648E+00
120901 1951 35.41 38 22.49  46 46.82   17.9    2.0 33  48 17.4 0.22  1.3  1.2  0.9 0.342E-01 0.103E+00-0.481E+00 0.624E+00
120901 2059 34.20 38 22.81  46 47.35   17.0    2.0 33  49 23.1 0.30  1.7  1.6  1.1-0.410E-01-0.119E+00-0.600E+00 0.825E+00
120901 2116 11.04 38 22.87  46 48.94   19.2    1.0 33  66 21.0 0.22  1.4  1.2  0.9-0.214E+00 0.133E+00-0.664E+00 0.609E+00
120901 2217 44.68 38 24.89  46 43.67   17.4    2.0 33  49 11.2 0.25  1.6  1.3  1.1-0.730E-01 0.142E+00-0.691E+00 0.699E+00
120902 0133 44.90 38 18.85  46 55.44    9.6    1.0 33  47 10.3 0.19  1.1  1.2  0.8-0.143E+00 0.818E-01-0.379E+00 0.540E+00
120902 0253 47.48 38 23.89  46 51.24   16.1    3.0 31  61 18.7 0.23  1.5  1.9  0.9-0.124E+00 0.115E+00-0.157E+01 0.639E+00
120902 0411 26.14 38 25.46  46 46.43   18.6    2.0 33  44 25.3 0.29  1.7  1.6  1.2-0.475E-01 0.405E+00-0.888E+00 0.787E+00
120902 0850 11.50 38 25.43  46 47.03   15.9    4.0 24  62 25.4 0.31  2.3  2.5  1.2 0.182E+00 0.160E-01-0.320E+01 0.847E+00
120902 0903 16.79 38 24.23  46 46.91   16.6    3.0 31  48 14.9 0.23  1.4  1.3  1.0-0.106E+00-0.372E-01-0.235E+00 0.650E+00
120902 0924 34.87 38 26.94  46 42.88   28.7    2.0 33  41 32.1 0.24  1.6  1.5  1.0 0.151E+00-0.243E+00-0.903E+00 0.662E+00
120902 1111 50.89 38 22.88  46 38.97   18.9    3.0 31  53 35.0 0.20  1.1  1.1  0.9 0.216E-01 0.199E-02-0.103E+00 0.569E+00
120902 1344  3.71 38 23.22  46 41.25   17.2    3.0 31  51 13.1 0.23  1.4  1.4  0.9-0.471E-02 0.159E+00-0.590E+00 0.625E+00
120902 1422 20.99 38 23.92  46 45.59   20.2    2.0 33  46 26.2 0.27  1.5  1.8  1.1-0.175E+00 0.930E-01-0.209E+00 0.735E+00
120902 1536 24.45 38 21.89  46 46.49    8.8    1.0 33  49 18.1 0.24  1.4  1.7  0.9-0.625E-01-0.445E-02-0.975E+00 0.656E+00
120902 2126 29.73 38 26.04  46 42.88   23.7    1.0 33  42  8.8 0.15  1.0  1.1  0.7 0.524E-01-0.164E+00-0.303E+00 0.441E+00
120902 2316 42.50 38 13.18  46 42.95    4.9    2.0 33  62 30.6 0.28  1.6  2.4  1.2-0.680E-01-0.838E+00-0.638E+00 0.777E+00
120903 0443 10.23 38 26.37  46 38.68   15.1    2.0 33  40  7.4 0.34  2.0  2.0  1.4 0.882E-01 0.108E+00-0.140E+01 0.923E+00
120903 0558 15.00 38 23.23  46 42.73   23.6    2.0 33  46 13.5 0.21  1.3  1.1  0.9 0.137E-01-0.113E+00-0.256E+00 0.587E+00
120903 1359 30.23 38 21.87  46 50.06   15.5    2.0 33  48 18.9 0.29  1.7  1.7  1.1 0.851E-01-0.906E-01-0.886E+00 0.809E+00
120903 1419 25.04 38 20.29  46 48.27    7.7    1.0 33  51 20.9 0.24  1.4  1.8  1.0-0.142E-01-0.586E-01-0.919E+00 0.661E+00
120903 1621 11.07 38 23.32  46 42.16   20.4    2.0 33  45 30.7 0.21  1.3  1.5  1.0 0.409E-02-0.243E-01-0.508E+00 0.601E+00
120903 1629 59.00 38 23.16  46 51.61   18.9    1.0 33  61 17.6 0.21  1.3  1.3  0.8 0.135E+00-0.245E+00-0.440E+00 0.584E+00
120903 1717 11.64 38 24.41  46 51.37   20.3    2.0 33  45 19.0 0.20  1.3  1.5  0.8-0.654E-01 0.114E+00-0.423E+00 0.563E+00
120903 1717 34.50 38 25.03  46 51.22   18.1    2.0 33  45 19.8 0.24  1.4  1.3  0.9 0.116E+00-0.579E-01-0.598E+00 0.671E+00
120903 2011 44.26 38 18.78  46 50.39   10.0    1.0 33  51 17.7 0.50  2.5  3.6  1.8-0.370E+00 0.921E+00-0.201E+01 0.135E+01
120903 2223 46.35 38 22.71  46 37.97   15.3    1.0 33  44 36.4 0.17  1.0  1.1  0.7-0.765E-02-0.397E-01-0.497E+00 0.473E+00
120903 2330 50.67 38 23.21  46 47.16    8.7    1.0 33  47 16.6 0.30  1.8  2.0  1.2 0.116E+00-0.478E+00-0.110E+01 0.821E+00
120903 2359 57.84 38 21.16  46 47.02   10.0    1.0 33  51 22.9 0.55  2.8  3.5  2.1 0.112E+01 0.304E+00-0.661E+00 0.147E+01
120904 0021 16.29 38 23.42  46 46.24   24.3    1.0 33  49 15.5 0.18  1.1  1.0  0.8 0.922E-01 0.222E-01-0.175E+00 0.494E+00
120904 0042 55.95 38 32.48  46 46.86   15.2    1.0 33  42 24.2 0.25  1.6  1.7  1.0 0.181E+00 0.239E-01-0.128E+01 0.697E+00
120904 0050 38.53 38 22.49  46 46.68   17.9    2.0 33  50 17.3 0.25  1.4  1.2  1.0-0.545E-01-0.187E+00-0.117E+00 0.683E+00
120904 0208 31.13 38 23.73  46 38.01   18.1    1.0 33  52 12.4 0.19  1.1  1.0  0.8 0.386E-01 0.374E-01-0.269E+00 0.535E+00
120904 0209  4.01 38 23.76  46 39.55   20.1    1.0 33  44 34.6 0.25  1.5  1.7  1.0-0.240E-01 0.348E+00-0.454E+00 0.678E+00
120904 0313 48.71 38 23.73  46 41.98   20.2    2.0 33  51 31.1 0.20  1.2  1.3  0.8 0.833E-01 0.105E+00-0.265E+00 0.548E+00
120904 0420 28.82 38 23.50  46 41.18   19.0    2.0 33  45 12.6 0.19  1.1  1.0  0.8 0.330E-01 0.132E-01-0.178E+00 0.530E+00
120904 0543 57.11 38 23.91  46 43.04   18.9    2.0 33  45 29.7 0.22  1.4  1.5  0.9 0.105E+00-0.353E+00-0.986E+00 0.617E+00
120904 0816 12.69 38 23.11  46 46.80   18.7    2.0 33  47 16.4 0.22  1.4  1.1  0.9-0.165E+00 0.111E+00-0.563E+00 0.611E+00
120904 1355 56.35 38 19.31  46 42.17    0.0    2.0 33  52 20.5 0.52  2.6  3.1  1.9-0.258E+00 0.262E+00-0.709E+00 0.142E+01
120904 1421 11.75 38 22.55  46 41.99   10.0    1.0 33  47 14.5 0.53  2.7  3.7  1.9 0.706E+00-0.789E+00-0.752E+00 0.143E+01
120904 1725 39.49 38 22.45  46 48.88   18.9    2.0 33  50 19.3 0.19  1.1  1.0  0.8 0.109E+00-0.568E-01-0.210E+00 0.531E+00
120904 1752 32.85 38 22.06  46 47.82   15.3    1.0 33  49 18.9 0.30  1.7  1.6  1.2 0.114E+00 0.115E+00-0.666E+00 0.822E+00
120904 1815  9.71 38 26.03  46 43.12   29.1    1.0 33  48 29.7 0.22  1.4  1.2  1.0 0.345E+00-0.292E+00-0.406E+00 0.605E+00
120904 1833 30.93 38 22.95  46 47.78   17.3    1.0 33  47 22.6 0.23  1.4  1.3  0.9-0.174E+00-0.868E-02-0.458E+00 0.637E+00
120904 1917 59.04 38 24.03  46 48.57   17.1    1.0 33  46 22.3 0.26  1.5  1.3  1.1 0.937E-01 0.113E+00-0.249E+00 0.726E+00
120904 2242 58.10 38 18.68  47  3.36   10.0    0.0 33  56  1.4 0.65  3.3  4.5  2.4 0.138E+00-0.352E+01-0.181E+01 0.175E+01
120904 2353 45.37 38 18.91  46 46.64   10.0    1.0 33  53 23.1 0.48  2.4  3.3  1.7-0.188E+00 0.865E+00-0.672E+00 0.131E+01
120905 0128  5.54 38 26.25  46 47.29    9.2    1.0 33  43 12.8 0.26  1.5  1.7  1.0 0.172E+00-0.243E+00-0.495E+00 0.728E+00
120905 0302 42.45 38 25.76  46 38.93   16.3    2.0 33  46  8.5 0.22  1.3  1.3  0.9 0.229E-01-0.302E-01-0.557E+00 0.625E+00
120905 0933 46.10 38 23.99  46 42.99   14.4    3.0 25  84 29.9 0.28  1.7  2.2  1.1 0.185E+00-0.653E+00-0.143E+01 0.729E+00
120905 1214  4.38 38 26.65  46 39.99   13.5    2.0 33  49  6.6 0.21  1.4  1.2  0.8-0.705E-01 0.663E-01-0.565E+00 0.598E+00
120905 1507 19.80 38 23.70  46 46.98   18.0    1.0 33  49 24.2 0.24  1.4  1.2  0.9 0.142E-01-0.134E+00-0.310E+00 0.653E+00
120905 1600  6.98 38 22.53  46 40.99   19.7    2.0 33  46 32.0 0.19  1.1  1.0  0.8-0.636E-01-0.536E-01-0.382E+00 0.520E+00
120905 1714 36.93 38 22.28  46 51.48   15.5    2.0 33  49 17.1 0.28  1.6  1.5  1.2-0.303E+00 0.485E+00-0.668E+00 0.768E+00
120905 1847 38.90 38 23.79  46 38.21   19.3    2.0 33  43 36.5 0.24  1.4  1.2  1.0-0.153E-01 0.859E-01-0.380E+00 0.663E+00
120905 1903 13.69 38 25.72  46 48.11   18.8    2.0 33  50 14.4 0.28  1.6  1.5  1.1 0.251E+00-0.320E+00-0.581E+00 0.769E+00
120905 2126 42.03 38 22.58  46 47.76   18.1    1.0 33  48 22.5 0.21  1.2  1.1  0.9 0.463E-02 0.167E-01-0.278E+00 0.593E+00
120905 2348 36.96 38 25.17  46 51.46    4.1    2.0 33  45 19.0 0.25  1.3  2.0  0.9-0.224E-03 0.167E+00-0.508E+00 0.678E+00
120906 0119 42.40 38 25.37  46 46.49   20.5    2.0 33  45 26.1 0.26  1.6  1.8  1.1-0.482E-01 0.112E+00-0.957E+00 0.732E+00
120906 0219 16.31 38 22.92  46 50.40   18.2    2.0 33  49 19.0 0.23  1.4  1.1  1.0 0.613E-01 0.133E+00-0.280E+00 0.652E+00
120906 0851 17.69 38 22.78  46 39.04   18.9    2.0 33  46 13.9 0.20  1.1  1.1  0.8-0.338E-01 0.736E-01-0.230E+00 0.550E+00
120906 1038 31.22 38 23.95  46 48.96   13.1    2.0 33  47 17.4 0.36  2.0  2.1  1.5 0.421E+00-0.728E+00-0.870E+00 0.974E+00
120906 2023 33.92 38 24.27  46 38.95   20.1    2.0 33  43 11.2 0.23  1.4  1.5  1.0-0.101E+00 0.385E+00-0.482E+00 0.633E+00
120906 2033 21.80 38 23.33  46 51.94   19.2    2.0 33  52 17.3 0.22  1.3  1.2  0.9 0.362E-01-0.185E+00-0.433E+00 0.620E+00
120906 2202 27.31 38 21.51  46 51.17   17.2    1.0 33  49 17.1 0.23  1.4  1.3  0.9-0.607E-01-0.172E+00-0.573E+00 0.631E+00
120906 2207 25.59 38 22.64  46 41.21   19.2    1.0 33  46 31.7 0.21  1.2  1.1  0.8 0.298E-01 0.189E-01-0.241E+00 0.580E+00
120906 2338  4.88 38 24.10  46 42.22   19.1    1.0 33  44 31.0 0.22  1.3  1.4  0.9-0.115E-01 0.100E+00-0.718E+00 0.621E+00
120906 2356  4.03 38 22.34  46 46.54   14.1    1.0 33  48 24.0 0.19  1.1  1.1  0.8-0.971E-01-0.127E+00-0.269E+00 0.545E+00
120907 0235 38.25 38 26.86  47  3.37    4.1    1.0 33  57  4.7 0.32  1.7  2.0  1.2-0.666E-01 0.943E-01 0.803E-01 0.813E+00
120907 0541 29.58 38 39.61  46 47.05    4.1    1.0 33  39 30.0 0.30  1.7  3.4  1.2-0.130E+00 0.106E+01-0.246E+01 0.834E+00
120907 1246 24.37 38 22.78  46 42.95   18.9    3.0 31  47 29.3 0.23  1.5  1.7  1.0 0.394E-01-0.769E-01-0.129E+01 0.647E+00
120907 1610 54.80 38 25.97  46 47.44   19.8    2.0 33  43 25.4 0.33  2.2  2.1  1.4-0.480E+00 0.873E+00-0.227E+01 0.899E+00
120907 1649 54.35 38 23.60  46 39.30   16.0    1.0 33  52 12.3 0.24  1.4  1.3  1.0 0.228E+00-0.159E+00-0.371E+00 0.674E+00
120907 1725 50.64 38 23.22  46 48.63   17.0    2.0 33  48 21.6 0.27  1.7  1.4  1.1 0.337E+00-0.213E+00-0.770E+00 0.738E+00
120907 1748 16.84 38 11.43  46 51.08   14.6    1.0 33  57 21.9 0.25  1.5  1.5  1.1 0.118E-01-0.373E+00-0.337E+00 0.705E+00
120907 1753 54.62 38 22.54  46 43.06   17.0    1.0 33  47 14.9 0.20  1.2  1.3  0.8 0.663E-01-0.225E+00-0.377E+00 0.563E+00
120907 1917 21.36 38 26.78  46 47.37   20.2    2.0 33  52 12.4 0.24  1.5  1.5  1.0-0.743E-01 0.480E-01-0.903E+00 0.671E+00
120907 1929 15.78 38 23.21  46 42.47   18.4    2.0 33  46 13.5 0.22  1.3  1.2  0.9 0.409E-02-0.799E-01-0.356E+00 0.630E+00
120907 1949 29.67 38 20.24  46 48.51   10.7    1.0 33  51 20.5 0.26  1.8  2.1  1.0-0.233E+00 0.136E+00-0.192E+01 0.726E+00
120907 2000  7.01 38 22.97  46 48.23   14.7    1.0 33  47 22.0 0.25  1.5  1.8  0.9-0.167E+00 0.334E+00-0.121E+01 0.688E+00
120907 2047 22.95 38 22.72  46 48.51   13.5    1.0 33  48 21.5 0.19  1.1  1.2  0.8 0.235E-01-0.174E+00-0.239E+00 0.537E+00
120907 2133 49.29 38 21.76  46 38.65   10.0    1.0 33  56 15.8 0.59  3.0  3.8  2.2-0.327E+00-0.191E+01-0.427E+00 0.159E+01
120907 2136 57.23 38 22.85  46 53.55   17.7    2.0 33  46 14.8 0.21  1.3  1.2  0.9 0.770E-01 0.121E+00-0.369E+00 0.592E+00
120907 2337 53.44 38 20.84  46 50.73   10.0    1.0 33  49 17.5 0.57  3.0  3.7  2.1-0.858E+00 0.240E+01-0.244E+01 0.155E+01
120908 0053 37.12 38 27.45  46 44.59   18.7    2.0 33  47  8.3 0.25  1.5  1.4  1.0 0.214E+00 0.425E-01-0.518E+00 0.695E+00
120908 0112 30.13 38 22.58  46 46.35   14.2    1.0 33  48 16.9 0.29  1.6  1.8  1.2 0.496E-01-0.650E+00-0.828E+00 0.798E+00
120908 0231 18.66 38 24.75  46 51.90   23.6    1.0 33  45 18.7 0.17  1.1  1.1  0.7 0.167E-01 0.340E-01-0.272E+00 0.494E+00
120908 0416 15.57 38 23.34  46 39.62   14.9    2.0 33  44 12.8 0.24  1.4  1.5  1.0 0.111E+00-0.312E+00-0.542E+00 0.659E+00
120908 0446 49.54 38 21.80  46 38.54   19.1    1.0 33  46 35.3 0.19  1.2  1.2  0.8 0.726E-02-0.153E+00-0.465E+00 0.534E+00
120908 0652 30.94 38 23.10  46 42.06   15.5    3.0 31  51 30.7 0.24  1.4  1.4  1.0 0.678E-01-0.351E+00-0.573E+00 0.661E+00
120908 0830  3.91 38 23.35  46 46.37   13.2    2.0 33  47 15.7 0.29  1.7  1.7  1.2 0.187E+00-0.472E-01-0.869E+00 0.796E+00
120908 0938 37.71 38 19.11  46 47.59   10.1    2.0 33  52 21.8 0.29  1.7  1.8  1.1-0.205E+00-0.212E+00-0.321E+00 0.813E+00
120908 1401 12.73 38 21.78  46 38.75   10.0    1.0 33  46 15.8 0.50  2.7  3.8  1.8 0.788E+00-0.759E+00-0.269E+01 0.134E+01
120908 2035 44.62 38 22.67  46 51.19   12.7    3.0 26  81 17.8 0.35  2.4  2.3  1.3-0.256E+00 0.243E+00-0.198E+01 0.954E+00
120908 2104 45.09 38 22.61  46 46.98   11.9    1.0 33  62 17.3 0.21  1.4  1.5  0.9 0.577E-04-0.144E+00-0.881E+00 0.591E+00
120908 2124  6.58 38 27.25  46 41.24    4.1    2.0 33  47  5.8 0.24  1.3  1.8  1.0 0.109E+00 0.848E-01-0.260E-01 0.662E+00
120909 0450 28.06 38 23.01  46 42.90   13.8    1.0 33  46 14.0 0.26  1.5  1.4  1.0-0.249E-01-0.194E+00-0.219E+00 0.711E+00
120909 1008 20.57 38 23.74  46 50.86   17.6    3.0 31  53 19.1 0.24  1.5  1.5  1.0 0.129E+00-0.329E+00-0.856E+00 0.674E+00
120909 1358 18.20 38 21.97  46 41.18   17.7    2.0 33  47 15.4 0.30  1.9  2.0  1.3-0.183E+00 0.233E+00-0.181E+01 0.837E+00
120909 1740  1.15 38 22.75  46 40.45    0.1    1.0 33  46 13.9 0.59  3.0  3.7  2.4 0.578E+00 0.300E+00-0.296E-01 0.163E+01
120909 2025 44.57 38 22.82  46 38.68   16.8    2.0 33  51 13.9 0.27  1.7  1.4  1.2-0.456E+00-0.476E+00-0.266E+00 0.758E+00
120909 2206 59.96 38 26.49  46 39.56   19.0    2.0 33  48  7.0 0.26  1.6  1.5  1.1-0.152E+00 0.212E+00-0.865E+00 0.731E+00
120909 2207 57.74 38 23.60  46 39.53    8.9    1.0 33  44 12.3 0.22  1.3  1.5  0.9 0.892E-01-0.122E+00-0.594E+00 0.615E+00
120909 2250 38.82 38 20.29  46 52.57    7.7    1.0 33  48 14.7 0.23  1.3  1.6  1.0-0.597E-01 0.903E-01-0.720E+00 0.627E+00
120910 0147  2.89 38 26.54  46 42.90   16.6    1.0 33  41 31.7 0.29  1.6  1.4  1.2 0.176E+00-0.258E+00-0.172E+00 0.797E+00
120910 0202 12.95 38 24.33  46 49.56   17.8    2.0 33  45 17.6 0.29  1.8  2.0  1.2-0.155E+00-0.417E-01-0.182E+01 0.783E+00
120910 0855 50.18 38 23.30  46 42.21   18.9    3.0 22  51 30.6 0.24  1.6  1.6  1.0-0.313E+00 0.146E+00-0.102E+01 0.659E+00
120910 1328 35.65 38 13.18  46 43.86   14.7    2.0 33  61 29.3 0.27  1.5  1.5  1.1 0.112E+00-0.191E+00-0.167E+00 0.735E+00
120910 1725 43.98 38 22.94  46 37.89    0.1    1.0 33  44 13.9 0.57  2.9  3.5  2.1-0.249E+00-0.887E+00-0.470E+00 0.155E+01
120910 1932 18.11 38 29.58  46 46.46   23.9    1.0 33  53 30.4 0.21  1.3  1.8  0.9-0.230E+00 0.425E+00-0.882E+00 0.588E+00
120911 0009 48.63 38 24.09  46 32.32   18.4    1.0 33  38 38.7 0.22  1.3  1.4  0.9 0.177E+00-0.461E+00-0.401E+00 0.603E+00
120911 0323 33.19 38 22.89  46 46.48   16.7    2.0 33  49 16.5 0.23  1.3  1.2  0.8 0.418E-02-0.131E-01-0.297E+00 0.626E+00
120911 0325 33.33 38 23.90  46 38.96   16.3    2.0 33  43 11.8 0.24  1.5  1.5  1.1 0.266E+00-0.383E+00-0.641E+00 0.676E+00
120911 1030 33.68 38 24.26  46 38.88   20.7    3.0 29  51 11.2 0.47  2.8  3.4  2.0 0.438E+00 0.955E+00-0.224E+00 0.129E+01
120911 1630 16.89 38 19.92  46 48.21   10.0    1.0 33  51 20.9 0.61  3.0  3.7  2.1 0.663E+00 0.348E+00 0.662E-01 0.165E+01
120911 1738 53.17 38 18.99  46 55.15   10.0    1.0 33  47 10.7 0.59  3.1  3.9  2.3 0.461E+00 0.103E+01-0.203E+01 0.161E+01
120911 2141 12.64 38 21.24  46 54.69   11.9    1.0 33  46 12.1 0.29  1.6  1.6  1.1-0.169E-01 0.271E-01-0.570E+00 0.786E+00
120911 2248 26.29 38 26.23  46 42.52   20.5    2.0 33  48  8.2 0.26  1.5  1.9  1.1-0.264E-01 0.720E+00-0.598E+00 0.707E+00
120912 0915 44.07 38 20.79  46 38.82   10.0    2.0 33  48 17.6 0.69  3.7  3.9  2.7 0.396E+00-0.163E+01-0.213E+01 0.185E+01
120912 1003 30.51 38 22.06  46 39.14   10.0    2.0 33  46 15.2 0.58  3.0  3.6  2.1 0.647E+00-0.908E+00-0.284E+01 0.155E+01
120912 1244 25.69 38 23.23  46 41.25   18.9    1.0 33  45 13.1 0.17  1.0  1.0  0.8 0.170E-01 0.341E-01-0.255E+00 0.487E+00
120912 1259 25.15 38 23.06  46 40.29   14.7    2.0 33  45 13.3 0.22  1.4  1.6  0.9 0.111E+00-0.292E+00-0.104E+01 0.605E+00
120912 2033 52.59 38 22.86  46 38.06   14.1    1.0 33  44 14.0 0.21  1.2  1.1  0.8 0.932E-02-0.486E-01-0.241E+00 0.587E+00
120912 2041 41.66 38 26.59  46 32.40   11.3    1.0 33  36 13.1 0.22  1.2  1.3  0.9 0.633E-01 0.274E-01-0.502E+00 0.601E+00
120912 2246  4.66 38 23.05  46 39.27   10.0    1.0 33  45 13.4 0.54  2.9  3.5  2.1 0.879E-02 0.269E+00-0.251E+01 0.145E+01
120912 2311 17.45 38 23.37  46 42.17   18.5    0.0 33  53 13.1 0.21  1.3  1.0  0.8 0.238E-01 0.117E+00-0.252E+00 0.580E+00
120913 0019 48.11 38 25.75  46 40.03   15.7    1.0 33  46  8.3 0.27  1.5  1.4  1.1 0.669E-01-0.968E-01-0.294E+00 0.744E+00
120913 0151 45.86 38 22.58  46 38.95   13.9    1.0 33  54 14.3 0.23  1.4  1.2  0.9 0.191E+00 0.308E-01-0.318E+00 0.627E+00
120913 0427 37.58 38 24.70  46 50.58   20.2    2.0 33  45 20.3 0.20  1.2  1.4  0.8-0.637E-01 0.176E+00-0.198E+00 0.560E+00
120913 1212 13.07 38 25.13  46 52.22   18.3    2.0 33  44 18.7 0.31  2.0  1.7  1.2-0.118E+00 0.895E-01-0.147E+01 0.863E+00
120913 1415 49.24 38 23.65  46 42.45   20.2    1.0 33  45 30.4 0.17  1.0  1.2  0.7-0.368E-02 0.109E+00-0.102E+00 0.491E+00
120913 1451 29.31 38 22.18  46 37.01   10.0    2.0 33  45 15.6 0.56  2.8  3.6  2.1 0.132E+00-0.101E+01-0.701E+00 0.151E+01
120913 1648  9.91 38 20.16  46 51.42    7.4    1.0 33  49 16.3 0.19  1.1  1.3  0.8 0.622E-01-0.214E-01-0.411E+00 0.544E+00
120913 1742 24.50 38 22.39  46 46.23   17.6    1.0 33  48 17.1 0.16  1.0  1.0  0.7-0.400E-01-0.360E-01-0.310E+00 0.469E+00
120913 1819 28.31 38 23.87  46 38.92   12.5    1.0 33  43 11.9 0.26  1.5  1.8  1.0 0.242E+00-0.241E+00-0.559E+00 0.716E+00
120913 1905 15.47 38 21.37  46 47.55   10.7    1.0 33  50 19.7 0.19  1.1  1.4  0.7-0.152E+00 0.655E-01-0.598E+00 0.526E+00
120913 1945 20.44 38 23.33  46 41.99   19.3    3.0 25  45 30.9 0.22  1.4  1.2  1.0 0.173E+00-0.126E+00-0.282E+00 0.625E+00
120913 2230  4.17 38 23.07  46 52.26   16.9    1.0 33  46 16.7 0.25  1.5  1.3  1.1 0.827E-01-0.155E+00-0.542E+00 0.705E+00
120913 2257 56.27 38 23.87  46 38.93   14.5    1.0 33  45 11.9 0.23  1.4  1.3  1.1 0.861E-01-0.431E+00-0.387E+00 0.629E+00
120913 2356 12.78 38 22.96  46 43.63   28.2    1.0 33  47 28.4 0.18  1.2  1.0  0.8 0.924E-01-0.211E+00-0.322E+00 0.499E+00
120914 0042 36.72 38 23.34  46 49.59   16.9    2.0 33  50 20.4 0.20  1.2  1.1  0.8-0.206E-01 0.382E-01-0.368E+00 0.564E+00
120914 0219 38.09 38 23.29  46 39.16   14.3    3.0 28  46 34.9 0.37  2.1  2.2  1.5-0.128E+00 0.427E+00-0.888E+00 0.101E+01
120914 1321  2.19 38 21.64  46 46.66    9.4    1.0 33  50 23.6 0.24  1.4  1.7  0.9 0.133E+00-0.445E-02-0.774E+00 0.660E+00
120914 1432 33.29 38 25.90  46 36.99   18.9    2.0 33  53  9.2 0.18  1.1  1.2  0.8 0.816E-01-0.100E+00-0.588E+00 0.504E+00
120914 1641  4.99 38 22.96  46 47.96   13.4    2.0 33  47 17.7 0.26  1.5  1.8  1.0-0.863E-01-0.381E-01-0.105E+01 0.722E+00
120915 1101 17.38 38 22.57  46 46.95   18.4    2.0 33  50 23.6 0.23  1.5  1.5  0.9-0.979E-01-0.870E-01-0.108E+01 0.633E+00
120915 1919 21.03 38 24.47  46 48.38   17.6    2.0 33  47 16.1 0.23  1.4  1.3  0.9 0.344E-01-0.147E+00-0.749E+00 0.621E+00
120915 2028 29.16 38 22.34  46 47.34   10.7    1.0 33  50 18.0 0.30  1.7  2.2  1.1-0.306E-01 0.327E+00-0.149E+01 0.816E+00
120915 2117 11.08 38 22.01  46 51.23   17.8    1.0 33  48 17.3 0.21  1.3  1.1  0.9-0.173E-01 0.141E+00-0.335E+00 0.592E+00
120916 0101 33.79 38 23.02  46 34.33    1.9    0.0 33  41 15.8 0.17  0.9  1.1  0.7-0.166E-01-0.877E-01-0.149E+00 0.466E+00
120916 1712 51.30 38 23.89  46 51.47   18.5    2.0 33  46 18.4 0.24  1.4  1.1  1.1 0.178E+00-0.155E+00-0.313E+00 0.653E+00
120916 1806 50.75 38 19.00  46 42.25    0.0    2.0 33  55 21.0 0.41  2.1  2.7  1.5-0.480E-01-0.417E+00-0.795E+00 0.111E+01
120916 1948  9.62 38 19.68  46 46.93   12.1    1.0 33  52 22.8 0.23  1.4  1.6  0.9-0.917E-01 0.215E+00-0.819E+00 0.645E+00
120916 2259  3.68 38 22.78  46 43.51   17.8    1.0 33  51 14.7 0.17  1.0  1.0  0.7-0.578E-01 0.500E-01-0.237E+00 0.483E+00
