

 Input date file   --> phase_unw.dat 
 Output print file --> print_unw.out 
 Output punch file --> hyp71_unw.dat 
 Output resum file --> HYPO71.RES    
 Input milieu file -->               
 Ouput reloc  file -->               

1
                                         GENERATED USING 'PyHypo71' CODE                
 STANDARD 
   1   0.1000   2  10.0000   3   2.0000   4   0.0500   5   5.0000
   6   4.0000   7  -0.8700   8   2.0000   9   0.0035  10 100.0000
  11   8.0000  12   0.5000  13   1.0000  14   0.0000  15   0.0000
  16   0.0000  17   0.0000  18   0.0000  19   0.0000  20   1.0000
 RESET TO 
   1   0.1000   2 500.0000   3   2.0000   4   0.0500   5   5.0000
   6   4.0000   7  -0.8700   8   2.0000   9   0.0035  10 100.0000
  11   8.0000  12   0.5000  13   1.0000  14   0.0000  15   0.0000
  16   0.0000  17   0.0000  18   0.0000  19   0.0000  20   1.0000

    L     STN     LAT     LONG    ELV DELAY     FMGC  XMGC KL  PRR  CALR IC      DATE HRMN  dt
    1    APSL 34 8.58N  5345.72E    0  0.00     0.00   0.00 0 0.00   0.00 0          0   0  0.00
    2    AVTK 34 3.00N  5152.68E    0  0.00     0.00   0.00 0 0.00   0.00 0          0   0  0.00
    3    CBZA 3336.54N  5146.98E    0  0.00     0.00   0.00 0 0.00   0.00 0          0   0  0.00
    4    DNOA 3419.44N  5324.30E    0  0.00     0.00   0.00 0 0.00   0.00 0          0   0  0.00
    5    DQYH 3430.42N  5152.26E    0  0.00     0.00   0.00 0 0.00   0.00 0          0   0  0.00
    6    FOUH 3446.38N  5246.62E    0  0.00     0.00   0.00 0 0.00   0.00 0          0   0  0.00
    7    HLUH 3513.68N  5130.78E    0  0.00     0.00   0.00 0 0.00   0.00 0          0   0  0.00
    8    LUEX 3352.44N  5158.14E    0  0.00     0.00   0.00 0 0.00   0.00 0          0   0  0.00
    9    MGUS 3347.04N  5345.72E    0  0.00     0.00   0.00 0 0.00   0.00 0          0   0  0.00
   10    QYDI 3524.24N  5219.26E    0  0.00     0.00   0.00 0 0.00   0.00 0          0   0  0.00
   11    RAWC 3325.44N  5345.84E    0  0.00     0.00   0.00 0 0.00   0.00 0          0   0  0.00
   12    RHPW 34 8.88N  5251.90E    0  0.00     0.00   0.00 0 0.00   0.00 0          0   0  0.00
   13    RPKV 3513.26N  5147.28E    0  0.00     0.00   0.00 0 0.00   0.00 0          0   0  0.00
   14    VOCA 3440.80N  5329.70E    0  0.00     0.00   0.00 0 0.00   0.00 0          0   0  0.00
   15    XBVK 3419.68N  5241.34E    0  0.00     0.00   0.00 0 0.00   0.00 0          0   0  0.00



       CRUSTAL MODEL 1
     VELOCITY     DEPTH
        3.680     0.000
        4.160     8.000
        5.030    16.000
        5.920    24.000
        6.710    32.000



 KS Z XNEAR XFAR  POS   IQ  KMS  KFM IPUN IMAG   IR IPRN CODE   LATR      LONR
 0 10. 135. 338. 1.72    4    0    0    1    1    0    000111   0  0.00   0  0.00
1

                               GENERATED USING 'PyHypo71' CODE                                                 20/ 1/ 1     0: 0


  DATE    ORIGIN    LAT N    LONG E    DEPTH    MAG NO DM GAP M  RMS  ERH  ERZ Q SQD  ADJ IN NR  AVR  AAR NM AVXM SDXM NF AVFM SDFM I
 200101  0 0  0.44 33-52.09  52-25.10  14.47        14 57 213 1 0.84  3.5  3.7 D D|D16.07 10 14 0.00 0.70  0  0.0  0.0  0  0.0  0.0 3

  STN  DIST AZM AIN PRMK HRMN P-SEC TPOBS TPCAL DLY/H1 P-RES P-WT AMX PRX CALX K XMAG RMK FMP FMAG SRMK S-SEC TSOBS S-RES  S-WT    DT
 XBVK  56.8  26  56  P 0  0 0 14.88 14.44 14.06  0.00  0.38  0.95   0  0  0.00 0                    S 0 26.04 25.60  1.42   0.9            
 DQYH  87.0 325  45  P 0  0 0 20.68 20.24 19.70  0.00  0.54  0.94   0  0  0.00 0                    S 0 36.19 35.75  1.86   0.7            
 MGUS 124.7  94  38  P 0  0 0 25.83 25.39 25.58  0.00 -0.19  1.27   0  0  0.00 0                    S 0 45.21 44.77  0.77   1.3            
 VOCA 133.9  48  38  P 0  0 0 26.95 26.51 26.95  0.00 -0.44  1.27   0  0  0.00 0                    S 0 47.16 46.72  0.36   1.3            
 RAWC 134.2 112  38  P 0  0 0 26.82 26.38 26.99  0.00 -0.61  1.26   0  0  0.00 0                    S 0 46.94 46.50  0.07   1.3            
 QYDI 170.6 357  38  P 0  0 0 31.77 31.33 32.42  0.00 -1.09  0.74   0  0  0.00 0                    S 0 54.97 54.53 -1.23   0.7            
 HLUH 172.2 331  38  P 0  0 0 32.03 31.59 32.66  0.00 -1.07  0.75   0  0  0.00 0                    S 0 55.51 55.07 -1.10   0.7            
1

                               GENERATED USING 'PyHypo71' CODE                                                 20/ 1/ 1     0: 2


  DATE    ORIGIN    LAT N    LONG E    DEPTH    MAG NO DM GAP M  RMS  ERH  ERZ Q SQD  ADJ IN NR  AVR  AAR NM AVXM SDXM NF AVFM SDFM I
 200101  0 2  1.69 33-33.50  52-24.60  14.96        13 58 179 1 0.41  2.1  2.3 D C|D 3.29 10 14 0.00 0.29  0  0.0  0.0  0  0.0  0.0 4

  STN  DIST AZM AIN PRMK HRMN P-SEC TPOBS TPCAL DLY/H1 P-RES P-WT AMX PRX CALX K XMAG RMK FMP FMAG SRMK S-SEC TSOBS S-RES  S-WT    DT
 CBZA  58.5 276  56  P 0  0 2 16.21 14.52 14.33  0.00  0.19  1.75   0  0  0.00 0                    S 0 26.11 24.42 -0.23   1.7            
 AVTK  73.5 318  56  P 0  0 2 19.14 17.45 17.31  0.00  0.13  0.58   0  0  0.00 0                    S 0 31.24 29.55 -0.23   0.6            
 DQYH 116.4 335  38  P 0  0 2 26.54 24.85 24.25  0.00  0.60  0.57   0  0  0.00 0                    S 0 44.19 42.50  0.79   0.6            
 RAWC 126.7  97  38  P 0  0 2 27.52 25.83 25.78  0.00  0.04  1.75   0  0  0.00 0                    S 0 45.92 44.23 -0.12   1.7            
 MGUS 127.9  79  38  P 0  0 2 27.99 26.30 25.96  0.00  0.34  0.86   0  0  0.00 0                    S 0 46.72 45.03  0.38   0.9            
 APSL 140.9  63  38  P 0  0 2 29.43 27.74 27.90  0.00 -0.17  0.85   0  0  0.00 0                    S 0 49.12 47.43 -0.57   0.8            
 HLUH 202.8 336  38  P 0  0 2 37.06 35.37 37.12  0.00 -1.75  0.30   0  0  0.00 0                    S 0 61.50 59.81 -4.03** 0.0            
1

                               GENERATED USING 'PyHypo71' CODE                                                 20/ 1/ 1     0: 4


  DATE    ORIGIN    LAT N    LONG E    DEPTH    MAG NO DM GAP M  RMS  ERH  ERZ Q SQD  ADJ IN NR  AVR  AAR NM AVXM SDXM NF AVFM SDFM I
 200101  0 4  4.30 33-28.67  52-25.06  18.52        14 85 261 1 0.76  5.6  6.4 D D|D 6.35 10 14-0.00 0.58  0  0.0  0.0  0  0.0  0.0 5

  STN  DIST AZM AIN PRMK HRMN P-SEC TPOBS TPCAL DLY/H1 P-RES P-WT AMX PRX CALX K XMAG RMK FMP FMAG SRMK S-SEC TSOBS S-RES  S-WT    DT
 RHPW  85.1  29  58  P 0  0 4 23.97 19.67 18.86  0.00  0.81  1.00   0  0  0.00 0                    S 0 37.45 33.15  0.71   1.0            
 DQYH 124.8 336  49  P 0  0 4 29.87 25.57 24.98  0.00  0.59  1.33   0  0  0.00 0                    S 0 47.77 43.47  0.51   1.3            
 MGUS 129.3  75  49  P 0  0 4 30.40 26.10 25.64  0.00  0.46  1.00   0  0  0.00 0                    S 0 48.69 44.39  0.29   1.0            
 DNOA 130.9  44  49  P 0  0 4 30.04 25.74 25.89  0.00 -0.15  1.01   0  0  0.00 0                    S 0 48.01 43.71 -0.82   1.0            
 APSL 144.7  59  49  P 0  0 4 31.93 27.63 27.94  0.00 -0.31  0.96   0  0  0.00 0                    S 0 51.32 47.02 -1.03   1.0            
 FOUH 147.4  13  49  P 0  0 4 32.87 28.57 28.34  0.00  0.22  1.27   0  0  0.00 0                    S 0 53.01 48.71 -0.04   1.3            
 HLUH 211.2 337  49  P 0  0 4 40.29 35.99 37.85  0.00 -1.86  0.80   0  0  0.00 0                    S 0 64.87 60.57 -4.54** 0.1            
1

                               GENERATED USING 'PyHypo71' CODE                                                 20/ 1/ 1     0: 6


  DATE    ORIGIN    LAT N    LONG E    DEPTH    MAG NO DM GAP M  RMS  ERH  ERZ Q SQD  ADJ IN NR  AVR  AAR NM AVXM SDXM NF AVFM SDFM I
 200101  0 6  8.18 34- 2.42  52-49.95  21.89        14 82 115 1 0.36  1.2  2.4 D C|D 1.68 10 14 0.00 0.32  0  0.0  0.0  0  0.0  0.0 6

  STN  DIST AZM AIN PRMK HRMN P-SEC TPOBS TPCAL DLY/H1 P-RES P-WT AMX PRX CALX K XMAG RMK FMP FMAG SRMK S-SEC TSOBS S-RES  S-WT    DT
 LUEX  81.9 257  58  P 0  0 6 26.02 17.84 17.97  0.00 -0.13  0.60   0  0  0.00 0                    S 0 38.79 30.61 -0.29   0.6            
 AVTK  88.1 271  58  P 0  0 6 27.01 18.83 19.02  0.00 -0.19  0.60   0  0  0.00 0                    S 0 40.52 32.34 -0.37   0.6            
 MGUS  90.5 108  49  P 0  0 6 27.90 19.72 19.42  0.00  0.30  0.89   0  0  0.00 0                    S 0 42.07 33.89  0.48   0.9            
 VOCA  93.5  41  49  P 0  0 6 27.82 19.64 19.87  0.00 -0.23  1.79   0  0  0.00 0                    S 0 41.93 33.75 -0.43   1.7            
 DQYH 102.6 300  49  P 0  0 6 29.72 21.54 21.22  0.00  0.33  1.77   0  0  0.00 0                    S 0 45.26 37.08  0.59   1.6            
 CBZA 108.3 244  49  P 0  0 6 29.94 21.76 22.07  0.00 -0.31  0.59   0  0  0.00 0                    S 0 45.64 37.46 -0.50   0.6            
 RAWC 110.1 128  49  P 0  0 6 30.49 22.31 22.34  0.00 -0.03  0.90   0  0  0.00 0                    S 0 46.61 38.43  0.01   0.9            
1

                               GENERATED USING 'PyHypo71' CODE                                                 20/ 1/ 1     0: 8


  DATE    ORIGIN    LAT N    LONG E    DEPTH    MAG NO DM GAP M  RMS  ERH  ERZ Q SQD  ADJ IN NR  AVR  AAR NM AVXM SDXM NF AVFM SDFM I
 200101  0 8 10.47 33-57.05  52-33.32   3.23        14 44 131 1 0.32  1.1  1.0 C C|C 0.86 10 14-0.00 0.27  0  0.0  0.0  0  0.0  0.0 6

  STN  DIST AZM AIN PRMK HRMN P-SEC TPOBS TPCAL DLY/H1 P-RES P-WT AMX PRX CALX K XMAG RMK FMP FMAG SRMK S-SEC TSOBS S-RES  S-WT    DT
 XBVK  43.6  16  94  P 0  0 8 22.43 11.96 11.88  0.00  0.08  1.22   0  0  0.00 0                    S 0 30.25 19.78 -0.66   1.0            
 CBZA  81.0 242  47  P 0  0 8 31.26 20.79 20.62  0.00  0.17  2.44   0  0  0.00 0                    S 0 45.70 35.23 -0.24   2.4            
 DNOA  88.6  62  38  P 0  0 8 32.87 22.40 22.10  0.00  0.30  0.60   0  0  0.00 0                    S 0 48.53 38.06  0.05   0.6            
 FOUH  93.5  13  38  P 0  0 8 33.83 23.36 22.92  0.00  0.45  1.13   0  0  0.00 0                    S 0 50.22 39.75  0.33   1.2            
 MGUS 113.2  99  33  P 0  0 8 36.94 26.47 26.16  0.00  0.31  0.59   0  0  0.00 0                    S 0 55.64 45.17  0.17   0.6            
 APSL 113.4  79  33  P 0  0 8 36.44 25.97 26.20  0.00 -0.23  0.60   0  0  0.00 0                    S 0 54.77 44.30 -0.76   0.4            
 RAWC 126.4 118  33  P 0  0 8 38.58 28.11 28.13  0.00 -0.02  0.61   0  0  0.00 0                    S 0 58.51 48.04 -0.34   0.6            
1

                               GENERATED USING 'PyHypo71' CODE                                                 20/ 1/ 1     0:10


  DATE    ORIGIN    LAT N    LONG E    DEPTH    MAG NO DM GAP M  RMS  ERH  ERZ Q SQD  ADJ IN NR  AVR  AAR NM AVXM SDXM NF AVFM SDFM I
 200101  010 15.62 33-57.84  52-42.47  37.90        14 25 187 1 0.59  1.7  3.2 D D|D 3.93 10 14 0.00 0.44  0  0.0  0.0  0  0.0  0.0 8

  STN  DIST AZM AIN PRMK HRMN P-SEC TPOBS TPCAL DLY/H1 P-RES P-WT AMX PRX CALX K XMAG RMK FMP FMAG SRMK S-SEC TSOBS S-RES  S-WT    DT
 RHPW  25.0  35 134  P 0  010 25.59  9.97  9.40  0.00  0.57  0.96   0  0  0.00 0                    S 0 33.54 17.92  1.76   0.5            
 LUEX  69.0 262 100  P 0  010 31.11 15.49 15.38  0.00  0.11  1.30   0  0  0.00 0                    S 0 43.19 27.57  1.12   1.2            
 DNOA  75.7  58  98  P 0  010 31.40 15.78 16.36  0.00 -0.58  0.94   0  0  0.00 0                    S 0 43.70 28.08 -0.06   1.0            
 CBZA  94.3 245  96  P 0  010 34.04 18.42 19.11  0.00 -0.69  1.26   0  0  0.00 0                    S 0 48.33 32.71 -0.16   1.3            
 VOCA 107.5  42  95  P 0  010 36.22 20.60 21.08  0.00 -0.47  0.96   0  0  0.00 0                    S 0 52.14 36.52  0.27   1.0            
 QYDI 163.6 347  93  P 0  010 44.94 29.32 29.43  0.00 -0.11  0.84   0  0  0.00 0                    S 0 66.24 50.62  0.00   0.8            
 HLUH 178.0 322  92  P 0  010 46.74 31.12 31.57  0.00 -0.44  1.01   0  0  0.00 0                    S 0 69.48 53.86 -0.43   1.0            
1

                               GENERATED USING 'PyHypo71' CODE                                                 20/ 1/ 1     0:12


  DATE    ORIGIN    LAT N    LONG E    DEPTH    MAG NO DM GAP M  RMS  ERH  ERZ Q SQD  ADJ IN NR  AVR  AAR NM AVXM SDXM NF AVFM SDFM I
 200101  012 16.87 33-35.33  52-32.65  12.37        14 62 222 1 0.42  3.7  2.7 D C|D 2.18 10 14 0.00 0.30  0  0.0  0.0  0  0.0  0.0 5

  STN  DIST AZM AIN PRMK HRMN P-SEC TPOBS TPCAL DLY/H1 P-RES P-WT AMX PRX CALX K XMAG RMK FMP FMAG SRMK S-SEC TSOBS S-RES  S-WT    DT
 LUEX  62.0 301  56  P 0  012 32.22 15.35 15.38  0.00 -0.03  0.97   0  0  0.00 0                    S 0 42.88 26.01 -0.44   1.0            
 AVTK  80.1 310  45  P 0  012 36.07 19.20 18.90  0.00  0.29  0.96   0  0  0.00 0                    S 0 49.63 32.76  0.24   1.0            
 MGUS 115.0  79  38  P 0  012 41.45 24.58 24.53  0.00  0.05  1.30   0  0  0.00 0                    S 0 59.03 42.16 -0.03   1.3            
 DQYH 119.3 329  38  P 0  012 42.45 25.58 25.17  0.00  0.41  0.96   0  0  0.00 0                    S 0 60.77 43.90  0.60   0.9            
 APSL 128.4  61  38  P 0  012 43.58 26.71 26.52  0.00  0.19  1.30   0  0  0.00 0                    S 0 62.73 45.86  0.24   1.3            
 VOCA 149.5  36  38  P 0  012 46.50 29.63 29.67  0.00 -0.04  1.20   0  0  0.00 0                    S 0 67.23 50.36 -0.67   1.2            
 RPKV 193.9 339  38  P 0  012 51.98 35.11 36.29  0.00 -1.19  0.64   0  0  0.00 0                    S 0 76.37 59.50 -2.93** 0.0            
1

                               GENERATED USING 'PyHypo71' CODE                                                 20/ 1/ 1     0:14


  DATE    ORIGIN    LAT N    LONG E    DEPTH    MAG NO DM GAP M  RMS  ERH  ERZ Q SQD  ADJ IN NR  AVR  AAR NM AVXM SDXM NF AVFM SDFM I
 200101  014 20.28 33-51.88  52-45.58  26.89        14 33 153 1 0.46  2.0  3.0 C C|C 2.06 10 14 0.00 0.22  0  0.0  0.0  0  0.0  0.0 7

  STN  DIST AZM AIN PRMK HRMN P-SEC TPOBS TPCAL DLY/H1 P-RES P-WT AMX PRX CALX K XMAG RMK FMP FMAG SRMK S-SEC TSOBS S-RES  S-WT    DT
 RHPW  32.9  17 108  P 0  014 29.91  9.63  9.56  0.00  0.07  0.96   0  0  0.00 0                    S 0 36.60 16.32 -0.12   1.0            
 XBVK  51.8 353  97  P 0  014 33.19 12.91 12.69  0.00  0.22  0.96   0  0  0.00 0                    S 0 42.33 22.05  0.22   1.0            
 LUEX  73.2 271  94  P 0  014 36.56 16.28 16.29  0.00 -0.00  0.96   0  0  0.00 0                    S 0 48.23 27.95 -0.06   1.0            
 AVTK  84.0 284  62  P 0  014 38.50 18.22 17.95  0.00  0.27  0.96   0  0  0.00 0                    S 0 51.62 31.34  0.47   0.9            
 MGUS  93.2  96  62  P 0  014 39.72 19.44 19.32  0.00  0.13  0.96   0  0  0.00 0                    S 0 53.75 33.47  0.25   1.0            
 RAWC 105.2 118  62  P 0  014 41.31 21.03 21.10  0.00 -0.07  1.92   0  0  0.00 0                    S 0 56.53 36.25 -0.04   1.9            
 HLUH 189.7 323  62  P 0  014 51.94 31.66 33.69  0.00 -2.02  0.57   0  0  0.00 0                    S 0 74.25 53.97 -3.97** 0.0            
1

                               GENERATED USING 'PyHypo71' CODE                                                 20/ 1/ 1     0:16


  DATE    ORIGIN    LAT N    LONG E    DEPTH    MAG NO DM GAP M  RMS  ERH  ERZ Q SQD  ADJ IN NR  AVR  AAR NM AVXM SDXM NF AVFM SDFM I
 200101  016 24.32 34- 1.74  52-39.58  28.27        13 33 172 1 0.44  1.8  2.4 C C|C 1.81 10 14 0.00 0.36  0  0.0  0.0  0  0.0  0.0 8

  STN  DIST AZM AIN PRMK HRMN P-SEC TPOBS TPCAL DLY/H1 P-RES P-WT AMX PRX CALX K XMAG RMK FMP FMAG SRMK S-SEC TSOBS S-RES  S-WT    DT
 XBVK  33.3   5 112  P 0  016 34.03  9.71  9.70  0.00  0.01  0.44   0  0  0.00 0                    S 0 41.55 17.23  0.55   0.4            
 LUEX  66.1 255  96  P 0  016 39.35 15.03 15.12  0.00 -0.09  1.77   0  0  0.00 0                    S 0 50.85 26.53  0.53   1.8            
 DNOA  76.1  65  62  P 0  016 40.76 16.44 16.66  0.00 -0.21  0.44   0  0  0.00 0                    S 0 53.34 29.02  0.37   0.4            
 FOUH  83.2   7  62  P 0  016 43.35 19.03 17.72  0.00  1.31  0.39   0  0  0.00 0                    S 0 57.89 33.57  3.10** 0.0            
 APSL 102.5  83  62  P 0  016 44.49 20.17 20.59  0.00 -0.42  1.76   0  0  0.00 0                    S 0 59.85 35.53  0.11   1.8            
 VOCA 105.5  47  62  P 0  016 45.21 20.89 21.03  0.00 -0.14  0.44   0  0  0.00 0                    S 0 61.12 36.80  0.63   0.4            
 HLUH 169.6 322  62  P 0  016 54.37 30.05 30.58  0.00 -0.53  1.44   0  0  0.00 0                    S 0 76.56 52.24 -0.36   1.5            
1

                               GENERATED USING 'PyHypo71' CODE                                                 20/ 1/ 1     0:18


  DATE    ORIGIN    LAT N    LONG E    DEPTH    MAG NO DM GAP M  RMS  ERH  ERZ Q SQD  ADJ IN NR  AVR  AAR NM AVXM SDXM NF AVFM SDFM I
 200101  018 24.99 33-40.94  52-38.10  18.11        14 65 200 1 0.61  3.2  3.2 D D|D 9.99 10 14-0.00 0.48  0  0.0  0.0  0  0.0  0.0 4

  STN  DIST AZM AIN PRMK HRMN P-SEC TPOBS TPCAL DLY/H1 P-RES P-WT AMX PRX CALX K XMAG RMK FMP FMAG SRMK S-SEC TSOBS S-RES  S-WT    DT
 LUEX  65.2 289  93  P 0  018 40.72 15.73 15.55  0.00  0.18  0.96   0  0  0.00 0                    S 0 51.01 26.02 -0.72   1.0            
 CBZA  79.5 264  58  P 0  018 43.39 18.40 17.95  0.00  0.45  0.95   0  0  0.00 0                    S 0 55.69 30.70 -0.17   1.0            
 AVTK  81.0 300  58  P 0  018 43.67 18.68 18.22  0.00  0.46  0.95   0  0  0.00 0                    S 0 56.17 31.18 -0.15   1.0            
 DNOA 100.6  45  49  P 0  018 46.78 21.79 21.42  0.00  0.37  1.28   0  0  0.00 0                    S 0 61.62 36.63 -0.22   1.3            
 APSL 116.1  64  49  P 0  018 48.74 23.75 23.73  0.00  0.02  1.28   0  0  0.00 0                    S 0 65.05 40.06 -0.75   1.3            
 FOUH 121.7   6  49  P 0  018 50.34 25.35 24.56  0.00  0.79  1.25   0  0  0.00 0                    S 0 67.86 42.87  0.63   1.3            
 HLUH 200.1 329  49  P 0  018 59.49 34.50 36.24  0.00 -1.74  0.60   0  0  0.00 0                    S 0 82.92 57.93 -4.41** 0.0            
1

                               GENERATED USING 'PyHypo71' CODE                                                 20/ 1/ 1     0:20


  DATE    ORIGIN    LAT N    LONG E    DEPTH    MAG NO DM GAP M  RMS  ERH  ERZ Q SQD  ADJ IN NR  AVR  AAR NM AVXM SDXM NF AVFM SDFM I
 200101  020 29.92 33-48.30  52-31.39  22.77        14 49 181 1 0.58  2.5  4.1 D D|D 0.67 10 14 0.00 0.44  0  0.0  0.0  0  0.0  0.0 5

  STN  DIST AZM AIN PRMK HRMN P-SEC TPOBS TPCAL DLY/H1 P-RES P-WT AMX PRX CALX K XMAG RMK FMP FMAG SRMK S-SEC TSOBS S-RES  S-WT    DT
 RHPW  49.5  40  58  P 0  020 42.77 12.85 12.39  0.00  0.46  0.97   0  0  0.00 0                    S 0 52.35 22.43  1.12   0.9            
 LUEX  51.9 278  58  P 0  020 42.74 12.82 12.80  0.00  0.02  1.31   0  0  0.00 0                    S 0 52.30 22.38  0.37   1.3            
 CBZA  72.0 252  58  P 0  020 46.01 16.09 16.20  0.00 -0.10  1.31   0  0  0.00 0                    S 0 58.03 28.11  0.25   1.3            
 DNOA  99.7  55  49  P 0  020 50.70 20.78 20.67  0.00  0.11  0.98   0  0  0.00 0                    S 0 66.23 36.31  0.76   0.9            
 APSL 120.5  72  49  P 0  020 53.24 23.32 23.77  0.00 -0.44  0.98   0  0  0.00 0                    S 0 70.68 40.76 -0.11   1.0            
 RPKV 171.0 337  49  P 0  021  0.70 30.78 31.29  0.00 -0.51  1.07   0  0  0.00 0                    S 0 23.17 53.25 -0.57   1.1            
 QYDI 178.4 354  49  P 0  021  1.19 31.27 32.39  0.00 -1.12  0.71   0  0  0.00 0                    S 0 23.68 53.76 -1.95   0.2            
1

                               GENERATED USING 'PyHypo71' CODE                                                 20/ 1/ 1     0:22


  DATE    ORIGIN    LAT N    LONG E    DEPTH    MAG NO DM GAP M  RMS  ERH  ERZ Q SQD  ADJ IN NR  AVR  AAR NM AVXM SDXM NF AVFM SDFM I
 200101  022 32.90 33-44.07  52-23.62  20.23        14 42 151 1 0.45  1.8  2.0 C C|C 1.44 10 14 0.00 0.31  0  0.0  0.0  0  0.0  0.0 5

  STN  DIST AZM AIN PRMK HRMN P-SEC TPOBS TPCAL DLY/H1 P-RES P-WT AMX PRX CALX K XMAG RMK FMP FMAG SRMK S-SEC TSOBS S-RES  S-WT    DT
 LUEX  42.3 291 101  P 0  022 43.89 10.99 11.04  0.00 -0.05  0.96   0  0  0.00 0                    S 0 52.06 19.16  0.17   1.0            
 CBZA  58.3 256  58  P 0  022 46.99 14.09 14.16  0.00 -0.06  1.91   0  0  0.00 0                    S 0 57.49 24.59  0.24   1.9            
 XBVK  71.3  23  58  P 0  022 50.47 17.57 16.34  0.00  1.23  0.57   0  0  0.00 0                    S 0 63.58 30.68  2.57** 0.0            
 MGUS 126.9  88  49  P 0  022 57.97 25.07 25.06  0.00  0.01  0.64   0  0  0.00 0                    S 0 76.69 43.79  0.69   0.6            
 RAWC 131.8 105  49  P 0  022 58.34 25.44 25.79  0.00 -0.35  1.89   0  0  0.00 0                    S 0 77.35 44.45  0.09   1.9            
 APSL 134.4  70  49  P 0  022 58.83 25.93 26.17  0.00 -0.24  0.64   0  0  0.00 0                    S 0 78.15 45.25  0.23   0.6            
 HLUH 184.4 334  49  P 0  023  5.81 32.91 33.63  0.00 -0.71  0.69   0  0  0.00 0                    S 0 29.71 56.81 -1.02   0.6            
1

                               GENERATED USING 'PyHypo71' CODE                                                 20/ 1/ 1     0:24


  DATE    ORIGIN    LAT N    LONG E    DEPTH    MAG NO DM GAP M  RMS  ERH  ERZ Q SQD  ADJ IN NR  AVR  AAR NM AVXM SDXM NF AVFM SDFM I
 200101  024 35.25 33-35.44  52-31.28  28.19        14 69 192 1 0.35  3.3  4.2 D C|D 0.68 10 14 0.00 0.21  0  0.0  0.0  0  0.0  0.0 8

  STN  DIST AZM AIN PRMK HRMN P-SEC TPOBS TPCAL DLY/H1 P-RES P-WT AMX PRX CALX K XMAG RMK FMP FMAG SRMK S-SEC TSOBS S-RES  S-WT    DT
 CBZA  68.6 272  96  P 0  024 50.85 15.60 15.53  0.00  0.08  1.88   0  0  0.00 0                    S 0 61.98 26.73  0.02   1.9            
 RHPW  69.5  27  62  P 0  024 51.37 16.12 15.68  0.00  0.44  0.73   0  0  0.00 0                    S 0 62.90 27.65  0.69   0.7            
 AVTK  78.4 311  62  P 0  024 52.29 17.04 17.00  0.00  0.05  1.88   0  0  0.00 0                    S 0 64.50 29.25  0.02   1.9            
 DNOA 115.3  45  62  P 0  024 57.64 22.39 22.50  0.00 -0.11  0.75   0  0  0.00 0                    S 0 73.87 38.62 -0.07   0.8            
 MGUS 117.0  79  62  P 0  024 58.14 22.89 22.76  0.00  0.13  0.75   0  0  0.00 0                    S 0 74.74 39.49  0.35   0.7            
 APSL 130.1  62  62  P 0  024 59.59 24.34 24.71  0.00 -0.37  0.75   0  0  0.00 0                    S 0 77.28 42.03 -0.47   0.7            
 VOCA 150.6  37  62  P 0  025  1.85 26.60 27.76  0.00 -1.15  0.53   0  0  0.00 0                    S 0 21.03 45.78 -1.96** 0.0            
1

                               GENERATED USING 'PyHypo71' CODE                                                 20/ 1/ 1     0:26


  DATE    ORIGIN    LAT N    LONG E    DEPTH    MAG NO DM GAP M  RMS  ERH  ERZ Q SQD  ADJ IN NR  AVR  AAR NM AVXM SDXM NF AVFM SDFM I
 200101  026 38.06 33-43.76  52-24.64  30.19        14 63 246 1 0.39  3.2  6.2 D C|D 5.73 10 14 0.00 0.31  0  0.0  0.0  0  0.0  0.0 6

  STN  DIST AZM AIN PRMK HRMN P-SEC TPOBS TPCAL DLY/H1 P-RES P-WT AMX PRX CALX K XMAG RMK FMP FMAG SRMK S-SEC TSOBS S-RES  S-WT    DT
 RHPW  62.6  42  62  P 0  026 52.45 14.39 14.49  0.00 -0.10  1.36   0  0  0.00 0                    S 0 62.54 24.48 -0.45   1.3            
 XBVK  71.2  21  62  P 0  026 54.37 16.31 15.77  0.00  0.54  0.97   0  0  0.00 0                    S 0 65.91 27.85  0.72   0.9            
 DNOA 113.1  54  62  P 0  027  0.21 22.15 22.01  0.00  0.14  1.36   0  0  0.00 0                    S 0 16.12 38.06  0.20   1.4            
 MGUS 125.4  87  62  P 0  027  1.82 23.76 23.84  0.00 -0.08  1.36   0  0  0.00 0                    S 0 18.93 40.87 -0.14   1.4            
 RPKV 175.1 341  62  P 0  027  9.65 31.59 31.25  0.00  0.34  0.81   0  0  0.00 0                    S 0 32.11 54.05  0.30   0.8            
 HLUH 185.6 334  62  P 0  027 10.79 32.73 32.81  0.00 -0.09  0.76   0  0  0.00 0                    S 0 33.93 55.87 -0.57   0.7            
 QYDI 185.9 357  62  P 0  027 10.31 32.25 32.87  0.00 -0.62  0.74   0  0  0.00 0                    S 0 32.93 54.87 -1.67** 0.1            
1

                               GENERATED USING 'PyHypo71' CODE                                                 20/ 1/ 1     0:28


  DATE    ORIGIN    LAT N    LONG E    DEPTH    MAG NO DM GAP M  RMS  ERH  ERZ Q SQD  ADJ IN NR  AVR  AAR NM AVXM SDXM NF AVFM SDFM I
 200101  028 41.40 34- 2.72  52-33.35   5.08        13 31 166 1 0.35  1.1  1.0 C C|C 0.53 10 14 0.00 0.22  0  0.0  0.0  0  0.0  0.0 5

  STN  DIST AZM AIN PRMK HRMN P-SEC TPOBS TPCAL DLY/H1 P-RES P-WT AMX PRX CALX K XMAG RMK FMP FMAG SRMK S-SEC TSOBS S-RES  S-WT    DT
 RHPW  30.7  68  99  P 0  028 50.49  9.09  8.46  0.00  0.63  0.41   0  0  0.00 0                    S 0 56.85 15.45  0.90   0.4            
 XBVK  33.7  21  99  P 0  028 49.47  8.07  9.26  0.00 -1.18  0.31   0  0  0.00 0                    S 0 55.08 13.68 -2.24** 0.0            
 LUEX  57.5 251  62  P 0  028 56.67 15.27 15.20  0.00  0.08  1.71   0  0  0.00 0                    S 0 67.67 26.27  0.13   1.7            
 DQYH  81.2 309  47  P 0  029  1.67 20.27 20.34  0.00 -0.06  1.71   0  0  0.00 0                    S 0 16.45 35.05  0.08   1.7            
 DNOA  84.2  68  47  P 0  029  2.54 21.14 20.92  0.00  0.23  0.42   0  0  0.00 0                    S 0 17.96 36.56  0.58   0.4            
 VOCA 111.5  51  33  P 0  029  6.24 24.84 25.49  0.00 -0.64  0.41   0  0  0.00 0                    S 0 24.45 43.05 -0.78   0.4            
 APSL 111.8  84  33  P 0  029  6.75 25.35 25.54  0.00 -0.19  1.71   0  0  0.00 0                    S 0 25.32 43.92 -0.01   1.7            
1

                               GENERATED USING 'PyHypo71' CODE                                                 20/ 1/ 1     0:30


  DATE    ORIGIN    LAT N    LONG E    DEPTH    MAG NO DM GAP M  RMS  ERH  ERZ Q SQD  ADJ IN NR  AVR  AAR NM AVXM SDXM NF AVFM SDFM I
 200101  030 43.24 33-47.23  52-38.76  17.54        14 63 187 1 0.83  3.8  4.7 D D|D 6.19 10 14-0.00 0.64  0  0.0  0.0  0  0.0  0.0 4

  STN  DIST AZM AIN PRMK HRMN P-SEC TPOBS TPCAL DLY/H1 P-RES P-WT AMX PRX CALX K XMAG RMK FMP FMAG SRMK S-SEC TSOBS S-RES  S-WT    DT
 LUEX  63.4 279  92  P 0  030 58.79 15.55 15.18  0.00  0.38  0.78   0  0  0.00 0                    S 0 69.14 25.90 -0.20   0.8            
 CBZA  82.4 256  58  P 0  031  2.28 19.04 18.51  0.00  0.53  0.77   0  0  0.00 0                    S 0 15.25 32.01  0.18   0.8            
 DQYH 107.2 318  49  P 0  031  6.43 23.19 22.47  0.00  0.72  0.77   0  0  0.00 0                    S 0 22.50 39.26  0.61   0.8            
 FOUH 110.0   6  49  P 0  031  6.84 23.60 22.90  0.00  0.71  1.93   0  0  0.00 0                    S 0 23.26 40.02  0.64   1.9            
 APSL 110.4  69  49  P 0  031  6.15 22.91 22.96  0.00 -0.05  1.95   0  0  0.00 0                    S 0 22.02 38.78 -0.71   1.9            
 RPKV 177.5 334  49  P 0  031 15.19 31.95 32.96  0.00 -1.00  0.61   0  0  0.00 0                    S 0 37.17 53.93 -2.75   0.4            
 HLUH 190.7 327  49  P 0  031 16.51 33.27 34.93  0.00 -1.65  0.54   0  0  0.00 0                    S 0 39.36 56.12 -3.95** 0.0            
1

                               GENERATED USING 'PyHypo71' CODE                                                 20/ 1/ 1     0:32


  DATE    ORIGIN    LAT N    LONG E    DEPTH    MAG NO DM GAP M  RMS  ERH  ERZ Q SQD  ADJ IN NR  AVR  AAR NM AVXM SDXM NF AVFM SDFM I
 200101  032 46.73 33-51.87  52-40.47  17.27        14 65 135 1 0.24  0.9  1.3 C B|D 0.72 10 14-0.00 0.19  0  0.0  0.0  0  0.0  0.0 5

  STN  DIST AZM AIN PRMK HRMN P-SEC TPOBS TPCAL DLY/H1 P-RES P-WT AMX PRX CALX K XMAG RMK FMP FMAG SRMK S-SEC TSOBS S-RES  S-WT    DT
 LUEX  65.3 271  92  P 0  033  2.37 15.64 15.55  0.00  0.09  1.23   0  0  0.00 0                    S 0 13.15 26.42 -0.33   1.2            
 DNOA  84.5  53  58  P 0  033  5.66 18.93 18.89  0.00  0.04  0.82   0  0  0.00 0                    S 0 18.90 32.17 -0.32   0.8            
 CBZA  87.3 251  58  P 0  033  6.26 19.53 19.37  0.00  0.16  1.22   0  0  0.00 0                    S 0 19.96 33.23 -0.08   1.2            
 MGUS 101.1  95  49  P 0  033  8.53 21.80 21.60  0.00  0.20  1.22   0  0  0.00 0                    S 0 23.93 37.20  0.05   1.2            
 FOUH 101.2   5  49  P 0  033  8.72 21.99 21.62  0.00  0.37  0.76   0  0  0.00 0                    S 0 24.29 37.56  0.38   0.8            
 APSL 105.1  73  49  P 0  033  8.63 21.90 22.20  0.00 -0.30  0.81   0  0  0.00 0                    S 0 24.10 37.37 -0.81   0.2            
 RAWC 112.3 116  49  P 0  033 10.07 23.34 23.27  0.00  0.08  1.23   0  0  0.00 0                    S 0 26.63 39.90 -0.12   1.2            
1

                               GENERATED USING 'PyHypo71' CODE                                                 20/ 1/ 1     0:34


  DATE    ORIGIN    LAT N    LONG E    DEPTH    MAG NO DM GAP M  RMS  ERH  ERZ Q SQD  ADJ IN NR  AVR  AAR NM AVXM SDXM NF AVFM SDFM I
 200101  034 49.32 33-30.40  52-39.20  26.40        13 74 183 1 0.60  2.8  4.0 D D|D 3.65 10 14-0.00 0.40  0  0.0  0.0  0  0.0  0.0 5

  STN  DIST AZM AIN PRMK HRMN P-SEC TPOBS TPCAL DLY/H1 P-RES P-WT AMX PRX CALX K XMAG RMK FMP FMAG SRMK S-SEC TSOBS S-RES  S-WT    DT
 RHPW  73.8  15  93  P 0  035  6.25 16.93 16.39  0.00  0.55  1.74   0  0  0.00 0                    S 0 17.69 28.37  0.19   1.8            
 LUEX  75.4 303  93  P 0  035  5.81 16.49 16.66  0.00 -0.17  0.70   0  0  0.00 0                    S 0 16.91 27.59 -1.06   0.7            
 CBZA  81.6 278  62  P 0  035  7.55 18.23 17.62  0.00  0.61  0.70   0  0  0.00 0                    S 0 19.96 30.64  0.33   0.7            
 AVTK  93.7 310  62  P 0  035  9.03 19.71 19.43  0.00  0.28  0.70   0  0  0.00 0                    S 0 22.55 33.23 -0.19   0.7            
 RAWC 103.7  95  62  P 0  035 10.47 21.15 20.91  0.00  0.24  1.76   0  0  0.00 0                    S 0 25.06 35.74 -0.22   1.8            
 DQYH 132.4 327  62  P 0  035 14.57 25.25 25.19  0.00  0.06  0.70   0  0  0.00 0                    S 0 32.24 42.92 -0.41   0.7            
 QYDI 212.7 352  62  P 0  035 23.77 34.45 37.15  0.00 -2.70  0.35   0  0  0.00 0                    S 0 46.94 57.62 -6.28** 0.0            
1

                               GENERATED USING 'PyHypo71' CODE                                                 20/ 1/ 1     0:36


  DATE    ORIGIN    LAT N    LONG E    DEPTH    MAG NO DM GAP M  RMS  ERH  ERZ Q SQD  ADJ IN NR  AVR  AAR NM AVXM SDXM NF AVFM SDFM I
 200101  036 53.92 33-59.29  52-41.34  27.18        14 24 199 1 0.37  1.8  1.3 D C|D 2.52 10 14 0.00 0.26  0  0.0  0.0  0  0.0  0.0 6

  STN  DIST AZM AIN PRMK HRMN P-SEC TPOBS TPCAL DLY/H1 P-RES P-WT AMX PRX CALX K XMAG RMK FMP FMAG SRMK S-SEC TSOBS S-RES  S-WT    DT
 RHPW  24.0  43 122  P 0  037  2.01  8.09  8.23  0.00 -0.13  0.76   0  0  0.00 0                    S 0  8.02 14.10 -0.05   0.8            
 XBVK  37.7   0 104  P 0  037  4.90 10.98 10.35  0.00  0.63  0.72   0  0  0.00 0                    S 0 13.07 19.15  1.35   0.2            
 LUEX  67.8 259  94  P 0  037  9.07 15.15 15.38  0.00 -0.23  1.89   0  0  0.00 0                    S 0 20.38 26.46  0.01   1.9            
 CBZA  93.8 243  62  P 0  037 13.25 19.33 19.39  0.00 -0.05  1.91   0  0  0.00 0                    S 0 27.69 33.77  0.43   1.9            
 VOCA 106.7  44  62  P 0  037 15.09 21.17 21.30  0.00 -0.13  0.76   0  0  0.00 0                    S 0 30.91 36.99  0.35   0.8            
 RPKV 159.8 329  62  P 0  037 22.94 29.02 29.21  0.00 -0.19  0.67   0  0  0.00 0                    S 0 44.07 50.15 -0.09   0.7            
 QYDI 160.6 348  62  P 0  037 22.66 28.74 29.34  0.00 -0.60  0.62   0  0  0.00 0                    S 0 43.45 49.53 -0.93   0.5            
1

                               GENERATED USING 'PyHypo71' CODE                                                 20/ 1/ 1     0:38


  DATE    ORIGIN    LAT N    LONG E    DEPTH    MAG NO DM GAP M  RMS  ERH  ERZ Q SQD  ADJ IN NR  AVR  AAR NM AVXM SDXM NF AVFM SDFM I
 200101  038 56.17 33-35.28  52-20.61  14.76        14 52 175 1 0.46  1.7  2.3 D C|D 0.88 10 14-0.00 0.33  0  0.0  0.0  0  0.0  0.0 4

  STN  DIST AZM AIN PRMK HRMN P-SEC TPOBS TPCAL DLY/H1 P-RES P-WT AMX PRX CALX K XMAG RMK FMP FMAG SRMK S-SEC TSOBS S-RES  S-WT    DT
 CBZA  52.1 273  56  P 0  039  9.44 13.27 13.08  0.00  0.19  1.87   0  0  0.00 0                    S 0 18.77 22.60  0.10   1.9            
 AVTK  66.9 320  56  P 0  039 11.85 15.68 16.04  0.00 -0.36  0.94   0  0  0.00 0                    S 0 22.99 26.82 -0.77   0.9            
 RHPW  78.7  38  45  P 0  039 15.02 18.85 18.25  0.00  0.61  0.61   0  0  0.00 0                    S 0 28.53 32.36  0.98   0.5            
 DQYH 110.9 337  38  P 0  039 19.90 23.73 23.46  0.00  0.27  0.93   0  0  0.00 0                    S 0 37.07 40.90  0.55   0.9            
 DNOA 127.6  50  38  P 0  039 21.79 25.62 25.96  0.00 -0.34  0.62   0  0  0.00 0                    S 0 40.35 44.18 -0.47   0.6            
 RAWC 133.2  98  38  P 0  039 22.89 26.72 26.80  0.00 -0.07  1.87   0  0  0.00 0                    S 0 42.31 46.14  0.05   1.9            
 VOCA 161.1  41  38  P 0  039 25.72 29.55 30.95  0.00 -1.39  0.40   0  0  0.00 0                    S 0 47.15 50.98 -2.25** 0.0            
1 ***** CLASS:     A     B     C     D TOTAL *****

       NUMBER:   0.0   0.0   6.0  14.0  20.0

            %:   0.0   0.0  30.0  70.0



          TRAVELTIME RESIDUALS (MODEL=1)     TRAVELTIME RESIDUALS (MODEL=2)     X-MAGNITUDE RESIDUALS      F-MAGNITUDE RESIDUALS
 STATION   NRES    SRWT   AVRES   SDRES       NRES    SRWT   AVRES   SDRES        NXM    AVXM    SDXM        NFM    AVFM    SDFM
    APSL     12   13.58   -0.19    0.19          0    0.00    0.00    0.00          0    0.00    0.00          0    0.00    0.00
    AVTK      8    7.58    0.12    0.25          0    0.00    0.00    0.00          0    0.00    0.00          0    0.00    0.00
    CBZA     13   18.55    0.07    0.28          0    0.00    0.00    0.00          0    0.00    0.00          0    0.00    0.00
    DNOA     11    9.24   -0.00    0.28          0    0.00    0.00    0.00          0    0.00    0.00          0    0.00    0.00
    DQYH      9    9.69    0.35    0.25          0    0.00    0.00    0.00          0    0.00    0.00          0    0.00    0.00
    FOUH      6    6.73    0.58    0.27          0    0.00    0.00    0.00          0    0.00    0.00          0    0.00    0.00
    HLUH     10    7.46   -1.03    0.66          0    0.00    0.00    0.00          0    0.00    0.00          0    0.00    0.00
    LUEX     13   15.15    0.00    0.15          0    0.00    0.00    0.00          0    0.00    0.00          0    0.00    0.00
    MGUS     11   10.84    0.13    0.19          0    0.00    0.00    0.00          0    0.00    0.00          0    0.00    0.00
    QYDI      6    4.00   -0.87    0.68          0    0.00    0.00    0.00          0    0.00    0.00          0    0.00    0.00
    RAWC      9   13.20   -0.09    0.24          0    0.00    0.00    0.00          0    0.00    0.00          0    0.00    0.00
    RHPW     10    9.49    0.37    0.32          0    0.00    0.00    0.00          0    0.00    0.00          0    0.00    0.00
    RPKV      5    3.79   -0.47    0.53          0    0.00    0.00    0.00          0    0.00    0.00          0    0.00    0.00
    VOCA      9    7.78   -0.39    0.36          0    0.00    0.00    0.00          0    0.00    0.00          0    0.00    0.00
    XBVK      8    6.16    0.32    0.48          0    0.00    0.00    0.00          0    0.00    0.00          0    0.00    0.00
