 Date    Origin    Lat      Long      Depth    Mag No Gap Dmin  Rms  Erh  Erz  Erx      Cvxy      Cvxz      Cvyz     Oterr
120811 1223 15.37 38 24.96  46 48.55    4.2    6.0 10 107 23.1 0.38  5.4643.8  3.1-0.125E+01 0.583E+03-0.133E+04 0.103E+01
120811 1228 46.06 38 26.66  46 46.29   21.7    3.0  5 193 27.5 0.27 12.4 22.7  9.6 0.584E+02 0.188E+03 0.110E+03 0.726E+00
120811 1249 15.51 38 23.61  46 41.20   12.3    4.0 11 124 32.2 0.31  4.4 12.5  1.9-0.645E+00 0.699E+01-0.181E+02 0.836E+00
120811 1314  5.54 38 23.30  46 40.39    4.1    4.0 12  98 33.2 0.27  3.5999.9  2.0 0.121E+01-0.198E+03-0.186E+04 0.718E+00
120811 1323 14.86 38 28.94  46 42.86   10.0    3.0  6 144 33.9 0.42  8.3 45.9  5.1 0.184E+02 0.104E+03 0.378E+02 0.900E+00
120811 1342 11.42 38 24.45  46 40.76   13.1    4.0 14  99 33.2 0.29  3.5 11.0  2.0 0.138E+01 0.562E+01-0.113E+02 0.772E+00
120811 1414 53.64 38 29.02  46 41.62   26.5    2.0  7 194 35.5 0.32  9.2 15.6  7.5 0.284E+02 0.101E+03 0.460E+02 0.860E+00
120811 1425 15.01 38 26.46  46 41.38   17.4    4.0  9 139 33.7 0.30  4.0  9.5  2.9 0.293E+01 0.166E+02 0.202E+01 0.679E+00
120811 1455 57.23 38 26.35  46 44.55    5.9    3.0  9 188 29.4 0.40  5.6 82.4  3.4 0.527E+01 0.144E+03 0.442E+01 0.106E+01
120811 1521 14.49 38 25.78  46 47.59   16.8    4.0 12 118 25.0 0.35  5.4 15.5  2.5 0.140E+01-0.253E+01-0.398E+02 0.893E+00
120811 1600 50.24 38 24.73  46 46.76   14.7    4.0 14 100 25.2 0.26  3.2  7.0  1.9 0.698E+00 0.382E+01-0.774E+01 0.715E+00
120811 1615  4.08 38 25.07  46 40.40   15.4    2.0 10 177 34.1 0.30  3.9 10.3  2.1 0.222E+01 0.700E+01-0.795E+00 0.814E+00
120811 1621 52.84 38 24.71  46 39.67   19.9    4.0  8 125 34.9 0.37  5.9 19.5  3.5 0.425E+01 0.711E+01-0.310E+02 0.980E+00
120811 1634 32.41 38 25.97  46 39.95   14.7    3.0 10 127 35.3 0.31  4.0 13.1  2.9 0.162E+01 0.192E+02-0.715E+01 0.836E+00
120811 1737 58.19 38 24.23  46 52.10   19.8    2.0  9 193 17.9 0.29  6.0  7.4  4.6 0.110E+02 0.281E+02 0.139E+02 0.782E+00
120811 1745 43.59 38 24.96  46 49.90   19.3    2.0 10 192 21.4 0.42  8.3 11.9  6.3 0.214E+02 0.620E+02 0.319E+02 0.109E+01
120811 1749 25.36 38 25.09  46 49.26   16.7    2.0 12 191 22.3 0.29  3.8  6.5  2.4 0.423E+01 0.703E+01 0.282E+01 0.787E+00
120811 1758 33.13 38 22.30  46 48.39   10.0    4.0  8 131 21.4 0.25  3.4 17.4  2.6 0.614E+00 0.171E+02-0.529E+01 0.684E+00
120811 1813  3.16 38 23.59  46 39.60    5.4    3.0  7 133 34.4 0.27  4.5403.3  2.5 0.138E+01 0.119E+03-0.223E+03 0.732E+00
120811 1821 44.51 38 25.60  46 41.98   19.9    2.0 10 181 32.3 0.28  3.8  7.1  2.1 0.271E+01 0.385E+01 0.279E+00 0.765E+00
120811 1912  4.59 38 26.35  46 48.18   20.0    2.0 14 195 24.8 0.44  4.9  8.9  2.9 0.520E+01 0.722E+01-0.232E+01 0.118E+01
120811 1929 29.39 38 26.47  46 46.28   25.0    2.0  9 192 27.3 0.28  6.2  9.5  4.8 0.118E+02 0.376E+02 0.171E+02 0.738E+00
120811 1930 45.17 38 25.64  46 55.93   21.6    2.0 11 215 15.5 0.50  9.6  9.7  7.7 0.293E+02 0.556E+02 0.206E+02 0.129E+01
120811 1940 17.16 38 26.75  46 48.45   20.0    2.0 12 197 24.9 0.43  5.2  8.8  2.9 0.454E+01 0.687E+01-0.425E+01 0.115E+01
120811 2010 29.96 38 25.21  46 45.75   13.7    3.0  7 136 26.9 0.37  7.8 14.7  3.7 0.123E+01 0.272E+02-0.483E+02 0.983E+00
120811 2029 18.57 38 22.73  46 51.88    4.1    2.0  7 183 16.9 0.32  9.8513.7  6.2 0.393E+02 0.268E+04 0.249E+04 0.856E+00
120811 2037 27.48 38 27.40  46 46.61   19.7    2.0  6 196 27.8 0.26  7.8 13.7  3.0 0.109E+02 0.101E+02-0.144E+02 0.700E+00
120811 2045 46.56 38 24.91  46 41.04   13.4    2.0 13 177 33.1 0.85  9.4 31.7  5.3 0.211E+02 0.479E+02 0.147E+02 0.228E+01
120811 2113 21.20 38 25.76  46 40.33   11.5    2.0  7 180 34.6 0.27  6.8 19.3  3.8 0.128E+02 0.507E+02 0.319E+02 0.746E+00
120811 2118 35.07 38 26.56  46 42.87   19.9    2.0 12 187 31.8 0.53  6.3 13.0  3.6 0.105E+02 0.117E+02 0.120E+01 0.141E+01
120811 2121 13.98 38 26.30  46 48.14   17.9    2.0 12 194 24.8 0.35  5.0  7.7  2.7 0.701E+01 0.900E+01 0.241E+01 0.839E+00
120811 2133 50.72 38 26.20  46 50.72   18.9    3.0 14 200 21.7 0.48  5.4  9.1  3.3 0.692E+01 0.972E+01-0.178E+01 0.128E+01
120811 2204 32.21 38 24.71  46 41.79   13.6    3.0  9 135 31.9 0.30  4.0 12.7  2.9 0.101E+01 0.197E+02-0.404E+01 0.816E+00
120811 2212 46.75 38 24.74  46 45.21   16.7    3.0 10 135 27.3 0.31  4.7  8.3  2.0-0.860E-01 0.584E+01-0.115E+02 0.840E+00
120811 2340 52.77 38 27.97  46 46.68   14.1    2.0  6 199 28.3 0.29  8.7 21.0  3.4 0.138E+02 0.191E+02-0.302E+02 0.788E+00
120811 2358 13.39 38 27.56  46 42.06   12.2    3.0  8 141 33.7 0.27  4.7 13.7  2.5 0.380E+01 0.107E+02-0.140E+02 0.735E+00
120812 0010 52.73 38 24.07  46 41.78    7.2    2.0  5 175 31.6 0.27  8.6 62.2  3.9 0.171E+02 0.109E+03 0.538E+02 0.730E+00
120812 0015 22.83 38 26.35  46 45.61   17.8    3.0  9 139 28.1 0.26  4.2 12.7  1.8 0.188E+01-0.457E+01-0.209E+02 0.729E+00
120812 0034 16.32 38 25.40  46 45.66   18.5    3.0  8 137 27.2 0.29  6.0  8.7  2.3-0.414E+00 0.934E+01-0.242E+02 0.787E+00
120812 0041 26.33 38 28.14  46 44.49   19.1    2.0  6 196 31.2 0.34  9.7 19.9  3.7 0.156E+02 0.137E+02-0.327E+02 0.897E+00
120812 0135 50.40 38 26.50  46 44.63    6.6    2.0  6 189 29.5 0.21  6.5 58.0  2.5 0.707E+01 0.491E+02-0.383E+02 0.606E+00
120812 0224 43.20 38 25.96  46 47.03   11.9    3.0 11 118 25.9 0.39  5.8 26.4  2.6-0.508E+00-0.343E+01-0.843E+02 0.106E+01
120812 0232 17.20 38 23.47  46 41.64   17.9    1.0  6 172 31.5 0.29  9.4 11.9  4.2 0.205E+02 0.347E+02 0.213E+02 0.787E+00
120812 0328  0.37 38 28.37  46 45.11    6.9    2.0  6 197 30.6 0.25  8.4 65.2  4.4 0.259E+02 0.102E+03 0.782E+02 0.695E+00
120812 0410 45.29 38 27.46  46 49.50   10.0    2.0  8 203 24.5 0.39 10.7 12.8  6.6-0.870E+01 0.700E+02-0.520E+02 0.104E+01
120812 0435 39.51 38 29.17  46 43.89   10.0    2.0  8 198 32.9 0.44  8.8 49.6  4.6-0.182E+01 0.151E+03-0.211E+03 0.116E+01
120812 0440 40.30 38 25.33  46 45.56   17.2    2.0  9 185 27.3 0.36  6.7 14.9  3.9 0.621E+00 0.413E+02-0.277E+02 0.959E+00
120812 0513 20.72 38 28.61  46 51.10    4.1    2.0  8 212 24.2 0.33  7.8999.9  4.8-0.151E+01 0.444E+04-0.445E+04 0.875E+00
120812 0517 53.81 38 18.78  46 55.13   29.9    2.0  7 176 10.8 0.34 11.3  9.0  7.2 0.142E+02 0.566E+02 0.591E+01 0.897E+00
120812 0537 55.83 38 25.71  46 46.80   10.0    2.0  8 189 26.0 0.34  9.1 13.6  5.8-0.921E+01 0.681E+02-0.439E+02 0.908E+00
120812 0603 57.87 38 27.57  46 47.28   10.0    2.0  8 198 27.2 0.34  9.0 13.6  5.7-0.828E+01 0.653E+02-0.480E+02 0.900E+00
120812 0617 49.98 38 26.72  46 50.29   10.0    2.0  9 201 22.7 0.38  9.2 11.8  6.7 0.785E+01 0.661E+02-0.951E+01 0.102E+01
120812 0629 57.27 38 21.14  46 44.18   28.2    1.0  8 164 27.0 0.40  9.6 12.9  4.8-0.878E+01 0.469E+02-0.497E+02 0.106E+01
120812 0640 44.56 38 23.55  46 39.03   18.9    4.0 13 124 35.2 0.26  3.6  7.2  2.0-0.159E+01 0.384E+01-0.799E+01 0.727E+00
120812 0722 55.56 38 26.64  46 46.04   17.6    3.0 11 192 27.8 0.36  5.0 12.0  3.5 0.174E+01 0.304E+02-0.374E+01 0.919E+00
120812 0726 53.30 38 27.66  46 42.33   13.4    2.0 10 190 33.4 0.35  4.7 18.0  3.2 0.145E+01 0.377E+02-0.730E+01 0.936E+00
120812 0729 29.61 38 24.00  46 49.65   10.0    2.0  9 186 20.8 0.39  9.4 11.5  6.8 0.837E+01 0.678E+02-0.108E+01 0.105E+01
120812 0733  2.96 38 25.35  46 41.61   10.0    2.0 10 180 32.6 0.66 11.0 27.2  8.6 0.578E+01 0.196E+03-0.254E+01 0.173E+01
120812 0736 35.70 38 26.81  46 46.30   13.0    2.0 10 193 27.6 0.30  4.5 14.9  3.2 0.140E+01 0.363E+02-0.494E+01 0.816E+00
120812 0801 20.00 38 24.65  46 47.77   19.8    2.0 10 186 23.8 0.34  4.9  9.8  3.6 0.146E+01 0.266E+02-0.117E+01 0.867E+00
120812 0803 43.89 38 25.79  46 44.79   15.9    2.0  9 186 28.7 0.26  4.6 10.6  2.6 0.179E+01 0.189E+02-0.727E+01 0.709E+00
120812 1015 33.47 38 25.36  46 44.81   18.8    3.0  9 137 28.3 0.26  4.2  7.8  2.4-0.788E+00 0.110E+02-0.802E+01 0.716E+00
120812 1029 27.37 38 24.77  46 40.39   19.9    2.0  6 176 33.9 0.35 11.9 24.9  8.6 0.466E+02 0.195E+03 0.110E+03 0.921E+00
120812 1121 16.27 38 25.35  46 42.40   19.0    2.0  7 181 31.5 0.25  7.4 15.0  5.5 0.157E+02 0.742E+02 0.344E+02 0.694E+00
120812 1151 31.49 38 23.83  46 47.77   14.7    3.0 10 134 23.2 0.23  3.4  6.9  2.1-0.181E+01 0.894E+01-0.592E+01 0.653E+00
120812 1419  8.88 38 25.27  46 47.77   18.1    3.0 10 136 24.3 0.22  3.5  5.7  1.8-0.943E+00 0.531E+01-0.679E+01 0.616E+00
120812 1515 10.16 38 25.62  46 50.96   12.6    2.0  7 198 20.7 0.32  8.5 22.2  5.8 0.206E+02 0.927E+02 0.446E+02 0.856E+00
120812 1559 25.42 38 26.80  46 48.36   14.2    2.0 12 187 13.6 0.28  3.8  4.9  2.5 0.347E+01 0.623E+01 0.681E+01 0.778E+00
120812 1718 30.58 38 27.54  46 44.45   19.2    2.0 11 172  8.1 0.32  5.0  4.6  2.8 0.564E+01 0.691E+01 0.884E+01 0.872E+00
120812 1844 22.12 38 24.54  46 50.31   17.6    2.0 11 174 18.2 0.23  3.9  4.3  2.5 0.436E+01 0.720E+01 0.643E+01 0.635E+00
120812 1846 40.21 38 23.72  46 49.82   15.1    2.0 10 164 18.6 0.46  7.7 10.0  4.7 0.166E+02 0.327E+02 0.286E+02 0.124E+01
120812 1928  4.74 38 26.07  46 48.61   20.9    1.0 10 181 14.6 0.62 11.6 10.0  7.0 0.397E+02 0.492E+02 0.464E+02 0.163E+01
120812 1929 56.57 38 25.22  46 46.53   18.7    2.0  7 186 25.9 0.38  7.8 16.9  3.9 0.612E+01 0.150E+02-0.249E+02 0.101E+01
120812 2004 30.98 38 29.39  46 45.72   18.3    1.0  9 203  8.4 0.42  9.3  5.8  4.9 0.288E+02 0.142E+02 0.175E+02 0.112E+01
120812 2009 35.55 38 24.94  46 52.28   16.2    2.0 10 187 18.4 0.30  5.3  5.9  3.4 0.819E+01 0.131E+02 0.781E+01 0.816E+00
120812 2011  2.16 38 25.62  46 41.03   12.6    1.0 10 135  8.7 0.53  7.6  9.9  4.0 0.109E+02 0.213E+02 0.426E+02 0.141E+01
120812 2126 31.82 38 23.57  46 40.58    9.9    2.0  6 145 12.4 0.36 10.5 18.1  5.3 0.224E+02 0.534E+02 0.150E+03 0.951E+00
120812 2133 17.79 38 27.37  46 48.17    4.1    3.0  8 140 25.9 0.25  5.6728.3  2.7-0.576E+01 0.150E+04-0.258E+04 0.686E+00
120812 2201 15.92 38 26.19  46 42.33   14.5    2.0 10 138  8.2 0.32  4.8  5.4  2.5 0.474E+01 0.738E+01 0.129E+02 0.862E+00
120812 2205 42.96 38 25.64  46 47.94   16.3    2.0 11 173 14.2 0.34  5.4  6.1  3.2 0.805E+01 0.120E+02 0.135E+02 0.925E+00
120812 2245 49.20 38 25.59  46 43.59   15.6    1.0 11 144 10.0 0.51  7.3  8.7  4.1 0.123E+02 0.205E+02 0.328E+02 0.135E+01
120812 2257  7.63 38 28.97  46 53.70   19.4    2.0 12 221 22.4 0.41  6.1  6.5  4.2 0.804E+01 0.123E+02 0.171E+01 0.111E+01
120812 2302  3.85 38 23.17  46 50.54   19.9    2.0 14 163 20.1 0.59  7.1  9.7  5.4 0.707E+01 0.323E+02 0.163E+02 0.158E+01
120812 2316 13.10 38 23.49  46 40.87   11.1    1.0  9 145 12.5 0.42  6.2 11.2  3.3 0.778E+01 0.208E+02 0.411E+02 0.112E+01
120812 2358 41.58 38 27.36  46 53.47   16.2    1.0 12 210 20.2 0.35  5.8  5.4  3.4 0.106E+02 0.667E+01 0.527E+01 0.951E+00
120813 0007 53.90 38 24.63  46 40.57   18.8    2.0  6 176 33.6 0.27  6.5 17.6  3.5 0.787E+01 0.274E+02 0.223E+02 0.731E+00
120813 0018  2.58 38 26.82  46 53.63    9.8    3.0 13 139 19.3 0.32  3.5 10.3  2.0 0.122E+01 0.708E+01-0.953E+01 0.883E+00
120813 0022  8.34 38 25.27  46 41.48   20.0    3.0  8 136 32.7 0.30  6.3  9.7  2.3-0.388E+00 0.928E+01-0.263E+02 0.817E+00
120813 0102 22.78 38 26.75  46 47.86   20.1    1.0  9 184 13.0 0.30  7.1  5.1  3.7 0.185E+02 0.903E+01 0.188E+02 0.807E+00
120813 0129 26.60 38 28.60  46 47.42    5.8    2.0  8 203 28.2 0.38  8.0 72.1  3.6 0.586E+01 0.123E+03-0.217E+03 0.100E+01
120813 0138 46.77 38 27.02  46 50.36   17.0    1.0 10 198 16.1 0.32  5.6  5.5  2.9 0.699E+01 0.364E+01 0.117E+02 0.862E+00
120813 0156 10.01 38 26.20  46 41.49   16.5    4.0 10 138 33.3 0.33  5.4 10.8  2.1-0.176E+01 0.777E+01-0.241E+02 0.885E+00
120813 0358 28.98 38 28.06  46 52.30    4.1    2.0  7 213 22.3 0.32  9.8975.4  6.5 0.825E+01 0.478E+04-0.274E+04 0.863E+00
120813 0415 52.41 38 23.88  46 40.93   20.0    3.0  8 134 32.7 0.28  4.6  9.2  2.5 0.117E+01 0.134E+02-0.600E+01 0.768E+00
120813 0522 28.85 38 23.53  46 39.76   20.0    2.0  6 171 34.2 0.29  8.6 20.5  6.4 0.563E+01 0.120E+03 0.866E+01 0.782E+00
120813 0658 22.00 38 27.15  46 40.47   16.6    3.0  9 129 35.4 0.29  4.8 11.9  2.7 0.389E+00 0.174E+02-0.178E+02 0.794E+00
120813 0728 30.51 38 23.61  46 47.44   16.3    3.0 11 133 23.5 0.22  3.3  5.3  1.6-0.453E-01 0.358E+01-0.294E+01 0.627E+00
120813 0750 54.37 38 24.78  46 39.55    4.7    2.0  6 175 35.1 0.39  8.4999.9  6.8 0.189E+02 0.170E+05 0.458E+04 0.102E+01
120813 0816 50.03 38 26.28  46 53.18    5.5    4.0 17 102 19.0 0.57  6.0 57.6  2.9 0.126E+01 0.400E+02-0.190E+03 0.144E+01
120813 1028 13.51 38 25.81  46 41.46   15.8    1.0  6 182 33.1 0.19  9.8 11.9  4.6-0.184E+02 0.494E+02-0.653E+02 0.547E+00
120813 1029 31.21 38 24.90  46 39.02    4.1    2.0  6 175 35.9 0.26  6.1999.9  3.2 0.645E+01 0.291E+04 0.223E+04 0.722E+00
120813 1045 44.00 38 27.72  46 36.69   20.0    4.0 11 129 40.9 0.26  3.3  9.3  2.4 0.945E+00 0.103E+02-0.485E+01 0.720E+00
120813 1147 52.28 38 27.16  46 51.84    5.0    1.0  5 208 21.6 0.29 10.8106.5  6.4 0.285E+02 0.350E+03-0.357E+03 0.634E+00
120813 1207 37.30 38 26.68  46 35.43    4.2    2.0  7 178 41.9 0.26  4.9 42.0  2.5 0.371E+01 0.656E+02 0.160E+02 0.712E+00
120813 1245 57.96 38 26.17  46 44.05   19.6    3.0 11 138 29.9 0.38  4.6  9.9  2.9 0.118E+01 0.134E+02-0.512E+01 0.103E+01
120813 1253 47.23 38 25.80  46 43.15   12.7    3.0  9 138 30.8 0.24  3.3 20.0  2.4 0.485E+00 0.133E+02-0.105E+02 0.679E+00
120813 1331 40.35 38 24.17  46 50.47   15.1    1.0  7 189 19.9 0.39 10.9 11.6  6.8 0.395E+02 0.586E+02 0.355E+02 0.103E+01
120813 1357  3.26 38 26.32  46 42.04    4.1    1.0  7 184 32.7 0.27  6.2999.9  3.7 0.992E+01 0.289E+04 0.231E+04 0.739E+00
120813 1402 42.82 38 21.29  46 42.10   14.8    1.0  7 163 30.0 0.37  8.5 17.7  5.0 0.202E+02 0.690E+02 0.600E+02 0.969E+00
120813 1506 34.26 38 24.90  46 40.84   10.0    2.0  7 177 33.4 0.31  8.2999.9  6.0 0.181E+02 0.110E+05 0.511E+04 0.841E+00
120813 1532 15.77 38 25.53  46 47.01   14.8    2.0  9 189 25.6 0.26  5.0  7.8  2.5 0.357E+01 0.102E+02-0.612E+00 0.715E+00
120813 1614 40.66 38 29.16  46 40.45   20.9    2.0  8 193 37.1 0.27  5.7 13.8  3.5 0.208E+01 0.345E+02-0.634E+01 0.739E+00
120813 1631 48.88 38 24.87  46 41.17    4.1    1.0  6 177 32.9 0.32  7.8999.9  4.4 0.170E+02 0.404E+04 0.327E+04 0.860E+00
120813 1708 41.85 38 26.09  46 40.58    4.6    2.0  7 182 34.5 0.46  9.9547.0  5.8 0.239E+02 0.151E+04 0.130E+04 0.121E+01
120813 1831 10.92 38 24.97  46 47.05    4.1    1.0  7 186 25.0 0.29  7.2999.9  4.5 0.150E+02 0.378E+04 0.261E+04 0.787E+00
120813 1840  5.67 38 25.11  46 40.36   20.3    3.0 12 126 34.1 0.40  4.9 14.0  3.4 0.347E+01 0.291E+02 0.588E+01 0.109E+01
120813 1943 22.04 38 25.48  46 38.74   19.0    3.0 13 126 36.6 0.29  3.0  7.8  1.9-0.123E+00 0.362E+01-0.512E+01 0.807E+00
120813 1955 52.74 38 21.68  46 43.56   28.5    1.0  6 192 52.3 0.42 11.1 35.5  7.3 0.393E+02-0.831E+02-0.748E+02 0.108E+01
120813 2012 42.72 38 25.00  46 53.23   12.1    2.0  8 201 17.4 0.27  6.9 13.2  4.2 0.177E+02 0.300E+02 0.259E+02 0.729E+00
120813 2022 37.59 38 23.06  46 58.80    4.1    1.0  6 207  9.1 0.32 10.2120.0  6.7 0.391E+02 0.344E+03 0.868E+02 0.852E+00
120813 2029 51.86 38 33.02  46 46.08    4.2    1.0  7 214 35.2 0.35  9.9912.1  5.6 0.251E+02 0.225E+04-0.195E+04 0.937E+00
120813 2044 57.17 38 22.03  46 49.18   10.0    1.0  7 174 20.2 0.30  8.3 16.2  5.2 0.223E+02 0.702E+02 0.536E+02 0.820E+00
120813 2057  7.50 38 23.15  46 39.78    6.0    1.0  6 169 34.0 0.25  6.9 94.1  4.7 0.124E+02 0.388E+03 0.187E+03 0.697E+00
120813 2101 40.17 38 24.49  46 40.83    4.4    1.0  7 176 33.1 0.32  7.8999.9  4.4 0.166E+02 0.339E+04 0.238E+04 0.860E+00
120813 2110 31.49 38 28.59  46 45.77   14.2    1.0  8 200 30.1 0.30  7.6 13.4  4.6 0.162E+02 0.414E+02 0.132E+02 0.819E+00
120813 2118 45.77 38 23.60  46 46.23   17.1    1.0  6 206 25.2 0.32 10.9 11.7  5.2 0.310E+02 0.482E+02 0.599E+02 0.841E+00
120813 2125 25.17 38 27.48  46 48.01   18.8    1.0  8 199 26.2 0.34  8.5 10.0  5.3 0.208E+02 0.362E+02 0.137E+02 0.904E+00
120813 2129  6.47 38 23.98  46 47.97   16.1    1.0  6 210 23.0 0.39 10.0 17.5  7.4-0.792E+01 0.112E+03-0.391E+01 0.102E+01
120813 2133 29.81 38 26.16  46 40.78   16.0    1.0  8 182 34.3 0.34  7.6 15.7  4.5 0.141E+02 0.502E+02 0.296E+02 0.918E+00
120813 2237  4.48 38 23.53  46 41.23   20.0    3.0 10 133 32.1 0.32  4.4  8.7  2.6 0.325E+01 0.106E+02 0.328E+01 0.867E+00
120813 2322 37.02 38 26.65  46 44.78   10.0    1.0  5 190 29.4 0.29 10.5 56.4  7.8 0.376E+02 0.366E+03 0.189E+03 0.763E+00
120813 2343 33.57 38 23.86  46 51.77   12.1    1.0  7 190 18.0 0.27  7.1 15.4  4.7 0.157E+02 0.473E+02 0.317E+02 0.743E+00
120814 0132 41.66 38 27.27  46 41.58    9.4    2.0  7 188 34.0 0.36  8.2 53.2  4.8 0.172E+02 0.124E+03 0.102E+03 0.961E+00
120814 0139 59.31 38 28.00  46 43.58   19.3    1.0  5 193 32.1 0.31 10.9 29.4  7.9 0.399E+02 0.179E+03 0.916E+02 0.827E+00
120814 0149 20.08 38 25.01  46 41.41   16.8    3.0 11 136 32.6 0.28  3.4  9.3  2.1 0.690E+00 0.915E+01-0.242E+01 0.783E+00
120814 0200 50.67 38 28.61  46 41.42    4.3    2.0  6 192 35.4 0.32  8.0999.9  4.3 0.136E+02 0.340E+04 0.169E+04 0.854E+00
120814 0237  6.89 38 25.94  46 48.19   15.5    2.0  6 220 24.4 0.30  6.3 10.9  3.0 0.740E+01 0.224E+02 0.210E+02 0.799E+00
120814 0346 54.36 38 26.26  46 48.17   18.1    2.0 13 180 13.9 0.34  4.2  4.0  2.2 0.556E+01 0.394E+01 0.697E+01 0.736E+00
120814 0408 43.33 38 27.64  46 38.41    4.6    2.0  6 185 38.5 0.31  9.1296.5  4.0 0.175E+02 0.618E+03-0.252E+03 0.817E+00
120814 0452 17.69 38 26.54  46 39.62   20.0    2.0  8 182 36.1 0.25  4.5  9.7  3.2 0.482E+01 0.200E+02 0.634E+01 0.689E+00
120814 0528 13.15 38 26.03  46 48.17   17.8    3.0 12 138 24.5 0.27  3.6  6.0  1.7 0.118E+01 0.298E+01-0.365E+01 0.752E+00
120814 0658 45.52 38 24.09  46 39.43   15.7    1.0  6 172 34.9 0.29  7.9 21.1  5.4 0.165E+02 0.964E+02 0.452E+02 0.787E+00
120814 0811 48.97 38 23.52  46 39.69   14.7    2.0  6 170 34.3 0.25  6.9 19.7  4.7 0.124E+02 0.796E+02 0.381E+02 0.686E+00
120814 1028 44.20 38 24.55  46 42.31   15.0    3.0 17  99 31.1 0.30  3.1  8.8  1.7 0.888E+00 0.255E+01-0.699E+01 0.832E+00
120814 1050 24.65 38 30.27  46 48.33   14.4    2.0  6 211 29.2 0.37 10.5 26.2  6.0 0.300E+02 0.769E+02 0.232E+02 0.959E+00
120814 1117 14.08 38 23.88  46 39.96    5.2    1.0  4 203 34.0 0.28 11.7325.9  6.0 0.404E+02 0.155E+04 0.220E+04 0.746E+00
120814 1144 11.75 38 27.14  46 41.18    5.3    1.0  7 187 34.5 0.31  7.0999.9  4.1 0.126E+02 0.285E+04 0.232E+04 0.834E+00
120814 1242 55.29 38 24.90  46 40.72   19.9    2.0  7 177 33.5 0.34  7.3 20.6  4.3 0.129E+02 0.396E+02 0.385E+02 0.900E+00
120814 1331  3.39 38 25.84  46 41.61   17.5    2.0  7 182 32.9 0.31  7.0 21.1  4.1 0.123E+02 0.415E+02 0.373E+02 0.833E+00
120814 1402 25.69 38 28.42  46 47.39   18.6    5.0 15  55 28.0 0.25  2.9 11.6  1.8 0.401E+00-0.115E+01-0.141E+02 0.671E+00
120814 1548 20.15 38 25.96  46 39.12   17.1    3.0 12 127 36.4 0.33  3.9 11.6  2.7 0.211E+01 0.144E+02-0.381E+01 0.905E+00
120814 1607  8.74 38 23.55  46 50.70   12.4    1.0  7 186 19.1 0.28  5.9 10.3  4.8 0.827E+01 0.388E+02 0.122E+02 0.763E+00
120814 1630 46.20 38 24.29  46 46.91   15.4    2.0  9 183 24.7 0.38  5.6 20.9  4.3 0.304E+01 0.438E+02-0.114E+01 0.103E+01
120814 1636 24.85 38 24.56  46 42.19   18.2    3.0 12 135 31.3 0.41  4.2 10.1  2.6 0.212E+01 0.671E+01-0.343E+01 0.110E+01
120814 1705 18.21 38 25.44  46 39.36    4.2    1.0  7 178 35.7 0.26  5.2885.1  4.0 0.697E+01 0.275E+04 0.101E+04 0.710E+00
120814 1709  9.92 38 24.97  46 43.62   19.6    3.0 12 136 29.6 0.59  6.5 13.4  3.7 0.157E+01 0.147E+02-0.120E+02 0.158E+01
120814 1716 26.09 38 25.70  46 47.36    4.8    2.0  7 202 59.9 0.22  7.4999.9  4.2 0.199E+02-0.958E+04-0.126E+05 0.625E+00
120814 1853 41.18 38 24.47  46 39.63   13.5    2.0  8 174 34.8 0.52  9.0 20.4  3.8 0.648E+01 0.232E+02-0.212E+02 0.135E+01
120814 2020 33.24 38 25.13  46 39.74   14.6    3.0 11 136 35.0 0.26  3.0  9.0  1.8 0.131E+00 0.369E+01-0.413E+01 0.715E+00
120814 2129  4.34 38 26.70  46 53.11   16.8    1.0  6 209 19.7 0.26  8.3 11.6  5.2 0.244E+02 0.304E+02 0.172E+02 0.702E+00
120814 2132 40.21 38 25.05  46 47.49   16.3    1.0  6 187 24.5 0.33  9.2 18.9  5.6 0.277E+02 0.601E+02 0.456E+02 0.880E+00
120814 2210 17.62 38 25.32  46 40.53    4.3    2.0  6 179 34.0 0.30  7.4999.9  4.1 0.149E+02 0.323E+04 0.261E+04 0.811E+00
120814 2241 54.53 38 23.33  46 42.05   12.0    1.0  6 172 30.8 0.27  6.7 26.8  3.9 0.128E+02 0.516E+02 0.452E+02 0.742E+00
120814 2307 43.03 38 23.91  46 45.11    4.4    1.0  5 178 26.9 0.30  7.9999.9  4.9 0.192E+02 0.448E+04 0.364E+04 0.790E+00
120814 2333 30.80 38 24.36  46 46.20   19.9    1.0  6 182 25.7 0.29  9.2 15.3  5.8 0.302E+02 0.618E+02 0.570E+02 0.774E+00
120814 2342  5.48 38 22.81  46 42.00   13.4    1.0  6 170 30.7 0.26  6.3 22.2  3.6 0.112E+02 0.399E+02 0.356E+02 0.701E+00
120815 0042 47.24 38 23.43  46 42.32   14.8    1.0  5 202 30.5 0.27  9.2 26.6  8.1 0.200E+02 0.201E+03 0.678E+02 0.739E+00
120815 0135 39.97 38 25.80  46 40.75   19.9    1.0  7 181 34.1 0.35  8.1 11.0  2.8 0.262E+01 0.896E+01-0.375E+02 0.923E+00
120815 0143 13.13 38 23.43  46 41.60   15.9    1.0  7 172 31.5 0.28  6.5 15.0  3.7 0.821E+01 0.434E+02 0.184E+02 0.770E+00
120815 0303 30.61 38 29.14  46 37.19   19.4    1.0  6 189 41.3 0.27 10.0 26.2  3.9-0.116E+02 0.789E+02-0.168E+03 0.739E+00
120815 0341 30.52 38 25.61  46 48.02   17.9    3.0 11 137 24.3 0.22  2.7  5.4  1.6 0.800E-01 0.437E+01-0.255E+01 0.612E+00
120815 0429 39.87 38 24.34  46 48.97   11.5    3.0 11 135 22.0 0.44  5.9 13.1  2.7 0.289E+01 0.138E+02-0.145E+02 0.119E+01
120815 0526 26.78 38 25.84  46 46.01   10.0    2.0  8 188 27.1 0.29  7.2 13.7  4.0 0.138E+02 0.319E+02 0.263E+02 0.795E+00
120815 0539 51.14 38 26.98  46 40.98   15.2    2.0  8 186 34.6 0.41  7.0 30.7  5.1 0.116E+02 0.601E+02 0.625E+01 0.108E+01
120815 0712 14.45 38 24.93  46 38.55    4.1    2.0  7 175 36.6 0.32  7.3999.9  3.9 0.135E+02 0.282E+04 0.193E+04 0.847E+00
120815 0839 21.66 38 25.52  46 51.69    9.3    3.0 10 199 19.8 0.30  5.2 12.0  3.7 0.794E+01 0.269E+02 0.991E+01 0.831E+00
120815 0903 48.05 38 26.02  46 41.65   18.6    2.0  8 183 33.0 0.36  7.9 13.6  4.7 0.159E+02 0.463E+02 0.277E+02 0.949E+00
120815 0937 46.80 38 21.89  46 41.14   10.0    1.0  6 165 31.6 0.34  9.1999.9  6.4 0.222E+02 0.103E+05 0.532E+04 0.902E+00
120815 1127  5.72 38 20.95  46 46.78   18.4    2.0  6 165 23.2 0.37  9.3 19.3  5.3 0.198E+02 0.653E+02 0.573E+02 0.972E+00
120815 1139 29.77 38 21.93  46 41.54   11.3    2.0  6 165 31.0 0.26  8.1 18.0  3.7 0.149E+02 0.495E+02 0.401E+02 0.704E+00
120815 1352 42.39 38 26.48  46 40.03   10.0    2.0  7 183 35.5 0.28  6.3 53.8  3.6 0.934E+01 0.863E+02 0.774E+02 0.770E+00
120815 1358 28.23 38 29.26  46 48.14    7.4    2.0  7 207 28.2 0.46 11.8948.9  6.3 0.429E+02 0.242E+04-0.181E+04 0.935E+00
120815 1601 21.95 38 22.59  46 41.02    4.5    2.0  6 168 32.0 0.25  7.1380.6  5.0 0.138E+02 0.170E+04 0.854E+03 0.683E+00
120815 1749  4.67 38 24.42  46 39.96   18.1    5.0 15 108 34.3 0.28  3.2  7.9  1.9 0.498E+00 0.436E+01-0.749E+01 0.779E+00
120815 1800  1.06 38 26.01  46 38.90   18.0    3.0 10 127 36.7 0.39  5.6 13.7  3.5 0.191E+01 0.249E+02-0.121E+02 0.105E+01
120815 1816 27.32 38 27.07  46 42.42   18.5    2.0  7 188 32.8 0.34  8.9 12.7  5.0 0.232E+02 0.420E+02 0.232E+02 0.897E+00
120815 1838 43.84 38 25.00  46 40.40   17.3    2.0  7 177 34.0 0.29  7.2 12.6  4.0 0.143E+02 0.353E+02 0.249E+02 0.789E+00
120815 1923 57.86 38 24.50  46 39.75   14.1    1.0  8 174 34.7 0.26  4.0 15.9  2.5 0.350E+01-0.121E+02-0.156E+02 0.721E+00
120815 2027 44.23 38 25.29  46 40.90   19.9    2.0  6 179 33.5 0.27  5.1 16.4  3.8 0.608E+01 0.116E+02-0.403E+01 0.739E+00
120815 2126 47.43 38 24.27  46 40.53   20.8    2.0  7 174 33.4 0.26  7.2 11.7  4.2 0.155E+02 0.377E+02 0.303E+02 0.717E+00
120815 2301 19.64 38 22.61  46 38.60    4.3    1.0  6 197 35.5 0.25  7.9470.0  3.2 0.111E+02 0.107E+04 0.188E+04 0.687E+00
120816 0015 16.22 38 25.56  46 39.17   19.5    3.0 11 126 36.1 0.24  3.1  8.0  2.3 0.716E+00 0.956E+01-0.301E+01 0.676E+00
120816 0032 52.04 38 25.59  46 39.37   15.6    1.0  7 178 35.8 0.26  6.4 13.0  3.5 0.110E+02 0.308E+02 0.205E+02 0.711E+00
120816 0131 20.99 38 25.82  46 45.21   21.0    1.0  8 187 28.1 0.32  7.5 15.9  4.1 0.146E+02 0.388E+02 0.347E+02 0.851E+00
120816 0226 38.46 38 23.03  46 50.65    4.2    1.0  5 182 18.8 0.30  9.6607.5  6.5 0.348E+02 0.292E+04 0.225E+04 0.785E+00
120816 0301 38.43 38 29.05  46 45.51   25.3    2.0  8 201 30.9 0.24  5.8 11.1  3.0 0.806E+01 0.143E+02 0.119E+02 0.661E+00
120816 0310 48.00 38 24.28  46 49.67   17.7    2.0  7 188 21.1 0.37  9.2 17.7  5.9 0.254E+02 0.660E+02 0.477E+02 0.981E+00
120816 0533 56.09 38 27.02  46 40.70    7.0    2.0  8 185 35.0 0.42  8.9108.8  4.9 0.242E+02 0.235E+03 0.257E+03 0.112E+01
120816 0539 30.92 38 23.45  46 41.22   19.0    1.0  6 172 32.1 0.47 13.1 26.6  9.2 0.477E+02 0.214E+03 0.105E+03 0.122E+01
120816 0633 55.53 38 28.49  46 44.25    0.1    2.0  5 196 31.8 0.21  4.6999.9  2.4-0.790E+00 0.180E+04-0.421E+04 0.600E+00
120816 0856 53.79 38 26.32  46 42.40    4.1    1.0  5 185 32.2 0.25 10.8999.9  3.7-0.216E+02 0.656E+04-0.232E+05 0.692E+00
120816 0927 46.91 38 25.45  46 43.03   18.6    3.0 10 182 30.7 0.37  6.4  9.6  2.7 0.463E+01 0.106E+02-0.861E+00 0.985E+00
120816 1128 36.83 38 26.05  46 42.69   11.1    1.0  6 184 31.6 0.29  9.1 48.4  6.8 0.259E+02 0.269E+03 0.147E+03 0.787E+00
120816 1320 15.23 38 25.10  46 41.91    4.2    1.0  5 179 32.0 0.29  8.8999.9  6.3 0.235E+02 0.100E+05 0.500E+04 0.764E+00
120816 1356 30.23 38 24.68  46 42.70   13.6    2.0  7 178 30.7 0.31  6.9 25.5  4.1 0.121E+02 0.569E+02 0.481E+02 0.823E+00
120816 1515 35.05 38 26.91  46 44.14   17.6    3.0 12 140 30.4 0.24  2.8  6.4  1.6 0.271E+00 0.303E+01-0.339E+01 0.661E+00
120816 1531 10.38 38 22.35  46 41.36    4.3    1.0  5 167 31.4 0.33  9.1999.9  6.6 0.236E+02 0.676E+04 0.339E+04 0.855E+00
120816 1711 47.63 38 27.49  46 44.49   19.9    1.0  7 193 30.5 0.25  6.4 15.1  3.9 0.113E+02 0.299E+02 0.239E+02 0.697E+00
120816 1714 13.18 38 26.18  46 43.80   18.9    4.0 14 101 30.3 0.30  3.5  7.1  1.9-0.948E+00 0.246E+01-0.106E+02 0.826E+00
120816 1719 40.78 38 25.73  46 42.15   17.8    2.0 11 137 32.1 0.37  5.0 10.7  2.6 0.297E+01 0.106E+02-0.213E+01 0.100E+01
120816 1734 59.55 38 26.21  46 43.70   15.3    2.0 14 151  9.1 0.30  4.0  4.8  2.4 0.554E+01 0.613E+01 0.102E+02 0.822E+00
120816 2027 17.59 38 26.25  46 54.63    6.3    2.0  8 209 17.5 0.38  9.0 43.8  5.1 0.233E+02 0.981E+02 0.213E+02 0.101E+01
120816 2150 59.52 38 26.77  46 44.73   14.0    1.0  5 190 29.6 0.32 11.4 38.8  8.5 0.444E+02 0.269E+03 0.138E+03 0.838E+00
120816 2315  0.32 38 23.24  46 38.39    4.1    0.0  7 168 36.0 0.34  5.5999.9  3.9 0.745E+01 0.254E+04-0.165E+03 0.900E+00
120816 2359 14.36 38 24.93  46 38.44    4.2    1.0  6 175 36.7 0.33  7.5999.9  4.1 0.143E+02 0.203E+04 0.173E+04 0.871E+00
120817 0031 16.93 38 30.61  46 51.30    4.1    1.0  8 214 26.9 0.35  9.5763.9  6.0 0.276E+02 0.197E+04-0.101E+04 0.934E+00
120817 0213 52.93 38 24.10  46 47.29   20.2    1.0  7 182 24.0 0.27  6.7 13.9  4.3 0.130E+02 0.359E+02 0.278E+02 0.746E+00
120817 0319 23.90 38 25.48  46 46.96   20.0    1.0  6 216 25.6 0.23  8.8 13.1  3.2 0.178E+02 0.213E+02 0.508E+02 0.652E+00
120817 0334 20.07 38 27.22  46 41.53   17.8    2.0 10 187 34.1 0.28  4.5 10.1  3.0 0.549E+01 0.183E+02 0.830E+01 0.761E+00
120817 0448 15.37 38 25.04  46 41.39   12.6    3.0 19 100 32.7 0.38  3.2 14.2  2.0 0.661E+00 0.512E+01-0.127E+02 0.104E+01
120817 0452 29.31 38 25.32  46 46.07   20.0    3.0 11 137 26.6 0.27  4.0  6.0  1.9-0.141E+00 0.392E+01-0.552E+01 0.752E+00
120817 0528 37.75 38 23.30  46 50.31    6.5    2.0  8 183 19.4 0.28  5.6 34.7  2.7 0.603E+01 0.372E+02 0.140E+02 0.758E+00
120817 0535  6.51 38 24.23  46 46.59   13.0    1.0  6 182 25.1 0.27  9.6 20.9  7.3 0.299E+02 0.139E+03 0.659E+02 0.730E+00
120817 0809 50.97 38 24.80  46 53.09    9.5    3.0 12 135 17.3 0.33  3.8  9.5  2.5 0.189E+01 0.106E+02-0.302E+01 0.899E+00
120817 0819 48.06 38 26.08  46 48.28   17.2    1.0  7 194 24.4 0.32  8.2 12.1  5.0 0.157E+02 0.459E+02 0.810E+01 0.852E+00
120817 0917 59.86 38 24.90  46 38.58   19.9    3.0 20  99 36.5 0.43  3.9  9.9  2.0 0.115E+01-0.185E+01-0.157E+02 0.117E+01
120817 1036 48.34 38 26.22  46 41.02   20.0    1.0  6 183 34.0 0.28  8.5 15.9  5.9 0.209E+02 0.791E+02 0.356E+02 0.756E+00
120817 1119 11.84 38 25.84  46 41.64   19.8    2.0  7 182 32.9 0.28  7.0 23.4  6.0 0.129E+02 0.104E+03 0.274E+02 0.767E+00
120817 1209 50.41 38 26.03  46 38.42   16.9    3.0 12 179 37.4 0.37  4.2 11.5  2.4 0.147E+01 0.586E+01 0.388E-01 0.101E+01
120817 1304 44.14 38 24.93  46 52.21   21.1    1.0  7 197 18.5 0.31  9.4  9.0  6.4 0.253E+02 0.481E+02 0.172E+02 0.827E+00
120817 1324 24.32 38 27.95  46 34.08    4.3    2.0  7 181 44.6 0.23  4.5569.5  3.3 0.535E+01 0.138E+04 0.513E+03 0.650E+00
120817 1434 36.60 38 25.30  46 38.94   15.7    2.0  7 177 48.3 0.25  4.7 12.6  3.3 0.579E+01 0.263E+02 0.966E+01 0.700E+00
120817 1437 38.39 38 26.80  46 39.50   17.7    2.0  9 183 36.4 0.29  6.3 12.0  3.4 0.116E+02 0.259E+02 0.238E+02 0.801E+00
120817 1504  8.55 38 25.54  46 47.18   18.7    1.0  7 189 25.3 0.37  9.3 13.5  5.6 0.196E+02 0.583E+02 0.143E+02 0.985E+00
120817 1613 15.06 38 27.12  46 47.10    4.7    1.0  7 196 26.9 0.25  5.4242.4  4.2 0.849E+01 0.692E+03 0.224E+03 0.702E+00
120817 1658 47.47 38 23.47  46 39.06   14.7    1.0  7 170 35.1 0.29  6.8 15.4  3.7 0.117E+02 0.406E+02 0.320E+02 0.786E+00
120817 1757 46.98 38 21.79  46 55.69    4.2    1.0  7 186 11.1 0.29  5.2178.5  3.8 0.791E+01 0.362E+03 0.228E+03 0.792E+00
120817 1849 55.73 38 22.56  46 58.80    4.2    2.0 10 206  8.4 0.45  6.8 90.1  4.5 0.138E+02 0.155E+03 0.768E+02 0.120E+01
120817 1934  8.41 38 28.10  46 37.28   19.6    3.0 13 130 40.4 0.42  4.5 11.5  2.5 0.128E+01 0.268E+01-0.162E+02 0.113E+01
120817 2004 59.91 38 26.07  46 39.89   19.3    1.0  8 181 35.4 0.32  5.6 12.5  4.1 0.764E+01 0.332E+02 0.109E+02 0.874E+00
120817 2015 33.69 38 26.87  46 41.16   19.9    3.0 11 128 34.3 0.25  3.3  7.8  2.4 0.794E+00 0.100E+02-0.348E+01 0.695E+00
120817 2136 15.63 38 24.35  46 42.15   20.0    1.0  7 176 31.2 0.38  7.4 14.0  5.9 0.130E+02 0.616E+02 0.200E+02 0.101E+01
120817 2314  9.13 38 25.80  46 41.27   15.6    3.0 11 137 33.4 0.23  2.9  8.3  1.9 0.875E+00 0.756E+01-0.847E+00 0.635E+00
120818 0148 25.09 38 26.56  46 43.17   25.7    3.0 11 139 31.4 0.36  4.7  8.4  3.0 0.157E+01 0.122E+02-0.189E+01 0.982E+00
120818 0206 28.60 38 22.79  46 44.71   19.7    2.0  7 172 26.8 0.59  8.4 18.8  4.0 0.799E+01 0.549E+01-0.129E+02 0.115E+01
120818 0221 31.73 38 24.20  46 41.38    8.0    1.0  6 175 32.2 0.32  9.2 63.2  6.5 0.243E+02 0.363E+03 0.172E+03 0.856E+00
120818 0326 47.04 38 26.90  46 50.43   20.2    2.0  9 202 22.8 0.36  8.7  8.6  4.9 0.203E+02 0.269E+02 0.784E+01 0.962E+00
120818 0444 40.35 38 23.54  46 47.80   16.9    2.0  8 180 23.0 0.37  8.7 11.8  5.5 0.209E+02 0.513E+02 0.319E+02 0.983E+00
120818 0538  0.91 38 31.84  46 54.34   11.3    2.0  8 218 26.4 0.44 12.5 20.4  8.0 0.498E+02 0.372E+02-0.709E+02 0.117E+01
120818 0602 57.78 38 26.02  46 56.53   12.8    1.0  7 210 15.5 0.29  8.3  7.0  5.7 0.218E+02 0.188E+02-0.276E+01 0.797E+00
120818 0846 28.12 38 27.83  46 39.70   15.9    2.0  6 187 37.0 0.24  5.8 27.9  4.7 0.947E+01 0.838E+02 0.186E+02 0.670E+00
120818 0859  7.81 38 25.16  46 42.65   13.9    2.0  8 180 31.1 0.32  7.2 16.1  4.4 0.134E+02 0.529E+02 0.317E+02 0.869E+00
120818 1121 28.71 38 25.31  46 39.75   19.9    2.0 12 126 35.1 0.29  3.4  8.4  2.3 0.209E+01 0.818E+01-0.962E+00 0.806E+00
120818 1433 47.19 38 25.46  46 49.95   19.2    1.0  9 194 21.8 0.28  6.1  5.2  3.0 0.120E+02 0.695E+01 0.392E+01 0.640E+00
120818 1556  5.81 38 24.71  46 52.91    8.2    3.0 10 135 17.4 0.24  3.6  9.1  2.3 0.191E+01 0.940E+01-0.424E+01 0.680E+00
120818 1815 49.20 38 27.81  46 56.86    4.1    1.0 12 214 18.1 0.50  8.0370.4  4.7 0.242E+02-0.637E+02-0.613E+03 0.125E+01
120818 1910 11.52 38 26.95  46 39.20   14.1    1.0  7 183 37.0 0.28  5.0 25.1  3.5 0.644E+01 0.207E+02-0.604E+01 0.757E+00
120818 1930 33.72 38 28.07  46 52.06   11.4    1.0  7 210 22.6 0.36 10.8 22.8  6.5 0.473E+02 0.591E+02 0.426E+02 0.944E+00
120818 1939 46.87 38 24.56  46 38.48    4.2    1.0  6 173 36.5 0.44  7.4999.9  5.4 0.126E+02 0.270E+04-0.679E+02 0.114E+01
120818 2031 53.83 38 32.55  46 46.96   14.6    2.0 14 214 10.9 0.77  9.6  9.7  5.2 0.225E+02 0.235E+01 0.418E+01 0.207E+01
120818 2041 51.35 38 26.76  46 42.29   12.2    2.0 13 142  7.2 0.32  3.9  5.0  2.1 0.381E+01 0.479E+01 0.111E+02 0.865E+00
120818 2108 39.37 38 25.03  46 39.83   19.7    3.0 10 126 34.8 0.30  4.4  8.9  2.4 0.288E+01 0.893E+01-0.415E+01 0.826E+00
120818 2109 40.56 38 27.76  46 38.87   10.6    3.0  9 129 38.0 0.36  5.7 27.0  3.2 0.575E+00 0.456E+02-0.504E+02 0.958E+00
120818 2120 44.16 38 25.44  46 46.41   17.6    1.0 12 163 12.8 0.26  4.1  4.4  2.0 0.441E+01 0.424E+01 0.103E+02 0.710E+00
120818 2129 15.38 38 25.50  46 38.72   15.1    2.0 13  96  9.0 0.40  5.1  6.8  2.5 0.540E+01 0.811E+01 0.204E+02 0.110E+01
120818 2141 10.36 38 24.96  46 40.21   12.2    1.0 12 120  9.8 0.72  9.5 14.3  4.6 0.213E+02 0.334E+02 0.877E+02 0.192E+01
120818 2211  9.97 38 24.74  46 39.34   14.6    1.0 10 120 10.2 0.27  4.0  5.1  2.0 0.305E+01 0.502E+01 0.114E+02 0.753E+00
120818 2252 25.23 38 26.45  46 41.60   16.7    1.0  9 131  7.3 0.25  5.3  4.8  2.7 0.832E+01 0.892E+01 0.151E+02 0.686E+00
120818 2314 43.69 38 24.81  46 51.25   13.5    1.0 10 181 19.1 0.28  6.3  6.0  3.5 0.160E+02 0.131E+02 0.200E+02 0.768E+00
120818 2347 22.99 38 27.17  46 41.13   16.1    1.0 11 131  5.9 0.33  5.0  4.8  2.4 0.322E+01 0.504E+01 0.135E+02 0.835E+00
120818 2354 42.40 38 26.35  46 49.14   14.9    2.0 13 186 15.0 0.34  3.5  4.3  2.0 0.382E+01 0.379E+01 0.597E+01 0.714E+00
120819 0004 53.52 38 26.00  46 39.48   15.4    1.0 12 117  7.9 0.42  5.6  6.7  2.7 0.711E+01 0.857E+01 0.212E+02 0.114E+01
120819 0037  6.68 38 25.50  46 43.35   19.9    3.0  9 137 30.3 0.34  5.8  9.3  2.6-0.757E+00 0.119E+02-0.151E+02 0.907E+00
120819 0055 16.98 38 28.87  46 41.62   19.4    1.0 10 162  3.4 0.39  8.6  5.6  3.8 0.218E+02 0.116E+02 0.275E+02 0.105E+01
120819 0112 37.79 38 26.21  46 41.19   15.1    2.0 13 125  7.6 0.46  6.1  7.1  3.0 0.902E+01 0.104E+02 0.253E+02 0.124E+01
120819 0129 34.25 38 25.90  46 39.13   15.4    2.0 14 100  8.1 0.48  5.1  7.3  2.8 0.413E+01 0.783E+01 0.190E+02 0.131E+01
120819 0158 30.37 38 23.34  46 38.93   20.0    4.0 10 133 35.3 0.23  3.1  5.9  1.5 0.483E+00 0.139E+01-0.366E+01 0.641E+00
120819 0223 11.82 38 25.18  46 39.35   15.6    2.0 13 102  9.4 0.40  5.1  6.8  2.5 0.560E+01 0.824E+01 0.205E+02 0.109E+01
120819 0226 29.96 38 24.82  46 39.72   15.1    1.0 12 105 10.0 0.44  5.8  7.8  3.0 0.572E+01 0.110E+02 0.257E+02 0.119E+01
120819 0329 48.29 38 24.92  46 38.87   13.9    1.0  9 138 10.0 0.31  4.6  6.2  2.5 0.356E+01 0.830E+01 0.145E+02 0.850E+00
120819 0347 58.73 38 28.16  46 49.76   14.8    1.0 12 206 14.6 0.53  7.9  7.4  3.9 0.191E+02 0.823E+01 0.195E+02 0.124E+01
120819 0439 27.72 38 24.78  46 45.61   19.9    2.0  7 183 26.8 0.17  5.5  7.7  3.6 0.815E+01 0.237E+02 0.993E+01 0.515E+00
120819 0510 15.50 38 27.88  46 46.86   19.1    2.0  8 199 28.0 0.35  8.7 10.9  5.4 0.217E+02 0.399E+02 0.154E+02 0.938E+00
120819 0818 27.73 38 27.02  46 38.92    4.2    2.0  7 183 37.4 0.38  8.1999.9  4.6 0.152E+02 0.369E+04 0.363E+04 0.101E+01
120819 0825 19.86 38 26.64  46 39.89    4.2    2.0  6 183 35.8 0.39 10.3999.9  7.4 0.306E+02 0.138E+05 0.800E+04 0.103E+01
120819 1051 59.57 38 26.55  46 49.14    4.1    2.0  7 198 23.9 0.26  6.9999.9  4.4 0.146E+02 0.310E+04 0.181E+04 0.713E+00
120819 1341 50.72 38 27.68  46 40.40   20.0    2.0  8 188 35.9 0.26  6.1 10.1  3.6 0.929E+01 0.245E+02 0.134E+02 0.719E+00
120819 1440 59.30 38 26.05  46 46.08   15.9    2.0  7 189 27.2 0.26  7.3  9.9  4.4 0.169E+02 0.302E+02 0.167E+02 0.714E+00
120819 1532 28.85 38 21.37  46 49.29   14.2    2.0  6 170 19.7 0.25  7.0 14.7  4.1 0.124E+02 0.412E+02 0.339E+02 0.698E+00
120819 2230 29.14 38 25.93  46 38.09   13.0    1.0  8 178 37.8 0.28  5.0 12.9  2.1 0.182E+01 0.562E+01-0.140E+02 0.754E+00
120819 2327  2.07 38 25.37  46 39.12   14.2    1.0  7 177 36.0 0.27  6.7 15.4  3.6 0.117E+02 0.379E+02 0.256E+02 0.748E+00
120820 0104 22.51 38 29.70  46 40.62    8.6    2.0  6 195 37.4 0.31  7.9 60.8  4.2 0.131E+02 0.108E+03 0.526E+02 0.837E+00
120820 0124 12.78 38 25.32  46 41.60    4.1    1.0  5 180 32.6 0.26  8.4999.9  5.3 0.260E+02 0.626E+04 0.562E+04 0.696E+00
120820 0145 10.52 38 26.06  46 40.76    4.1    1.0  6 182 34.2 0.42 10.2999.9  5.7 0.290E+02 0.512E+04 0.408E+04 0.110E+01
120820 0204 58.48 38 22.95  46 40.99   15.5    1.0  6 169 32.2 0.40  9.0 28.9  4.8 0.145E+02 0.681E+02 0.572E+02 0.103E+01
120820 0409 59.38 38 26.37  46 40.74   20.0    2.0  9 183 34.5 0.26  4.5  9.7  3.3 0.466E+01 0.220E+02 0.736E+01 0.710E+00
120820 0606 14.37 38 25.39  46 40.27   19.0    2.0  8 179 34.4 0.33  7.5 19.4  6.2 0.151E+02 0.105E+03 0.381E+02 0.887E+00
120820 0659 31.56 38 23.35  46 46.07   10.5    1.0  6 177 25.2 0.33  8.2 23.7  5.2 0.169E+02 0.104E+03 0.458E+02 0.876E+00
120820 1006 32.49 38 25.98  46 50.25    7.2    2.0  7 198 22.0 0.44  9.4 39.0  5.8 0.134E+02 0.168E+03-0.141E+02 0.115E+01
120820 1221  3.73 38 26.95  46 42.32   10.0    1.0  7 187 32.8 0.25  7.2 11.7  4.6 0.128E+02 0.442E+02 0.137E+02 0.687E+00
120820 1453 29.34 38 25.59  46 38.44   20.0    1.0  6 195 47.9 0.24  6.7 15.2  4.4 0.117E+02-0.488E+02-0.441E+02 0.655E+00
120820 1654 51.79 38 25.06  46 40.75   19.3    3.0  7 136 50.5 0.28  4.7 29.1  2.5 0.369E+01-0.181E+02-0.460E+02 0.753E+00
120820 2032 50.30 38 25.70  46 48.54   10.1    2.0  7 203 61.5 0.25  4.9 83.6  3.9 0.477E+01-0.181E+03-0.460E+02 0.697E+00
120820 2117 40.06 38 26.31  46 39.15   10.0    1.0  8 197 49.4 0.31  6.7999.9  4.7 0.178E+02-0.126E+05-0.119E+05 0.845E+00
120820 2124 17.35 38 25.73  46 52.71   19.9    3.0  8 137 67.2 0.25  4.1 35.8  2.5 0.925E+00 0.302E+02-0.560E+02 0.694E+00
120820 2137 38.79 38 26.56  46 40.50    4.5    2.0  9 198 51.4 0.25  5.9790.5  3.9 0.132E+02-0.232E+04-0.241E+04 0.704E+00
120820 2220 12.49 38 24.90  46 39.88    4.2    1.0  7 195 49.2 0.25  7.9999.9  4.6 0.223E+02-0.718E+04-0.907E+04 0.697E+00
120821 0331 54.58 38 25.69  46 40.56   17.0    2.0 13 132  8.5 0.51  5.8  7.3  3.6 0.883E+01 0.997E+01 0.201E+02 0.132E+01
120821 0523 59.05 38 26.12  46 44.76    4.9    2.0  6 201 56.7 0.28  9.8894.5  5.9 0.373E+02-0.413E+04-0.464E+04 0.752E+00
120821 0838 50.24 38 22.86  46 34.10   12.3    2.0  6 186 40.0 0.34  7.7 45.0  4.1 0.176E+02-0.636E+02-0.751E+02 0.901E+00
120821 0915 12.04 38 28.10  46 44.97    4.6    1.0  5 245 58.4 0.27 11.2999.9  7.7 0.497E+02-0.715E+04-0.696E+04 0.725E+00
120821 1024 46.47 38 27.38  46 43.45    4.3    1.0  6 202 55.9 0.30  7.8999.9  5.3 0.182E+02-0.623E+04 0.858E+03 0.795E+00
120821 1743  1.87 38 24.42  46 43.09   20.1    3.0  8 135 53.2 0.37  7.1 29.8  4.2 0.150E+02-0.803E+02-0.133E+03 0.983E+00
120822 0424 53.56 38 25.21  46 41.16    5.6    2.0  7 179 33.1 0.27  6.8 79.4  3.8 0.128E+02 0.219E+03 0.142E+03 0.736E+00
120822 0950 22.53 38 25.58  46 39.78   20.0    3.0 10 126 35.2 0.34  5.2 10.6  2.5-0.165E+00 0.121E+02-0.180E+02 0.926E+00
120822 1008  9.48 38 27.35  46 51.25   26.4    2.0  6 207 22.4 0.31  9.2  8.8  5.9 0.207E+02 0.384E+02 0.638E+01 0.830E+00
120822 1133 50.44 38 26.29  46 39.23    7.8    2.0  9 181 36.4 0.29  5.5 30.6  2.0 0.863E+00 0.228E+02-0.466E+02 0.794E+00
120822 1445  2.23 38 26.47  46 39.38   13.0    1.0  5 182 36.4 0.27 11.6 46.0  6.7-0.181E+02 0.277E+03-0.251E+03 0.723E+00
120822 1537 57.38 38 25.52  46 51.30   19.0    2.0 11 198 20.2 0.27  5.1  5.1  2.4 0.667E+01 0.507E+01 0.206E+01 0.746E+00
120822 1555 46.67 38 25.49  46 46.33   16.1    1.0  6 187 26.4 0.22  5.9 16.8  3.6 0.814E+01 0.385E+02 0.140E+02 0.629E+00
120822 1629 10.50 38 25.07  46 49.26   18.6    1.0  7 191 22.3 0.24  6.5  8.5  4.1 0.101E+02 0.268E+02 0.688E+01 0.673E+00
120822 1832 35.11 38 24.99  46 39.01   13.7    2.0  7 176 35.9 0.31  7.3 17.8  4.0 0.140E+02 0.485E+02 0.337E+02 0.829E+00
120822 2140 44.50 38 26.23  46 43.65   20.0    1.0  7 186 30.5 0.23  9.0 16.6  7.6 0.316E+02 0.118E+03 0.645E+02 0.645E+00
120823 0010 39.13 38 26.31  46 43.84   18.5    2.0 10 187 30.3 0.24  4.4  6.5  1.9 0.234E+01 0.495E+01-0.161E+01 0.665E+00
120823 0016 44.36 38 25.43  46 42.50   10.0    1.0  6 211 31.4 0.25 10.7 18.3  8.5 0.457E+02 0.146E+03 0.960E+02 0.692E+00
120823 0056 25.74 38 26.21  46 42.28    5.7    1.0  8 184 32.3 0.42  7.6 83.0  3.1 0.613E+01 0.998E+02-0.109E+03 0.111E+01
120823 0237 15.00 38 27.55  46 38.18   19.4    2.0  9 184 38.7 0.24  4.1 14.6  2.8 0.554E+01 0.536E+01 0.483E+01 0.676E+00
120823 0406 36.70 38 26.90  46 39.25   16.2    2.0  8 183 36.9 0.29  6.3 13.9  3.7 0.961E+01 0.350E+02 0.203E+02 0.782E+00
120823 0823 42.04 38 25.87  46 36.67    4.2    2.0  8 176 39.7 0.28  5.8999.9  3.2 0.686E+01 0.257E+04 0.160E+04 0.771E+00
120823 1214 46.29 38 25.93  46 39.19    4.1    2.0  8 179 36.3 0.47  9.4999.9  5.0 0.250E+02 0.632E+04 0.778E+04 0.124E+01
120823 1231 56.90 38 25.91  46 44.17    4.1    2.0  5 186 29.6 0.34 13.7999.9 10.3 0.841E+02 0.370E+05 0.297E+05 0.891E+00
120823 1452 19.04 38 26.90  46 39.22   16.2    2.0  8 183 36.9 0.33  7.1 15.6  4.1 0.121E+02 0.442E+02 0.256E+02 0.878E+00
120823 1637 18.63 38 28.40  46 47.47   19.6    2.0  8 202 27.9 0.20  5.3 10.3  2.9 0.728E+01 0.166E+02 0.117E+02 0.566E+00
120823 1718 11.70 38 24.32  46 37.40   15.3    1.0  8 171 37.8 0.28  5.7 14.9  3.3 0.689E+01 0.333E+02 0.239E+02 0.766E+00
120823 2031 29.10 38 26.80  46 43.73   16.2    3.0 10 139 30.9 0.24  3.1 14.7  2.1 0.105E+01 0.677E+01-0.759E+01 0.668E+00
120823 2256 32.58 38 27.53  46 37.70   18.6    1.0  6 184 39.4 0.30  9.3 15.5  5.6 0.309E+02 0.651E+02 0.533E+02 0.797E+00
120824 0514 47.15 38 25.11  46 37.20    4.5    1.0  7 174 38.5 0.27  6.4457.0  4.3 0.967E+01 0.167E+04 0.798E+03 0.746E+00
120824 0738 39.14 38 30.23  46 59.27   10.6    3.0  9 144 21.2 0.25  4.4 10.1  2.8-0.448E+00 0.879E+01-0.225E+02 0.702E+00
120824 0949 29.42 38 28.92  46 49.47   19.2    2.0  8 209 26.3 0.45 11.7 12.6  7.3 0.405E+02 0.555E+02 0.108E+02 0.119E+01
120824 1044  3.44 38 26.04  46 51.21   17.6    1.0  7 200 20.9 0.36  7.5 11.4  6.0 0.153E+02 0.538E+02 0.161E+02 0.955E+00
120824 1111 20.70 38 23.46  46 46.91    7.8    1.0  6 178 24.1 0.25  7.9 26.0  5.2 0.227E+02 0.115E+03 0.836E+02 0.684E+00
120824 1202 54.85 38 26.30  46 40.25   13.5    2.0  8 182 35.1 0.37  8.0 20.5  4.7 0.154E+02 0.681E+02 0.394E+02 0.977E+00
120824 1214 53.46 38 25.72  46 41.85   17.6    1.0  6 182 32.5 0.24  7.9 19.6  7.0 0.178E+02 0.127E+03 0.430E+02 0.660E+00
120824 1550 11.67 38 24.74  46 40.68    4.1    1.0  7 176 33.5 0.35  7.3999.9  3.4 0.111E+02 0.162E+04 0.145E+04 0.926E+00
120824 1608 30.01 38 23.88  46 43.62   15.7    1.0  8 176 28.9 0.42  7.4 20.5  5.6 0.144E+02 0.937E+02 0.367E+02 0.111E+01
120824 1637 38.00 38 33.07  47  0.73    4.1    2.0  7 225 26.0 0.28  9.8999.9  6.0 0.398E+02-0.701E+03-0.326E+04 0.769E+00
120824 2142  6.82 38 25.17  46 40.25   11.9    1.0  7 178 34.3 0.31  7.3 32.7  3.9 0.173E+02 0.467E+02 0.519E+02 0.831E+00
120824 2144  6.64 38 26.25  46 44.32   19.9    1.0  7 187 29.6 0.26  6.1 14.0  2.9 0.849E+01 0.111E+02 0.795E+01 0.719E+00
120824 2243 35.98 38 27.74  46 43.26   23.5    1.0  6 192 32.3 0.24  8.9 14.7  5.5 0.336E+02 0.510E+02 0.534E+02 0.659E+00
120824 2320 32.65 38 31.83  46 48.44    4.2    1.0  6 214 31.2 0.25  9.4999.9  5.1 0.349E+02 0.110E+04-0.761E+02 0.698E+00
120824 2357 19.95 38 25.72  46 36.67   13.8    1.0  6 176 39.6 0.24  6.3 21.3  4.0 0.938E+01 0.667E+02 0.268E+02 0.671E+00
120825 0009  4.25 38 27.29  46 41.68    4.2    1.0  7 188 33.9 0.36  8.8999.9  4.8 0.266E+02 0.207E+04 0.210E+04 0.946E+00
120825 0058 55.04 38 25.44  46 46.19   14.5    1.0  8 187 26.5 0.32  5.5 16.3  3.1 0.766E+01 0.613E+00-0.909E+01 0.861E+00
120825 0255 49.97 38 27.20  46 37.52   20.0    2.0  7 182 39.4 0.29  6.2 17.9  2.7 0.453E+01 0.278E+01 0.581E+01 0.776E+00
120825 0609 45.82 38 25.16  46 40.90   18.7    3.0  9 136 33.4 0.29  4.6  9.1  2.7 0.368E+00 0.131E+02-0.419E+01 0.780E+00
120825 0733 33.99 38 27.83  46 34.26    3.4    2.0  7 181 44.7 0.33  6.4 70.5  4.1 0.934E+01 0.222E+03 0.101E+03 0.893E+00
120825 0746 20.73 38 25.66  46 52.77   15.0    3.0 10 137 18.7 0.25  3.8  5.4  2.4 0.203E+01 0.516E+01-0.277E+01 0.703E+00
120825 1459 32.02 38 24.00  46 56.47    9.5    2.0  9 207 12.7 0.24  6.1  5.4  3.7 0.138E+02 0.943E+01 0.401E+01 0.660E+00
120825 1714 24.39 38 26.26  46 38.08    4.1    1.0  6 179 38.0 0.46  8.9102.9  4.8 0.201E+02 0.123E+03 0.971E+02 0.118E+01
120825 1959 27.87 38 27.01  46 54.59   12.1    1.0  7 210 18.7 0.44 12.1 13.0  8.2 0.459E+02 0.553E+02-0.433E+01 0.116E+01
120825 2003 41.37 38 24.78  46 39.17   20.0    2.0  9 175 35.6 0.25  4.3  6.7  1.9 0.131E+01 0.389E+01-0.648E+00 0.687E+00
120826 0128 37.06 38 25.68  46 38.17   19.9    2.0  9 177 37.5 0.24  4.6  7.1  1.7 0.621E+00 0.331E+01-0.746E+01 0.663E+00
120826 0401 33.32 38 24.47  46 39.57   19.8    2.0  8 174 34.9 0.27  5.8 10.6  3.4 0.781E+01 0.257E+02 0.180E+02 0.736E+00
120826 0522 11.59 38 25.90  46 41.90   18.5    2.0  8 183 32.6 0.26  6.1  9.5  3.5 0.102E+02 0.230E+02 0.181E+02 0.708E+00
120826 0936 52.96 38 25.92  46 39.54   14.7    3.0 10 127 35.8 0.25  3.7 10.4  2.3 0.125E+01 0.119E+02-0.409E+01 0.693E+00
120826 0943 21.92 38 26.32  46 39.63   16.0    3.0 10 127 35.9 0.29  4.2 10.8  2.6 0.166E+01 0.139E+02-0.526E+01 0.788E+00
120826 1115 27.93 38 26.55  46 40.67   18.5    2.0  8 184 34.7 0.32  7.4 12.1  4.1 0.147E+02 0.339E+02 0.263E+02 0.870E+00
120826 1250 54.93 38 23.88  46 41.60   12.4    1.0  8 174 31.7 0.35  8.2 20.0  4.8 0.214E+02 0.724E+02 0.694E+02 0.935E+00
120826 1252 35.15 38 25.40  46 38.84    5.0    1.0  7 177 36.4 0.40  8.7642.5  4.2 0.152E+02 0.183E+04 0.943E+03 0.104E+01
120826 1305 19.44 38 26.79  46 38.94   11.3    2.0  9 182 37.2 0.43  8.9 29.4  5.1 0.215E+02 0.101E+03 0.836E+02 0.114E+01
120826 1308 35.62 38 25.66  46 39.95   14.6    3.0 11 127 35.1 0.29  4.0 11.5  2.6 0.180E+01 0.154E+02-0.185E+01 0.791E+00
120826 1344 30.82 38 22.59  46 44.76   10.0    1.0  6 171 26.7 0.35 10.8999.9  8.0 0.358E+02 0.105E+05 0.546E+04 0.930E+00
120826 1426 49.74 38 21.09  46 41.66   12.0    1.0  7 162 30.6 0.32  7.5 20.8  4.4 0.154E+02 0.711E+02 0.624E+02 0.867E+00
120826 1451  2.71 38 27.24  46 51.30   17.4    1.0  7 206 22.2 0.37 10.0 10.0  6.7 0.306E+02 0.436E+02 0.123E+02 0.972E+00
120826 1815 31.84 38 25.45  46 52.45   12.3    3.0  9 136 18.8 0.27  4.3  7.5  2.4 0.222E+01 0.781E+01-0.964E+01 0.734E+00
120826 1922  9.38 38 26.77  46 39.12    4.6    1.0  6 183 36.9 0.25  7.8235.4  3.4 0.128E+02 0.453E+03-0.836E+02 0.691E+00
120826 2012 37.36 38 25.29  46 40.22   14.8    1.0  7 178 34.4 0.35  8.6 17.8  4.8 0.200E+02 0.587E+02 0.397E+02 0.939E+00
120826 2057  8.31 38 28.03  46 41.80    4.5    1.0  6 191 34.4 0.33 10.6334.4  4.9 0.273E+02 0.830E+03-0.373E+03 0.871E+00
120826 2248 14.05 38 28.26  46 40.10   13.1    2.0  7 189 36.8 0.35  7.7 34.7  3.4 0.819E+01 0.253E+02 0.102E+02 0.928E+00
120827 0246 27.54 38 25.01  46 38.00   20.0    1.0  6 175 37.4 0.32  8.4 18.1  5.5 0.179E+02 0.815E+02 0.370E+02 0.842E+00
120827 0508  6.86 38 27.35  46 34.19    4.1    1.0  6 179 44.0 0.25  6.2999.9  3.3 0.908E+01 0.353E+04 0.180E+04 0.691E+00
120827 0630 55.88 38 24.68  46 41.45    4.6    2.0  8 177 32.4 0.39  9.5999.9  6.4 0.304E+02 0.118E+05 0.887E+04 0.103E+01
120827 1101 13.05 38 24.01  46 41.12   19.3    2.0  8 174 32.5 0.37  6.1 20.5  4.5 0.816E+01 0.363E+02 0.219E+01 0.975E+00
120827 1346 34.26 38 21.74  46 41.49   19.7    1.0  6 164 31.0 0.44 12.2 24.4  8.7 0.405E+02 0.188E+03 0.964E+02 0.115E+01
120827 1510 34.48 38 24.31  46 49.94   16.3    1.0  6 188 20.7 0.32  9.1 15.9  5.7 0.282E+02 0.546E+02 0.411E+02 0.846E+00
120827 1652 13.66 38 25.43  46 51.01   19.7    2.0  7 197 20.5 0.35  9.2 15.2  5.9 0.259E+02 0.542E+02 0.370E+02 0.937E+00
120827 1755  8.73 38 22.60  46 48.74   17.7    2.0  7 176 21.1 0.50 10.1 19.2  6.4 0.323E+02 0.775E+02 0.623E+02 0.103E+01
120827 2103 26.88 38 22.73  46 40.52   12.4    1.0  6 198 32.8 0.33  5.9 30.7  4.0 0.628E+01 0.391E+02 0.147E+02 0.881E+00
120827 2248 15.56 38 20.66  46 44.37    4.2    1.0  6 190 26.6 0.30  9.6604.5  4.6 0.232E+02 0.233E+04 0.341E+04 0.809E+00
120827 2356 30.73 38 25.49  46 53.22   10.1    3.0 14 109 18.0 0.31  4.0  9.7  2.1-0.654E+00 0.658E+01-0.212E+02 0.846E+00
120828 0028  1.15 38 22.51  46 41.47    3.8    1.0  6 168 31.3 0.32  8.1999.9  5.1 0.215E+02 0.783E+04 0.671E+04 0.795E+00
120828 0155 35.68 38 24.61  46 43.15   12.1    2.0  6 179 30.0 0.25  6.4 24.3  3.5 0.867E+01 0.478E+02 0.330E+02 0.692E+00
120828 0221 14.07 38 25.30  46 35.82   19.9    2.0  8 174 40.6 0.69 11.0 23.1  6.9 0.286E+02 0.117E+03 0.796E+02 0.130E+01
120828 0333 22.61 38 23.78  46 40.20   13.9    1.0  7 172 33.7 0.34  6.4 19.6  3.1 0.569E+01-0.164E+02-0.277E+02 0.895E+00
120828 0341  7.61 38 24.42  46 47.37   21.8    2.0  9 184 24.2 0.38  8.9  9.9  5.0 0.204E+02 0.364E+02 0.251E+02 0.103E+01
120828 0354 50.97 38 26.10  46 37.43   20.0    1.0  6 178 38.8 0.30  6.4 26.0  5.1 0.109E+02 0.685E+02 0.634E+01 0.811E+00
120828 0413 21.49 38 22.26  46 46.36   13.2    1.0  6 171 24.3 0.34 10.3 17.5  6.8 0.375E+02 0.102E+03 0.795E+02 0.910E+00
120828 0438 46.35 38 24.24  46 46.12   19.9    2.0  8 181 25.7 0.31  5.8 11.0  3.0 0.463E+01 0.149E+01-0.194E+00 0.832E+00
120828 0511 25.21 38 25.56  46 44.54   23.7    1.0  7 185 28.8 0.33  6.6 15.0  5.0 0.128E+02 0.365E+02 0.182E+02 0.871E+00
120828 0535 42.61 38 23.55  46 39.98   20.0    1.0  7 171 33.9 0.52 11.2 28.4  9.3 0.318E+02 0.227E+03 0.765E+02 0.136E+01
120828 1225 58.56 38 26.30  46 35.92    4.2    1.0  7 177 41.0 0.34  6.1999.9  4.6 0.873E+01 0.385E+04 0.722E+03 0.898E+00
120828 1434  6.50 38 23.40  46 42.15    8.0    1.0  7 172 30.7 0.42  8.6 56.6  4.2-0.382E+01 0.171E+03-0.211E+03 0.110E+01
120828 1746 31.13 38 25.48  46 44.62   20.0    3.0 10 137 28.6 0.29  4.3  6.6  2.2-0.517E+00 0.494E+01-0.662E+01 0.785E+00
120828 1758 51.65 38 24.76  46 39.26   19.8    3.0 11 125 35.5 0.36  4.8 10.2  2.7 0.540E+01 0.999E+01-0.500E+00 0.981E+00
120828 1821 13.64 38 23.12  46 38.61   15.9    1.0  7 168 35.6 0.32  7.3 15.7  4.0 0.135E+02 0.439E+02 0.358E+02 0.859E+00
120828 1901 46.31 38 25.55  46 38.59   10.0    1.0  5 177 36.9 0.25 11.0 48.5  6.1-0.182E+02 0.267E+03-0.261E+03 0.692E+00
120828 2032 12.10 38 24.81  46 40.03    4.1    1.0  7 176 34.4 0.25  5.9999.9  3.1 0.629E+01 0.273E+04 0.108E+04 0.682E+00
120829 0027  4.78 38 25.25  46 36.48   20.0    2.0  8 174 39.6 0.30  6.2 12.5  3.5 0.818E+01 0.288E+02 0.207E+02 0.821E+00
120829 0101 26.27 38 25.76  46 51.39   29.9    1.0  7 200 20.4 0.24  7.2  6.3  4.6 0.123E+02 0.224E+02 0.555E+01 0.660E+00
120829 0856 38.60 38 29.50  46 41.05    4.3    2.0  7 195 36.7 0.30  7.4999.9  4.0 0.145E+02 0.175E+04 0.202E+04 0.817E+00
120829 1043 12.73 38 24.55  46 40.12   17.4    2.0  5 175 34.2 0.28  8.6 19.6  3.8 0.165E+02 0.239E+02 0.563E+01 0.744E+00
120829 1146 27.28 38 25.13  46 39.15   18.5    3.0  9 126 35.8 0.33  5.3 11.7  3.0 0.335E+00 0.190E+02-0.160E+02 0.889E+00
120829 1210 30.74 38 24.95  46 41.49   21.4    2.0  8 178 32.5 0.29  5.7 16.7  4.2 0.960E+01 0.380E+02 0.267E+02 0.784E+00
120829 1332 44.05 38 24.99  46 50.00   22.1    1.0  6 192 21.3 0.34 13.6  8.2  7.7 0.733E+02 0.356E+02 0.228E+02 0.894E+00
120829 1346 42.09 38 21.89  46 47.84   14.4    2.0  7 171 22.0 0.30  7.1 11.5  4.6 0.127E+02 0.426E+02 0.290E+02 0.815E+00
120829 1830 50.00 38 24.06  46 38.08   19.4    1.0  6 171 36.8 0.44  9.9 27.5  5.4 0.249E+02 0.386E+02 0.389E+02 0.113E+01
120830 0342 46.22 38 26.33  46 39.21   17.2    2.0  6 181 36.5 0.27  8.4 12.7  3.7 0.156E+02 0.269E+02 0.453E+00 0.734E+00
120830 0625 50.23 38 25.90  46 41.78   10.6    2.0  8 182 32.7 0.26  6.1 18.2  3.4 0.996E+01 0.446E+02 0.325E+02 0.711E+00
120830 0630 42.58 38 26.30  46 52.64   14.3    2.0  9 206 19.6 0.49 12.4 22.3  7.6 0.587E+02 0.892E+02 0.833E+02 0.130E+01
120830 0645 56.34 38 26.37  46 41.24    7.2    1.0  6 184 33.8 0.44 10.2 90.5  3.9 0.799E+01-0.530E+02-0.448E+03 0.113E+01
120830 1016  9.85 38 26.91  46 52.90   12.8    2.0  8 209 20.2 0.24  6.1 12.1  3.2 0.110E+02 0.155E+02 0.105E+02 0.674E+00
120830 1133 16.63 38 26.03  46 40.52   18.7    2.0  7 181 34.5 0.28  6.8 11.4  3.6 0.894E+01 0.292E+02 0.108E+02 0.753E+00
120830 2103 18.27 38 29.28  46 35.06    7.2    2.0  7 187 44.2 0.40  8.7 81.7  4.4 0.127E+02 0.211E+03 0.119E+02 0.105E+01
120830 2143 49.10 38 26.90  46 34.88   16.5    1.0  5 178 42.8 0.25  9.7 32.8  4.7-0.110E+02 0.130E+03-0.168E+03 0.676E+00
120831 0258 32.87 38 29.12  46 56.58   11.4    2.0  6 215 20.5 0.29  9.5 11.7  5.8 0.279E+02 0.716E+01-0.462E+02 0.785E+00
120831 0400 58.94 38 26.08  46 36.68   19.9    2.0  7 177 39.8 0.27  6.2 11.7  3.2 0.648E+01 0.246E+02 0.959E+01 0.743E+00
120831 0908 19.39 38 30.64  46 43.20   15.4    2.0  7 203 35.3 0.30  6.8 21.2  3.1 0.916E+01 0.992E+01 0.252E+02 0.802E+00
120831 1114 26.15 38 22.53  46 44.08   10.1    2.0  6 170 27.6 0.34  8.4 37.4  5.0 0.210E+02 0.110E+03 0.955E+02 0.895E+00
120831 1131 18.34 38 22.39  46 40.29   12.5    2.0  6 166 33.0 0.34  7.8 32.2  4.4 0.158E+02 0.601E+02 0.563E+02 0.898E+00
120831 2016  0.38 38 22.28  46 45.50    4.1    1.0  7 171 25.5 0.33  8.5859.0  5.1 0.221E+02 0.365E+04 0.287E+04 0.885E+00
120831 2114 55.21 38 26.72  46 38.30   10.0    1.0  5 181 38.0 0.26 11.0 67.1  6.2-0.167E+02 0.367E+03-0.363E+03 0.706E+00
120831 2241 14.21 38 24.05  46 42.92   25.6    1.0  6 176 30.0 0.27  9.2 13.2  6.7 0.256E+02 0.779E+02 0.393E+02 0.732E+00
120831 2252 20.73 38 23.90  46 44.02   24.0    2.0  6 177 28.4 0.38 12.7 26.8  9.9 0.509E+02 0.220E+03 0.120E+03 0.100E+01
120901 0058 21.54 38 21.71  46 47.82    7.1    1.0  5 170 22.0 0.26  9.8 43.3  4.9 0.289E+02 0.145E+03 0.151E+03 0.715E+00
120901 0144 28.96 38 22.83  46 38.23    4.3    1.0  6 166 36.1 0.36  7.8999.9  4.3 0.147E+02 0.175E+04 0.167E+04 0.934E+00
120901 0201 47.06 38 21.55  46 40.72   10.9    1.0  5 163 32.1 0.33  8.8 51.8  6.2 0.203E+02 0.239E+03 0.116E+03 0.859E+00
120901 0504  3.71 38 23.02  46 47.55   18.7    3.0  9 132 23.0 0.32  5.1  7.4  3.2 0.352E+00 0.142E+02-0.278E+01 0.869E+00
120901 0620 20.58 38 25.84  46 45.22   17.7    3.0  9 138 28.1 0.36  5.8 10.3  3.5 0.519E+00 0.204E+02-0.960E+01 0.971E+00
120901 0622 17.27 38 26.64  46 37.36   10.0    2.0  8 180 39.2 0.49  7.2 62.1  4.7 0.181E+01 0.524E+02 0.487E+01 0.129E+01
120901 0636 36.57 38 26.21  46 36.59   14.3    2.0  8 178 40.0 0.45  7.8 24.5  4.2 0.660E+01-0.375E+02-0.423E+02 0.118E+01
120901 0712 11.74 38 21.80  46 41.94   13.7    2.0  7 165 30.4 0.34  8.1 18.2  4.7 0.180E+02 0.660E+02 0.559E+02 0.911E+00
120901 1321 57.43 38 24.05  46 41.79   19.2    2.0  7 175 31.6 0.29  7.3 18.2  4.5 0.145E+02 0.511E+02 0.448E+02 0.787E+00
120901 1426  5.10 38 28.53  46 54.95   20.0    1.0  6 213 20.7 0.44 10.3 12.9  6.6 0.346E+02 0.429E+02 0.172E+02 0.843E+00
120901 1638 46.98 38 20.09  46 56.66   10.2    1.0  5 171  8.7 0.30  9.5 12.4  6.6 0.332E+02 0.608E+02 0.499E+02 0.797E+00
120901 1748  9.77 38 23.54  46 50.93   14.1    1.0  8 186 18.8 0.41 11.1 11.3  6.6 0.475E+02 0.536E+02 0.516E+02 0.109E+01
120901 1751 48.05 38 23.34  46 43.84   15.8    1.0  7 174 28.3 0.25  6.6 10.9  3.9 0.128E+02 0.324E+02 0.247E+02 0.697E+00
120901 1926 16.55 38 21.83  46 39.29    5.1    1.0  6 163 34.2 0.31  8.8999.9  5.6 0.266E+02 0.885E+04 0.764E+04 0.836E+00
120901 1937 58.20 38 22.30  46 45.94   18.2    1.0  6 171 24.9 0.26  8.0 10.3  5.3 0.224E+02 0.454E+02 0.358E+02 0.704E+00
120901 1951 35.17 38 23.13  46 46.18   18.2    2.0  8 176 25.0 0.30  6.9  9.9  4.3 0.127E+02 0.337E+02 0.225E+02 0.803E+00
120901 2059 34.02 38 22.32  46 46.65   16.8    2.0  8 172 23.9 0.44  9.9 15.1  6.3 0.264E+02 0.763E+02 0.528E+02 0.116E+01
120901 2116 10.96 38 22.33  46 48.49   18.0    1.0  6 175 21.3 0.28 10.2 17.0  9.4 0.259E+02 0.151E+03 0.440E+02 0.754E+00
120901 2217 44.52 38 24.93  46 42.75   17.4    2.0  8 180 30.8 0.38  8.4 23.4  5.0 0.205E+02 0.561E+02 0.683E+02 0.102E+01
120902 0133 44.70 38 18.65  46 54.93   10.9    1.0  6 153 11.1 0.27  7.8 13.5  5.2 0.213E+02 0.542E+02 0.494E+02 0.744E+00
120902 0253 47.26 38 24.15  46 51.85   17.5    3.0  8 134 18.2 0.36  5.7 12.8  3.7 0.283E+00 0.173E+02-0.601E+01 0.953E+00
120902 0411 25.93 38 25.04  46 45.85   19.9    2.0  8 184 26.7 0.40  9.2 12.1  5.8 0.233E+02 0.523E+02 0.307E+02 0.105E+01
120902 0850 11.33 38 25.29  46 46.38   15.9    4.0 10 136 26.2 0.33  5.0  9.0  3.2 0.172E+01 0.157E+02-0.197E+01 0.892E+00
120902 0903 16.60 38 24.45  46 46.29   17.0    3.0  8 135 25.6 0.32  5.1 15.8  3.2 0.384E+00 0.162E+02-0.492E+01 0.870E+00
120902 0924 34.70 38 26.06  46 42.08   28.7    2.0  7 183 32.4 0.28  9.0 12.9  6.7 0.236E+02 0.762E+02 0.369E+02 0.767E+00
120902 1111 50.68 38 23.59  46 39.55   19.9    3.0  9 133 34.5 0.25  4.0  7.9  2.4 0.250E+00 0.978E+01-0.149E+01 0.704E+00
120902 1344  3.56 38 23.80  46 41.17   17.3    3.0  9 134 32.3 0.34  5.2 11.0  3.1 0.444E+00 0.191E+02-0.366E+01 0.910E+00
120902 1422 20.68 38 23.93  46 44.76   19.6    2.0  7 178 27.4 0.41 10.0 14.4  6.7 0.284E+02 0.776E+02 0.480E+02 0.108E+01
120902 1536 24.34 38 21.87  46 47.35   10.0    1.0  6 171 22.7 0.42 12.4 28.3  8.3 0.547E+02 0.204E+03 0.158E+03 0.110E+01
120902 2126 30.25 38 24.64  46 40.70   10.0    1.0  5 221 33.4 0.27 10.4 27.4  7.2 0.385E+02 0.155E+03 0.164E+03 0.735E+00
120902 2316 42.41 38 13.90  46 43.59    6.5    2.0  9 130 29.2 0.45  8.1 93.6  5.3 0.174E+02 0.391E+03 0.409E+03 0.119E+01
120903 0443 10.03 38 25.63  46 39.23   14.9    2.0  9 178 36.0 0.37  7.7 18.2  4.5 0.161E+02 0.557E+02 0.494E+02 0.100E+01
120903 0558 14.77 38 23.81  46 42.11   23.3    2.0  7 174 31.0 0.29  8.8 15.4  6.7 0.226E+02 0.931E+02 0.468E+02 0.781E+00
120903 1359 29.92 38 21.85  46 49.70   15.4    2.0  6 173 19.4 0.37 10.0 19.0  6.3 0.332E+02 0.799E+02 0.665E+02 0.972E+00
120903 1419 24.82 38 20.91  46 48.72    9.5    1.0  6 166 20.4 0.37  9.8 33.5  6.2 0.316E+02 0.148E+03 0.129E+03 0.979E+00
120903 1621 10.85 38 22.51  46 42.99   19.9    2.0  7 169 29.2 0.32  6.2 12.3  3.0 0.587E+01-0.594E+01-0.973E+01 0.859E+00
120903 1629 58.84 38 23.40  46 51.97   20.0    1.0  7 188 17.3 0.39  8.1 12.1  4.1 0.128E+02 0.102E+02 0.907E+00 0.103E+01
120903 1717 11.43 38 24.44  46 50.56   19.5    2.0  7 190 20.1 0.28  5.9  9.7  3.0 0.653E+01 0.402E+01-0.310E+01 0.762E+00
120903 1717 34.32 38 25.01  46 52.09   18.5    2.0  7 197 18.7 0.39 11.4  9.2  7.2 0.442E+02 0.437E+02 0.222E+02 0.103E+01
120903 2011 43.84 38 20.71  46 51.43    4.1    1.0  5 168 16.4 0.25  8.1712.7  5.5 0.242E+02 0.313E+04 0.259E+04 0.685E+00
120903 2223 46.15 38 23.32  46 38.98   15.4    1.0  6 169 35.2 0.27  6.4 21.9  3.6 0.106E+02 0.258E+02 0.247E+02 0.745E+00
120903 2330 50.44 38 22.94  46 48.08   11.1    1.0  7 177 22.2 0.38  9.9 28.3  5.8 0.369E+02 0.101E+03 0.108E+03 0.100E+01
120903 2359 57.43 38 21.61  46 46.66    4.1    1.0  6 168 23.6 0.24  7.3958.5  4.6 0.216E+02 0.317E+04 0.339E+04 0.667E+00
120904 0021 16.10 38 24.06  46 45.96   24.1    1.0  6 180 25.8 0.26 10.0 12.8  7.6 0.330E+02 0.882E+02 0.452E+02 0.705E+00
120904 0042 55.73 38 32.14  46 47.61   14.4    1.0  7 214 32.5 0.29  9.0 22.3  5.2 0.323E+02 0.351E+02 0.340E+02 0.790E+00
120904 0050 38.33 38 23.21  46 46.02   17.6    2.0  8 176 25.2 0.33  6.0 12.7  3.1 0.489E+01 0.374E+01 0.294E+01 0.879E+00
120904 0208 31.02 38 23.13  46 37.64   17.6    1.0  7 167 37.0 0.27  6.2 12.4  3.4 0.947E+01 0.282E+02 0.234E+02 0.742E+00
120904 0209  3.72 38 24.14  46 39.76   20.0    1.0  7 173 34.4 0.28  6.0 16.5  2.8 0.731E+01 0.607E+01 0.854E+01 0.766E+00
120904 0313 48.54 38 22.94  46 42.84   20.0    2.0  7 171 29.5 0.25  5.0  9.8  2.4 0.372E+01-0.413E+01-0.706E+01 0.681E+00
120904 0420 28.59 38 24.10  46 41.14   20.0    2.0  8 174 32.5 0.27  5.9 10.0  3.6 0.849E+01 0.263E+02 0.183E+02 0.735E+00
120904 0543 56.95 38 23.13  46 42.48   20.0    2.0  8 171 30.1 0.28  6.1 10.0  3.7 0.929E+01 0.283E+02 0.202E+02 0.756E+00
120904 0816 12.55 38 22.76  46 46.01   18.2    2.0  7 174 25.0 0.27  7.2  9.3  4.4 0.159E+02 0.317E+02 0.247E+02 0.738E+00
120904 1355 56.86 38 20.56  46 43.23    4.5    2.0  6 160 28.2 0.36  8.5444.6  5.1 0.210E+02 0.138E+04 0.128E+04 0.957E+00
120904 1421 11.32 38 22.39  46 42.01    4.2    1.0  5 168 30.5 0.30  9.1999.9  6.0 0.300E+02 0.635E+04 0.555E+04 0.804E+00
120904 1725 39.27 38 23.40  46 48.96   18.8    2.0  8 181 21.3 0.30  7.2  8.5  4.7 0.148E+02 0.307E+02 0.191E+02 0.809E+00
120904 1752 32.53 38 21.99  46 48.38   14.9    1.0  6 172 21.3 0.44 11.5 24.7  7.2 0.434E+02 0.116E+03 0.977E+02 0.115E+01
120904 1815  9.47 38 25.58  46 42.39   29.3    1.0  5 182 31.7 0.27  9.6 18.3  6.9 0.282E+02 0.920E+02 0.464E+02 0.739E+00
120904 1833 30.66 38 23.61  46 46.85   17.3    1.0  6 179 24.3 0.32  8.7 17.9  5.3 0.241E+02 0.555E+02 0.452E+02 0.862E+00
120904 1917 58.69 38 24.35  46 48.88   17.1    1.0  5 186 22.1 0.36 11.5 19.6  7.7 0.494E+02 0.102E+03 0.791E+02 0.924E+00
120904 2242 57.75 38 19.93  47  3.13    4.2    0.0  6 206  1.8 0.34 10.8  4.0  7.5 0.426E+02-0.727E+01-0.105E+02 0.909E+00
120904 2353 44.95 38 20.45  46 47.68    5.0    1.0  5 163 21.8 0.34 10.1177.2  6.9 0.371E+02 0.956E+03 0.798E+03 0.888E+00
120905 0128  5.39 38 25.67  46 48.08    4.1    1.0  6 203 60.8 0.40  8.8999.9  6.0 0.203E+02-0.360E+05-0.431E+05 0.105E+01
120905 0302 42.25 38 26.47  46 38.49   13.2    2.0  6 197 48.7 0.34  8.4 54.4  4.4 0.223E+02-0.572E+02-0.962E+02 0.910E+00
120905 0933 45.86 38 24.21  46 42.20   14.8    3.0 12 125 31.1 0.25  3.8  7.4  1.7-0.134E+01 0.489E+01-0.113E+02 0.606E+00
120905 1214  4.08 38 27.15  46 40.25   13.6    2.0  6 185 35.7 0.28  6.9 26.9  3.7 0.932E+01 0.427E+02 0.273E+02 0.764E+00
120905 1507 19.59 38 24.14  46 47.54   18.0    1.0  9 183 23.7 0.31  5.8  7.4  2.9 0.504E+01 0.119E+02 0.336E+01 0.843E+00
120905 1600  6.82 38 23.27  46 41.07   20.0    2.0  8 171 32.2 0.32  6.8 11.8  4.1 0.111E+02 0.360E+02 0.262E+02 0.860E+00
120905 1714 36.59 38 22.10  46 52.03   15.0    2.0  5 179 16.3 0.37 11.6 17.6  7.9 0.495E+02 0.997E+02 0.774E+02 0.957E+00
120905 1847 38.74 38 23.15  46 39.01   20.0    2.0  7 168 35.1 0.31  7.3 12.2  4.1 0.138E+02 0.344E+02 0.285E+02 0.840E+00
120905 1903 13.39 38 25.21  46 48.46   19.6    2.0  7 190 23.4 0.38  8.9 16.6  4.5 0.201E+02 0.295E+02 0.210E+02 0.101E+01
120905 2126 41.85 38 23.29  46 46.92   17.7    1.0  7 178 24.0 0.32  8.5 10.6  5.2 0.230E+02 0.428E+02 0.316E+02 0.859E+00
120905 2348 36.90 38 25.24  46 50.58    4.5    2.0  7 204 64.0 0.40 10.5999.9  6.7 0.366E+02-0.178E+05-0.174E+05 0.105E+01
120906 0119 42.15 38 25.35  46 47.30   20.0    2.0  8 188 25.0 0.33  8.1  9.7  5.1 0.184E+02 0.366E+02 0.200E+02 0.897E+00
120906 0219 16.12 38 23.60  46 51.22   18.2    2.0  8 187 18.5 0.40  9.9 10.1  6.4 0.285E+02 0.496E+02 0.286E+02 0.107E+01
120906 0851 17.49 38 23.38  46 38.28   19.0    2.0  6 169 36.2 0.28  7.9 20.7  5.7 0.402E+01 0.106E+03 0.633E+01 0.763E+00
120906 1038 30.94 38 24.05  46 48.79   13.0    2.0  9 185 22.0 0.44  8.0 16.5  6.2 0.154E+02 0.802E+02 0.272E+02 0.117E+01
120906 2023 33.68 38 24.48  46 39.61   19.9    2.0  8 174 34.8 0.26  5.7 10.2  3.3 0.755E+01 0.245E+02 0.171E+02 0.720E+00
120906 2033 21.61 38 23.83  46 51.05   19.6    2.0  7 188 18.9 0.37 10.3  8.9  6.5 0.356E+02 0.422E+02 0.276E+02 0.968E+00
120906 2202 27.14 38 21.43  46 50.30   17.0    1.0  8 172 18.3 0.27  5.0  7.4  4.0 0.594E+01 0.228E+02 0.869E+01 0.733E+00
120906 2207 25.38 38 23.22  46 41.20   20.0    1.0  7 171 32.0 0.39  7.3 14.8  5.9 0.125E+02 0.660E+02 0.220E+02 0.103E+01
120906 2338  4.64 38 24.06  46 41.39   18.5    1.0  7 174 32.1 0.29  5.7 12.2  4.6 0.791E+01 0.424E+02 0.142E+02 0.793E+00
120906 2356  3.77 38 23.20  46 47.14   14.1    1.0  6 177 23.7 0.27  8.6 12.4  5.7 0.264E+02 0.589E+02 0.437E+02 0.743E+00
120907 0235 38.05 38 25.88  47  2.35    4.1    1.0  6 215 12.6 0.38 10.4550.0  5.6 0.374E+02-0.565E+03-0.197E+04 0.890E+00
120907 0541 29.36 38 39.83  46 45.95    4.2    1.0  7 226 45.3 0.43 11.3999.9  5.1 0.329E+02-0.788E+03-0.102E+05 0.113E+01
120907 1246 24.27 38 23.14  46 42.37   19.2    3.0 10 132 30.3 0.33  4.0 12.5  2.6 0.123E+01-0.651E+01-0.108E+02 0.897E+00
120907 1610 54.59 38 25.55  46 48.19   19.9    2.0  8 191 24.1 0.45 10.5 21.1  6.3 0.390E+02 0.755E+02 0.698E+02 0.117E+01
120907 1649 54.27 38 23.00  46 38.55   15.1    1.0  7 167 35.7 0.29  5.6 15.5  2.8 0.459E+01-0.156E+02-0.213E+02 0.780E+00
120907 1725 50.48 38 23.85  46 48.75   16.1    2.0  8 183 21.9 0.43  8.1 16.7  4.2 0.103E+02 0.154E+02 0.764E+01 0.114E+01
120907 1748 16.60 38 11.42  46 50.19   14.4    1.0  6 111 22.9 0.30  5.1 15.2  3.0 0.506E+01 0.147E+02 0.249E+02 0.796E+00
120907 1753 54.43 38 23.17  46 42.17   17.8    1.0  6 171 30.6 0.31  7.6 19.9  4.4 0.165E+02 0.411E+02 0.366E+02 0.832E+00
120907 1917 21.11 38 26.14  46 46.61   19.2    2.0  7 191 26.6 0.32  8.9 16.3  5.7 0.243E+02 0.604E+02 0.459E+02 0.863E+00
120907 1929 15.58 38 22.83  46 41.78   19.3    2.0  7 169 31.0 0.26  5.8 16.2  3.5 0.801E+01 0.281E+02 0.263E+02 0.721E+00
120907 1949 29.39 38 21.16  46 48.71   11.1    1.0  6 168 20.5 0.46 11.8 33.0  7.5 0.456E+02 0.171E+03 0.147E+03 0.118E+01
120907 2000  6.71 38 22.48  46 48.63   14.5    1.0  6 176 21.2 0.26  7.3 15.5  4.6 0.174E+02 0.458E+02 0.377E+02 0.712E+00
120907 2047 22.70 38 23.42  46 48.77   13.8    1.0  6 181 21.6 0.31  8.7 19.0  5.4 0.252E+02 0.651E+02 0.516E+02 0.837E+00
120907 2133 48.80 38 21.87  46 39.98    4.2    1.0  6 164 33.2 0.35  7.9999.9  4.4 0.160E+02 0.254E+04 0.241E+04 0.929E+00
120907 2136 57.04 38 23.65  46 53.57   17.9    2.0  7 194 15.5 0.38  9.9 14.6  6.6 0.309E+02 0.607E+02 0.417E+02 0.101E+01
120907 2337 53.03 38 21.48  46 50.06    4.3    1.0  7 172 18.7 0.40 10.4999.9  6.2 0.421E+02 0.494E+04 0.556E+04 0.104E+01
120908 0053 36.86 38 27.95  46 44.81   20.0    2.0  9 195 30.6 0.30  7.0  9.5  4.3 0.181E+02 0.269E+02 0.205E+02 0.819E+00
120908 0112 29.82 38 22.21  46 45.53   14.3    1.0  7 170 25.4 0.26  6.9 11.8  4.2 0.144E+02 0.396E+02 0.316E+02 0.723E+00
120908 0231 18.50 38 24.91  46 51.26   23.2    1.0  6 195 19.6 0.30 10.6 10.9  6.6 0.467E+02 0.408E+02 0.447E+02 0.813E+00
120908 0416 15.34 38 23.91  46 38.70   14.5    2.0  7 171 35.8 0.34  7.8 18.4  4.3 0.156E+02 0.544E+02 0.416E+02 0.908E+00
120908 0446 49.32 38 21.61  46 37.90   19.9    1.0  6 161 36.2 0.22  6.5 17.0  4.4 0.117E+02 0.649E+02 0.403E+02 0.611E+00
120908 0652 30.66 38 23.60  46 41.60   16.1    3.0  8 133 31.6 0.27  4.3 16.6  2.6 0.301E+00 0.908E+01-0.286E+01 0.739E+00
120908 0830  3.61 38 23.82  46 45.84   13.0    2.0  8 179 25.8 0.39  8.9 17.8  5.6 0.213E+02 0.785E+02 0.484E+02 0.104E+01
120908 0938 37.49 38 18.87  46 46.91   11.0    2.0  7 153 22.8 0.52 12.5 30.4  7.9 0.481E+02 0.205E+03 0.187E+03 0.136E+01
120908 1401 12.33 38 23.23  46 39.85    4.1    1.0  6 169 33.9 0.39  8.8999.9  4.9 0.200E+02 0.505E+04 0.462E+04 0.102E+01
120908 2035 44.35 38 23.42  46 50.27   13.2    3.0 12 124 19.6 0.35  4.7 14.5  2.7-0.335E+01 0.616E+01-0.180E+02 0.950E+00
120908 2104 44.83 38 23.05  46 47.84   11.8    1.0  6 178 22.6 0.33  8.1 19.1  3.1 0.636E+01 0.133E+02-0.306E+02 0.873E+00
120908 2124  6.32 38 27.30  46 40.98    4.4    2.0  6 187 34.9 0.24  6.7520.9  2.5 0.633E+01 0.266E+03-0.578E+03 0.659E+00
120909 0450 27.72 38 22.46  46 43.76   14.2    1.0  5 170 28.0 0.28  8.7 25.5  5.8 0.276E+02 0.106E+03 0.898E+02 0.759E+00
120909 1008 20.38 38 24.13  46 51.43   18.2    3.0  9 134 18.7 0.36  5.9  7.3  3.7 0.290E+00 0.152E+02-0.690E+01 0.976E+00
120909 1358 17.92 38 21.58  46 40.86   17.9    2.0  8 163 31.9 0.29  5.5 17.7  2.8 0.595E+01 0.155E+02 0.248E+02 0.796E+00
120909 1740  1.66 38 22.60  46 40.73    4.3    1.0  5 168 32.4 0.43 12.4999.9  8.0 0.556E+02 0.654E+04 0.588E+04 0.110E+01
120909 2025 44.29 38 23.45  46 37.95   16.3    2.0  8 169 36.7 0.39  7.8 18.7  4.5 0.127E+02 0.586E+02 0.440E+02 0.104E+01
120909 2206 59.75 38 25.78  46 38.82   20.0    2.0  8 178 36.7 0.35  7.5 13.6  4.3 0.129E+02 0.406E+02 0.268E+02 0.935E+00
120909 2207 57.58 38 22.96  46 40.00    9.3    1.0  7 168 33.6 0.26  6.1 25.3  3.4 0.978E+01 0.640E+02 0.510E+02 0.708E+00
120909 2250 38.62 38 20.86  46 52.93    9.0    1.0  7 171 14.4 0.36  9.9 15.5  6.4 0.334E+02 0.859E+02 0.680E+02 0.950E+00
120910 0147  2.64 38 25.91  46 43.74   16.3    1.0  7 185 30.1 0.40  9.3 27.0  5.6 0.230E+02 0.812E+02 0.659E+02 0.106E+01
120910 0202 12.68 38 24.33  46 49.41   18.8    2.0  7 187 21.4 0.36  8.9 16.8  5.7 0.235E+02 0.595E+02 0.435E+02 0.948E+00
120910 0855 50.02 38 23.77  46 42.92   19.8    3.0 10 134 29.8 0.26  3.8  6.0  1.9-0.432E+00 0.358E+01-0.366E+01 0.710E+00
120910 1328 35.38 38 13.83  46 44.24   14.8    2.0  6 129 28.4 0.27  5.9 14.9  3.9 0.874E+01 0.446E+02 0.437E+02 0.724E+00
120910 1725 44.56 38 22.97  46 39.02    4.9    1.0  6 168 35.0 0.35  7.9 74.2  4.3 0.155E+02 0.119E+03 0.111E+03 0.930E+00
120910 1932 17.89 38 28.88  46 47.45   24.3    1.0  6 204 28.5 0.31  9.4 14.3  5.4 0.230E+02 0.405E+02 0.198E+02 0.833E+00
120911 0009 48.37 38 24.37  46 32.37   20.0    1.0  6 167 39.0 0.28  6.3 15.9  3.6 0.732E+01 0.390E+02 0.146E+02 0.759E+00
120911 0323 32.96 38 23.75  46 47.25   16.6    2.0  7 180 23.9 0.36  9.6 12.1  5.9 0.293E+02 0.545E+02 0.383E+02 0.954E+00
120911 0325 33.22 38 23.06  46 39.62   16.9    2.0  7 168 34.2 0.34  7.9 15.2  4.4 0.162E+02 0.477E+02 0.389E+02 0.905E+00
120911 1030 33.75 38 23.93  46 39.00   20.0    3.0 12 124 35.4 0.45  5.4 12.3  3.0 0.404E+01 0.134E+02-0.223E+01 0.122E+01
120911 1630 16.36 38 20.95  46 48.54    4.1    1.0  6 167 20.7 0.25  7.7916.0  5.1 0.252E+02 0.365E+04 0.347E+04 0.690E+00
120911 1738 52.68 38 19.42  46 56.29    4.1    1.0  5 162  9.1 0.24  7.7118.3  5.1 0.236E+02 0.455E+03 0.499E+03 0.660E+00
120911 2141 12.34 38 21.12  46 54.00   11.6    1.0  6 175 13.0 0.31  7.4 13.0  4.2 0.168E+02 0.344E+02 0.321E+02 0.818E+00
120911 2248 26.01 38 25.32  46 43.03   19.9    2.0  7 182 30.6 0.22  9.2 18.3  7.7 0.332E+02 0.133E+03 0.760E+02 0.621E+00
120912 0915 43.67 38 21.81  46 38.37    4.1    2.0  6 162 35.6 0.30  6.8999.9  4.6 0.159E+02 0.537E+04 0.395E+04 0.799E+00
120912 1003 30.09 38 23.76  46 38.54    4.6    2.0  7 170 36.0 0.33  6.8 22.5  4.0 0.991E+01 0.324E+02 0.362E+02 0.891E+00
120912 1244 25.54 38 22.45  46 41.22   19.8    1.0  5 167 31.6 0.26  9.2 24.0  6.8 0.291E+02 0.136E+03 0.876E+02 0.698E+00
120912 1259 24.85 38 23.68  46 40.51   14.7    2.0  7 172 33.2 0.28  6.1 23.1  3.6 0.855E+01 0.387E+02 0.369E+02 0.771E+00
120912 2033 52.27 38 23.50  46 37.55   14.2    1.0  5 168 37.3 0.26  6.6 30.3  4.2 0.999E+01 0.715E+02 0.288E+02 0.705E+00
120912 2041 41.39 38 27.00  46 32.45   12.1    1.0  6 176 41.7 0.28  5.4 40.9  3.9 0.829E+01 0.275E+02-0.146E+02 0.767E+00
120912 2246  4.33 38 23.08  46 39.82    4.1    1.0  6 169 33.9 0.29  6.8999.9  3.8 0.121E+02 0.308E+04 0.285E+04 0.792E+00
120912 2311 17.22 38 23.86  46 41.70   18.6    0.0  5 174 31.6 0.34 10.0 30.7  7.2 0.292E+02 0.165E+03 0.801E+02 0.892E+00
120913 0019 47.93 38 26.41  46 40.21   15.3    1.0  8 182 35.2 0.50 10.8 24.2  6.3 0.284E+02 0.108E+03 0.632E+02 0.132E+01
120913 0151 45.61 38 22.30  46 39.74   14.1    1.0  6 165 33.7 0.25  6.0 22.0  3.4 0.921E+01 0.287E+02 0.275E+02 0.697E+00
120913 0427 37.34 38 24.75  46 51.44   19.8    2.0  7 194 19.3 0.26  6.9 11.1  4.5 0.146E+02 0.305E+02 0.212E+02 0.708E+00
120913 1212 12.86 38 25.18  46 52.53   17.7    2.0  8 200 18.4 0.46 11.5 10.6  7.5 0.399E+02 0.551E+02 0.228E+02 0.120E+01
120913 1415 48.99 38 23.00  46 43.39   19.8    1.0  5 172 28.8 0.26 10.4 22.9  7.9 0.388E+02 0.156E+03 0.969E+02 0.700E+00
120913 1451 28.85 38 22.37  46 37.53    4.2    2.0  6 164 36.9 0.32  7.0999.9  3.8 0.115E+02 0.146E+04 0.146E+04 0.860E+00
120913 1648  9.74 38 20.76  46 50.97    8.8    1.0  7 168 17.1 0.32  8.6 17.8  5.5 0.248E+02 0.852E+02 0.695E+02 0.849E+00
120913 1742 24.32 38 23.17  46 45.81   18.1    1.0  6 175 25.5 0.28  7.4 15.7  4.4 0.168E+02 0.396E+02 0.332E+02 0.747E+00
120913 1819 28.05 38 22.92  46 38.24   13.6    1.0  6 167 36.1 0.35  7.8 31.2  4.3 0.149E+02 0.398E+02 0.392E+02 0.921E+00
120913 1905 15.25 38 21.52  46 48.24   11.6    1.0  6 170 21.3 0.29  7.8 21.5  4.9 0.198E+02 0.716E+02 0.612E+02 0.779E+00
120913 1945 20.21 38 23.91  46 41.71   20.0    3.0  9 134 31.6 0.25  4.0  7.3  2.4 0.261E+00 0.960E+01-0.192E+01 0.694E+00
120913 2230  3.89 38 22.58  46 52.70   16.6    1.0  6 184 15.7 0.33  9.6 13.8  6.2 0.320E+02 0.550E+02 0.432E+02 0.879E+00
120913 2257 56.05 38 22.97  46 39.66   15.0    1.0  5 168 34.1 0.26  7.9 28.2  5.1 0.225E+02 0.971E+02 0.901E+02 0.705E+00
120913 2356 12.57 38 23.72  46 42.81   28.4    1.0  5 174 30.0 0.26  9.0 17.3  6.6 0.243E+02 0.863E+02 0.426E+02 0.707E+00
120914 0042 36.50 38 23.93  46 49.51   17.2    2.0  7 185 21.0 0.33  9.2  9.6  5.7 0.279E+02 0.414E+02 0.273E+02 0.882E+00
120914 0219 37.88 38 23.62  46 38.52   14.2    3.0 15  98 36.0 0.35  4.3 13.1  2.3 0.175E+01 0.670E+01-0.189E+02 0.948E+00
120914 1321  1.99 38 21.71  46 47.48   10.7    1.0  8 170 22.4 0.34  7.8 18.2  5.0 0.166E+02 0.762E+02 0.529E+02 0.914E+00
120914 1432 33.17 38 26.33  46 36.92   18.8    2.0  7 178 39.6 0.33  5.8 22.2  4.0 0.873E+01 0.898E+01-0.141E+02 0.876E+00
120914 1641  4.74 38 23.61  46 47.03   13.0    2.0  8 179 24.1 0.34  8.0 14.8  5.1 0.177E+02 0.599E+02 0.365E+02 0.920E+00
120915 1101 17.16 38 23.16  46 46.36   19.1    2.0  7 176 24.7 0.38  8.8 19.7  5.5 0.212E+02 0.661E+02 0.532E+02 0.100E+01
120915 1919 20.84 38 24.61  46 48.59   18.4    2.0  8 187 22.7 0.27  6.8  8.0  4.3 0.129E+02 0.261E+02 0.146E+02 0.745E+00
120915 2028 28.89 38 22.02  46 47.95   11.7    1.0  8 172 21.9 0.31  7.2 14.5  4.6 0.142E+02 0.553E+02 0.375E+02 0.833E+00
120915 2117 10.88 38 21.96  46 50.61   18.1    1.0  7 175 18.2 0.27  7.7  7.6  4.9 0.194E+02 0.298E+02 0.230E+02 0.748E+00
120916 0101 33.73 38 23.75  46 35.15    1.9    0.0  5 167 40.8 0.30  5.9178.6  3.5 0.688E+01 0.234E+03 0.434E+02 0.793E+00
120916 1712 51.08 38 24.30  46 50.80   18.4    2.0  7 190 19.6 0.34  8.7 15.1  5.6 0.229E+02 0.533E+02 0.378E+02 0.907E+00
120916 1806 51.24 38 20.38  46 43.13    4.1    2.0  5 198 28.4 0.25 10.0999.9  3.5 0.958E+01 0.294E+04 0.136E+05 0.690E+00
120916 1948  9.30 38 20.31  46 46.20   12.6    1.0  6 161 23.9 0.26  6.6 20.1  4.1 0.136E+02 0.543E+02 0.485E+02 0.706E+00
120916 2259  3.50 38 23.41  46 42.78   18.4    1.0  6 173 29.9 0.26  6.7 16.3  3.9 0.127E+02 0.303E+02 0.266E+02 0.712E+00
