ASTR      38.5600   48.7910    0.0000    0.0000       0       0       7       0    0.0000    0.2299   1
AZR       37.6780   45.9840    0.0000    0.0000       0       0     531       6    0.0000    0.3029   1
BRDA      40.2630   47.1790    0.0000    0.0000       0       0       8       0    0.0000    0.3662   1
BST       37.7010   46.8890    0.0000    0.0000       0       0     385      69    0.0000    0.4098   1
GLBA      39.2420   48.3930    0.0000    0.0000       0       0      13       0    0.0000    0.2410   1
GRMI      38.8080   47.8940    0.0000    0.0000       0       0     212       0    0.0000    0.1681   1
HRS       38.3180   47.0420    0.0000    0.0000       0       0    1056     793    0.0000    0.1865   1
HSH       37.3050   47.2640    0.0000    0.0000       0       0       4       0    0.0000    0.1322   1
LKRN      38.7100   48.7790    0.0000    0.0000       0       0       4       0    0.0000    0.1304   1
LRK       38.6430   48.3400    0.0000    0.0000       0       0      13       0    0.0000    0.2817   1
MAKU      39.3550   44.6830    0.0000    0.0000       0       0     190       0    0.0000    0.2259   1
MRD       38.7130   45.7020    0.0000    0.0000       0       0    1116     126    0.0000    0.2108   1
NAX       39.1740   45.4950    0.0000    0.0000       0       0       7       0    0.0000    0.2607   1
ORD       38.9280   45.9940    0.0000    0.0000       0       0       8       0    0.0000    0.5190   1
SAAT      39.8610   48.4230    0.0000    0.0000       0       0       8       0    0.0000    0.4028   1
SBZ       39.3970   45.5530    0.0000    0.0000       0       0       2       0    0.0000    0.4643   1
SHB       38.2830   45.6190    0.0000    0.0000       0       0    1104     283    0.0000    0.2777   1
SRB       37.8250   47.6630    0.0000    0.0000       0       0     674      75    0.0000    0.2206   1
TABZ      38.0570   46.3270    0.0000    0.0000       0       0       7       2    0.0000    0.2082   1
TBZ       38.2350   46.1500    0.0000    0.0000       0       0    1089     225    0.0000    0.1371   1
TVRZ      38.5040   46.6680    0.0000    0.0000       0       0      80      79    0.0000    0.2497   1
ZRD       40.2790   47.6840    0.0000    0.0000       0       0       7       0    0.0000    0.1431   1
AZR       37.6780   45.9840    0.0000    0.0000       0       0       2       0    0.0000    0.0607   2
BST       37.7010   46.8890    0.0000    0.0000       0       0       2       0    0.0000    0.1381   2
HRS       38.3180   47.0420    0.0000    0.0000       0       0       2       2    0.0000    0.2346   2
MRD       38.7130   45.7020    0.0000    0.0000       0       0       2       0    0.0000    0.3104   2
SHB       38.2830   45.6190    0.0000    0.0000       0       0       2       0    0.0000    0.2066   2
SRB       37.8250   47.6630    0.0000    0.0000       0       0       2       0    0.0000    0.1105   2
TBZ       38.2350   46.1500    0.0000    0.0000       0       0       2       0    0.0000    0.0332   2
AZR       37.6780   45.9840    0.0000    0.0000       0       0       1       0    0.0000    0.1848   3
BST       37.7010   46.8890    0.0000    0.0000       0       0       1       0    0.0000    0.0692   3
HRS       38.3180   47.0420    0.0000    0.0000       0       0       1       1    0.0000    0.2962   3
MRD       38.7130   45.7020    0.0000    0.0000       0       0       1       0    0.0000    0.3090   3
SHB       38.2830   45.6190    0.0000    0.0000       0       0       1       0    0.0000    0.0998   3
SRB       37.8250   47.6630    0.0000    0.0000       0       0       1       0    0.0000    0.0134   3
TBZ       38.2350   46.1500    0.0000    0.0000       0       0       1       0    0.0000    0.2895   3
AZR       37.6780   45.9840    0.0000    0.0000       0       0       1       0    0.0000    0.1956   4
HRS       38.3180   47.0420    0.0000    0.0000       0       0       1       1    0.0000    0.1411   4
HSH       37.3050   47.2640    0.0000    0.0000       0       0       1       0    0.0000    0.1300   4
MRD       38.7130   45.7020    0.0000    0.0000       0       0       1       0    0.0000    0.0780   4
SHB       38.2830   45.6190    0.0000    0.0000       0       0       1       0    0.0000    0.2928   4
SRB       37.8250   47.6630    0.0000    0.0000       0       0       1       0    0.0000    0.1307   4
TBZ       38.2350   46.1500    0.0000    0.0000       0       0       1       0    0.0000    0.0487   4
AZR       37.6780   45.9840    0.0000    0.0000       0       0       1       0    0.0000    0.0279   5
BST       37.7010   46.8890    0.0000    0.0000       0       0       1       0    0.0000    0.0473   5
HRS       38.3180   47.0420    0.0000    0.0000       0       0       1       0    0.0000    0.0460   5
MRD       38.7130   45.7020    0.0000    0.0000       0       0       1       0    0.0000    0.1040   5
SHB       38.2830   45.6190    0.0000    0.0000       0       0       1       1    0.0000    0.0669   5
SRB       37.8250   47.6630    0.0000    0.0000       0       0       1       0    0.0000    0.0152   5
TBZ       38.2350   46.1500    0.0000    0.0000       0       0       1       0    0.0000    0.0075   5
AZR       37.6780   45.9840    0.0000    0.0000       0       0       1       0    0.0000    1.0712   6
BST       37.7010   46.8890    0.0000    0.0000       0       0       1       1    0.0000    0.1762   6
MRD       38.7130   45.7020    0.0000    0.0000       0       0       1       0    0.0000    0.0429   6
SHB       38.2830   45.6190    0.0000    0.0000       0       0       1       0    0.0000    0.1131   6
SRB       37.8250   47.6630    0.0000    0.0000       0       0       1       0    0.0000    0.0159   6
TBZ       38.2350   46.1500    0.0000    0.0000       0       0       1       1    0.0000    0.1001   6
BST       37.7010   46.8890    0.0000    0.0000       0       0       1       0    0.0000    0.1122   7
GRMI      38.8080   47.8940    0.0000    0.0000       0       0       1       0    0.0000    0.4591   7
HRS       38.3180   47.0420    0.0000    0.0000       0       0       1       0    0.0000    0.0552   7
MAKU      39.3550   44.6830    0.0000    0.0000       0       0       1       0    0.0000    0.2388   7
MRD       38.7130   45.7020    0.0000    0.0000       0       0       1       0    0.0000    0.0526   7
SHB       38.2830   45.6190    0.0000    0.0000       0       0       1       0    0.0000    0.0583   7
SRB       37.8250   47.6630    0.0000    0.0000       0       0       1       0    0.0000    0.0949   7
TBZ       38.2350   46.1500    0.0000    0.0000       0       0       1       0    0.0000    0.1084   7
