ASTR      38.5600   48.7910    0.0000    0.0000       0       0    1226     893    0.0000    0.1725   1
AZR       37.6780   45.9840    0.0000    0.0000       0       0    2192    1031    0.0000    0.3498   1
BRDA      40.2630   47.1790    0.0000    0.0000       0       0    1285     769    0.0000    0.1623   1
BST       37.7010   46.8890    0.0000    0.0000       0       0    2769    1103    0.0000    0.4040   1
FTB       38.0170   46.3940    0.0000    0.0000       0       0    1124     771    0.0000    0.1862   1
GANJ      40.6460   46.3220    0.0000    0.0000       0       0     618     394    0.0000    0.1681   1
GLBA      39.2420   48.3930    0.0000    0.0000       0       0    1241     847    0.0000    0.2073   1
GRMI      38.8080   47.8940    0.0000    0.0000       0       0    1564     884    0.0000    0.2224   1
HRS       38.3180   47.0420    0.0000    0.0000       0       0    3621    2406    0.0000    0.2863   1
HSH       37.3050   47.2640    0.0000    0.0000       0       0    1195     752    0.0000    0.1924   1
LKRN      38.7100   48.7790    0.0000    0.0000       0       0    1180     774    0.0000    0.1545   1
LRK       38.6430   48.3400    0.0000    0.0000       0       0    1279     912    0.0000    0.1528   1
MAKU      39.3550   44.6830    0.0000    0.0000       0       0    1577     913    0.0000    0.2641   1
MRD       38.7130   45.7020    0.0000    0.0000       0       0    3652    1025    0.0000    0.3557   1
NAX       39.1740   45.4950    0.0000    0.0000       0       0    1224     901    0.0000    0.1974   1
ORD       38.9280   45.9940    0.0000    0.0000       0       0    1183     721    0.0000    0.2046   1
SAAT      39.8610   48.4230    0.0000    0.0000       0       0    1253     811    0.0000    0.1339   1
SBZ       39.3970   45.5530    0.0000    0.0000       0       0    1208     894    0.0000    0.1744   1
SHB       38.2830   45.6190    0.0000    0.0000       0       0    3667    1657    0.0000    0.3653   1
SRB       37.8250   47.6630    0.0000    0.0000       0       0    2954    1096    0.0000    0.3689   1
TABZ      38.0570   46.3270    0.0000    0.0000       0       0    1204     738    0.0000    0.2062   1
TAHR      38.4900   47.0510    0.0000    0.0000       0       0    1074     889    0.0000    0.1320   1
TBZ       38.2350   46.1500    0.0000    0.0000       0       0    3498    1295    0.0000    0.3814   1
TVRZ      38.5040   46.6680    0.0000    0.0000       0       0    1066     975    0.0000    0.1734   1
ZRD       40.2790   47.6840    0.0000    0.0000       0       0    1445     777    0.0000    0.1517   1
