ASTR      38.5600   48.7910    0.0000    0.0000       0       0    1287     710    0.0000    0.0851   1
AZR       37.6780   45.9840    0.0000    0.0000       0       0    2219     886    0.0000    0.1046   1
BRDA      40.2630   47.1790    0.0000    0.0000       0       0    1341     870    0.0000    0.0880   1
BST       37.7010   46.8890    0.0000    0.0000       0       0    2965    1248    0.0000    0.0930   1
FTB       38.0170   46.3940    0.0000    0.0000       0       0    1102     926    0.0000    0.1195   1
GANJ      40.6460   46.3220    0.0000    0.0000       0       0     698     386    0.0000    0.0836   1
GLBA      39.2420   48.3930    0.0000    0.0000       0       0    1298     776    0.0000    0.1365   1
GRMI      38.8080   47.8940    0.0000    0.0000       0       0    1593     831    0.0000    0.1091   1
HRS       38.3180   47.0420    0.0000    0.0000       0       0    3707    2316    0.0000    0.0754   1
HSH       37.3050   47.2640    0.0000    0.0000       0       0    1218     766    0.0000    0.0944   1
LKRN      38.7100   48.7790    0.0000    0.0000       0       0    1267     841    0.0000    0.0763   1
LRK       38.6430   48.3400    0.0000    0.0000       0       0    1208     883    0.0000    0.0802   1
MAKU      39.3550   44.6830    0.0000    0.0000       0       0    1606     889    0.0000    0.0792   1
MRD       38.7130   45.7020    0.0000    0.0000       0       0    3740    1223    0.0000    0.0812   1
NAX       39.1740   45.4950    0.0000    0.0000       0       0    1155     900    0.0000    0.1159   1
ORD       38.9280   45.9940    0.0000    0.0000       0       0    1320     741    0.0000    0.1115   1
SAAT      39.8610   48.4230    0.0000    0.0000       0       0    1370     851    0.0000    0.0798   1
SBZ       39.3970   45.5530    0.0000    0.0000       0       0    1299     696    0.0000    0.1129   1
SHB       38.2830   45.6190    0.0000    0.0000       0       0    3723    1512    0.0000    0.0877   1
SRB       37.8250   47.6630    0.0000    0.0000       0       0    3195    1131    0.0000    0.1240   1
TABZ      38.0570   46.3270    0.0000    0.0000       0       0    1215     748    0.0000    0.1074   1
TAHR      38.4900   47.0510    0.0000    0.0000       0       0    1074     862    0.0000    0.0914   1
TBZ       38.2350   46.1500    0.0000    0.0000       0       0    3590    1359    0.0000    0.0796   1
TVRZ      38.5040   46.6680    0.0000    0.0000       0       0    1259     989    0.0000    0.0995   1
ZRD       40.2790   47.6840    0.0000    0.0000       0       0    1187     846    0.0000    0.0765   1
